mode: set
github.com/tosin2013/dagger-autofix/cli.go:38.20,51.2 7 1
github.com/tosin2013/dagger-autofix/cli.go:54.31,56.2 1 0
github.com/tosin2013/dagger-autofix/cli.go:58.34,69.61 1 1
github.com/tosin2013/dagger-autofix/cli.go:69.61,72.4 2 0
github.com/tosin2013/dagger-autofix/cli.go:76.2,87.85 12 1
github.com/tosin2013/dagger-autofix/cli.go:90.31,184.2 15 1
github.com/tosin2013/dagger-autofix/cli.go:188.67,193.16 4 0
github.com/tosin2013/dagger-autofix/cli.go:193.16,195.3 1 0
github.com/tosin2013/dagger-autofix/cli.go:197.2,197.36 1 0
github.com/tosin2013/dagger-autofix/cli.go:200.67,203.16 3 0
github.com/tosin2013/dagger-autofix/cli.go:203.16,205.3 1 0
github.com/tosin2013/dagger-autofix/cli.go:207.2,211.16 4 0
github.com/tosin2013/dagger-autofix/cli.go:211.16,213.3 1 0
github.com/tosin2013/dagger-autofix/cli.go:215.2,216.16 2 0
github.com/tosin2013/dagger-autofix/cli.go:216.16,218.3 1 0
github.com/tosin2013/dagger-autofix/cli.go:220.2,221.12 2 0
github.com/tosin2013/dagger-autofix/cli.go:224.63,227.16 3 0
github.com/tosin2013/dagger-autofix/cli.go:227.16,229.3 1 0
github.com/tosin2013/dagger-autofix/cli.go:231.2,239.16 5 0
github.com/tosin2013/dagger-autofix/cli.go:239.16,241.3 1 0
github.com/tosin2013/dagger-autofix/cli.go:243.2,243.12 1 0
github.com/tosin2013/dagger-autofix/cli.go:243.12,246.17 2 0
github.com/tosin2013/dagger-autofix/cli.go:246.17,248.4 1 0
github.com/tosin2013/dagger-autofix/cli.go:250.3,251.17 2 0
github.com/tosin2013/dagger-autofix/cli.go:251.17,253.4 1 0
github.com/tosin2013/dagger-autofix/cli.go:255.3,257.13 3 0
github.com/tosin2013/dagger-autofix/cli.go:260.2,261.16 2 0
github.com/tosin2013/dagger-autofix/cli.go:261.16,263.3 1 0
github.com/tosin2013/dagger-autofix/cli.go:265.2,266.12 2 0
github.com/tosin2013/dagger-autofix/cli.go:269.68,275.16 5 0
github.com/tosin2013/dagger-autofix/cli.go:275.16,277.3 1 0
github.com/tosin2013/dagger-autofix/cli.go:279.2,280.16 2 0
github.com/tosin2013/dagger-autofix/cli.go:280.16,282.3 1 0
github.com/tosin2013/dagger-autofix/cli.go:284.2,285.12 2 0
github.com/tosin2013/dagger-autofix/cli.go:288.66,293.16 4 0
github.com/tosin2013/dagger-autofix/cli.go:293.16,295.3 1 0
github.com/tosin2013/dagger-autofix/cli.go:297.2,298.16 2 0
github.com/tosin2013/dagger-autofix/cli.go:298.16,300.3 1 0
github.com/tosin2013/dagger-autofix/cli.go:302.2,303.12 2 0
github.com/tosin2013/dagger-autofix/cli.go:306.70,311.2 3 0
github.com/tosin2013/dagger-autofix/cli.go:313.70,319.2 4 0
github.com/tosin2013/dagger-autofix/cli.go:321.74,326.16 4 0
github.com/tosin2013/dagger-autofix/cli.go:326.16,328.3 1 0
github.com/tosin2013/dagger-autofix/cli.go:330.2,331.12 2 0
github.com/tosin2013/dagger-autofix/cli.go:334.74,339.16 4 0
github.com/tosin2013/dagger-autofix/cli.go:339.16,341.3 1 0
github.com/tosin2013/dagger-autofix/cli.go:343.2,344.12 2 0
github.com/tosin2013/dagger-autofix/cli.go:347.67,356.16 6 0
github.com/tosin2013/dagger-autofix/cli.go:356.16,358.3 1 0
github.com/tosin2013/dagger-autofix/cli.go:361.2,367.16 3 0
github.com/tosin2013/dagger-autofix/cli.go:367.16,369.3 1 0
github.com/tosin2013/dagger-autofix/cli.go:371.2,376.12 2 0
github.com/tosin2013/dagger-autofix/cli.go:381.30,386.16 3 1
github.com/tosin2013/dagger-autofix/cli.go:386.16,388.3 1 1
github.com/tosin2013/dagger-autofix/cli.go:389.2,389.17 1 1
github.com/tosin2013/dagger-autofix/cli.go:389.17,391.3 1 1
github.com/tosin2013/dagger-autofix/cli.go:392.2,395.23 2 1
github.com/tosin2013/dagger-autofix/cli.go:396.14,397.49 1 1
github.com/tosin2013/dagger-autofix/cli.go:398.10,399.49 1 1
github.com/tosin2013/dagger-autofix/cli.go:403.35,405.22 2 0
github.com/tosin2013/dagger-autofix/cli.go:405.22,406.51 1 0
github.com/tosin2013/dagger-autofix/cli.go:406.51,408.4 1 0
github.com/tosin2013/dagger-autofix/cli.go:412.76,416.30 2 0
github.com/tosin2013/dagger-autofix/cli.go:416.30,418.3 1 0
github.com/tosin2013/dagger-autofix/cli.go:419.2,419.28 1 0
github.com/tosin2013/dagger-autofix/cli.go:419.28,421.3 1 0
github.com/tosin2013/dagger-autofix/cli.go:422.2,422.53 1 0
github.com/tosin2013/dagger-autofix/cli.go:422.53,424.3 1 0
github.com/tosin2013/dagger-autofix/cli.go:427.2,435.30 2 0
github.com/tosin2013/dagger-autofix/cli.go:438.63,457.2 14 1
github.com/tosin2013/dagger-autofix/cli.go:459.83,460.35 1 1
github.com/tosin2013/dagger-autofix/cli.go:460.35,463.3 2 0
github.com/tosin2013/dagger-autofix/cli.go:464.2,464.48 1 1
github.com/tosin2013/dagger-autofix/cli.go:464.48,466.3 1 1
github.com/tosin2013/dagger-autofix/cli.go:467.2,468.12 2 1
github.com/tosin2013/dagger-autofix/cli.go:471.77,472.35 1 1
github.com/tosin2013/dagger-autofix/cli.go:472.35,475.3 2 0
github.com/tosin2013/dagger-autofix/cli.go:476.2,476.48 1 1
github.com/tosin2013/dagger-autofix/cli.go:476.48,477.54 1 1
github.com/tosin2013/dagger-autofix/cli.go:477.54,479.4 1 1
github.com/tosin2013/dagger-autofix/cli.go:481.2,482.14 2 1
github.com/tosin2013/dagger-autofix/cli.go:482.14,484.3 1 1
github.com/tosin2013/dagger-autofix/cli.go:485.2,485.11 1 0
github.com/tosin2013/dagger-autofix/cli.go:488.79,489.35 1 1
github.com/tosin2013/dagger-autofix/cli.go:489.35,492.3 2 0
github.com/tosin2013/dagger-autofix/cli.go:493.2,493.48 1 1
github.com/tosin2013/dagger-autofix/cli.go:493.48,494.60 1 1
github.com/tosin2013/dagger-autofix/cli.go:494.60,496.4 1 1
github.com/tosin2013/dagger-autofix/cli.go:498.2,499.12 2 1
github.com/tosin2013/dagger-autofix/cli.go:502.58,531.16 3 1
github.com/tosin2013/dagger-autofix/cli.go:531.16,533.3 1 0
github.com/tosin2013/dagger-autofix/cli.go:534.2,537.16 3 1
github.com/tosin2013/dagger-autofix/cli.go:537.16,539.3 1 0
github.com/tosin2013/dagger-autofix/cli.go:541.2,542.12 2 1
github.com/tosin2013/dagger-autofix/cli.go:545.68,556.37 10 0
github.com/tosin2013/dagger-autofix/cli.go:556.37,558.47 2 0
github.com/tosin2013/dagger-autofix/cli.go:558.47,560.4 1 0
github.com/tosin2013/dagger-autofix/cli.go:563.2,563.37 1 0
github.com/tosin2013/dagger-autofix/cli.go:563.37,565.50 2 0
github.com/tosin2013/dagger-autofix/cli.go:565.50,567.4 1 0
github.com/tosin2013/dagger-autofix/cli.go:569.2,569.15 1 0
github.com/tosin2013/dagger-autofix/cli.go:572.57,574.28 2 0
github.com/tosin2013/dagger-autofix/cli.go:574.28,582.27 7 0
github.com/tosin2013/dagger-autofix/cli.go:582.27,584.39 2 0
github.com/tosin2013/dagger-autofix/cli.go:584.39,586.5 1 0
github.com/tosin2013/dagger-autofix/cli.go:589.3,589.25 1 0
github.com/tosin2013/dagger-autofix/cli.go:589.25,591.35 2 0
github.com/tosin2013/dagger-autofix/cli.go:591.35,593.5 1 0
github.com/tosin2013/dagger-autofix/cli.go:596.2,596.15 1 0
github.com/tosin2013/dagger-autofix/cli.go:599.57,604.31 4 0
github.com/tosin2013/dagger-autofix/cli.go:604.31,610.3 5 0
github.com/tosin2013/dagger-autofix/cli.go:612.2,612.23 1 0
github.com/tosin2013/dagger-autofix/cli.go:612.23,617.3 4 0
github.com/tosin2013/dagger-autofix/cli.go:618.2,618.15 1 0
github.com/tosin2013/dagger-autofix/cli.go:621.51,631.28 9 0
github.com/tosin2013/dagger-autofix/cli.go:631.28,633.37 2 0
github.com/tosin2013/dagger-autofix/cli.go:633.37,635.4 1 0
github.com/tosin2013/dagger-autofix/cli.go:637.2,637.15 1 0
github.com/tosin2013/dagger-autofix/cli.go:640.57,649.2 8 0
github.com/tosin2013/dagger-autofix/cli.go:651.46,665.2 13 1
github.com/tosin2013/dagger-autofix/cli.go:667.46,668.21 1 1
github.com/tosin2013/dagger-autofix/cli.go:668.21,670.3 1 1
github.com/tosin2013/dagger-autofix/cli.go:674.2,679.34 2 1
github.com/tosin2013/dagger-autofix/cli.go:679.34,680.34 1 1
github.com/tosin2013/dagger-autofix/cli.go:680.34,682.4 1 1
github.com/tosin2013/dagger-autofix/cli.go:687.2,688.64 2 1
github.com/tosin2013/dagger-autofix/cli.go:688.64,690.3 1 0
github.com/tosin2013/dagger-autofix/cli.go:691.2,691.57 1 1
github.com/tosin2013/dagger-autofix/cli.go:695.13,697.38 2 0
github.com/tosin2013/dagger-autofix/cli.go:697.38,699.3 1 0
github.com/tosin2013/dagger-autofix/failure_analysis.go:48.107,55.2 1 1
github.com/tosin2013/dagger-autofix/failure_analysis.go:58.128,80.16 7 1
github.com/tosin2013/dagger-autofix/failure_analysis.go:80.16,82.3 1 1
github.com/tosin2013/dagger-autofix/failure_analysis.go:85.2,86.16 2 1
github.com/tosin2013/dagger-autofix/failure_analysis.go:86.16,88.3 1 0
github.com/tosin2013/dagger-autofix/failure_analysis.go:91.2,99.52 5 1
github.com/tosin2013/dagger-autofix/failure_analysis.go:99.52,101.3 1 0
github.com/tosin2013/dagger-autofix/failure_analysis.go:101.8,103.3 1 1
github.com/tosin2013/dagger-autofix/failure_analysis.go:105.2,114.22 3 1
github.com/tosin2013/dagger-autofix/failure_analysis.go:118.125,134.16 5 1
github.com/tosin2013/dagger-autofix/failure_analysis.go:134.16,136.3 1 1
github.com/tosin2013/dagger-autofix/failure_analysis.go:139.2,140.16 2 1
github.com/tosin2013/dagger-autofix/failure_analysis.go:140.16,142.3 1 0
github.com/tosin2013/dagger-autofix/failure_analysis.go:145.2,145.28 1 1
github.com/tosin2013/dagger-autofix/failure_analysis.go:145.28,147.3 1 1
github.com/tosin2013/dagger-autofix/failure_analysis.go:149.2,154.19 2 1
github.com/tosin2013/dagger-autofix/failure_analysis.go:158.95,160.21 2 1
github.com/tosin2013/dagger-autofix/failure_analysis.go:160.21,163.3 2 1
github.com/tosin2013/dagger-autofix/failure_analysis.go:166.2,166.53 1 1
github.com/tosin2013/dagger-autofix/failure_analysis.go:166.53,167.92 1 1
github.com/tosin2013/dagger-autofix/failure_analysis.go:167.92,176.4 2 1
github.com/tosin2013/dagger-autofix/failure_analysis.go:180.2,186.3 1 1
github.com/tosin2013/dagger-autofix/failure_analysis.go:190.113,203.35 8 1
github.com/tosin2013/dagger-autofix/failure_analysis.go:203.35,205.3 1 1
github.com/tosin2013/dagger-autofix/failure_analysis.go:206.2,206.36 1 1
github.com/tosin2013/dagger-autofix/failure_analysis.go:206.36,208.3 1 1
github.com/tosin2013/dagger-autofix/failure_analysis.go:211.2,215.34 3 1
github.com/tosin2013/dagger-autofix/failure_analysis.go:215.34,217.44 2 1
github.com/tosin2013/dagger-autofix/failure_analysis.go:217.44,219.4 1 1
github.com/tosin2013/dagger-autofix/failure_analysis.go:220.3,220.32 1 1
github.com/tosin2013/dagger-autofix/failure_analysis.go:224.2,224.31 1 1
github.com/tosin2013/dagger-autofix/failure_analysis.go:224.31,227.29 3 1
github.com/tosin2013/dagger-autofix/failure_analysis.go:227.29,229.4 1 0
github.com/tosin2013/dagger-autofix/failure_analysis.go:230.3,231.34 2 1
github.com/tosin2013/dagger-autofix/failure_analysis.go:235.2,235.32 1 1
github.com/tosin2013/dagger-autofix/failure_analysis.go:235.32,237.44 2 1
github.com/tosin2013/dagger-autofix/failure_analysis.go:237.44,238.14 1 1
github.com/tosin2013/dagger-autofix/failure_analysis.go:238.14,239.10 1 0
github.com/tosin2013/dagger-autofix/failure_analysis.go:241.4,242.25 2 1
github.com/tosin2013/dagger-autofix/failure_analysis.go:242.25,244.5 1 0
github.com/tosin2013/dagger-autofix/failure_analysis.go:245.4,246.42 2 1
github.com/tosin2013/dagger-autofix/failure_analysis.go:246.42,248.5 1 1
github.com/tosin2013/dagger-autofix/failure_analysis.go:249.4,249.28 1 1
github.com/tosin2013/dagger-autofix/failure_analysis.go:253.2,262.24 9 1
github.com/tosin2013/dagger-autofix/failure_analysis.go:266.98,277.37 6 1
github.com/tosin2013/dagger-autofix/failure_analysis.go:277.37,279.47 2 1
github.com/tosin2013/dagger-autofix/failure_analysis.go:279.47,281.4 1 1
github.com/tosin2013/dagger-autofix/failure_analysis.go:282.3,282.27 1 1
github.com/tosin2013/dagger-autofix/failure_analysis.go:286.2,286.37 1 1
github.com/tosin2013/dagger-autofix/failure_analysis.go:286.37,288.50 2 1
github.com/tosin2013/dagger-autofix/failure_analysis.go:288.50,290.4 1 1
github.com/tosin2013/dagger-autofix/failure_analysis.go:291.3,291.27 1 1
github.com/tosin2013/dagger-autofix/failure_analysis.go:295.2,296.48 2 1
github.com/tosin2013/dagger-autofix/failure_analysis.go:296.48,298.3 1 1
github.com/tosin2013/dagger-autofix/failure_analysis.go:299.2,299.49 1 1
github.com/tosin2013/dagger-autofix/failure_analysis.go:299.49,301.3 1 1
github.com/tosin2013/dagger-autofix/failure_analysis.go:303.2,315.24 12 1
github.com/tosin2013/dagger-autofix/failure_analysis.go:319.123,324.38 3 1
github.com/tosin2013/dagger-autofix/failure_analysis.go:324.38,326.3 1 1
github.com/tosin2013/dagger-autofix/failure_analysis.go:328.2,330.69 3 1
github.com/tosin2013/dagger-autofix/failure_analysis.go:330.69,332.3 1 0
github.com/tosin2013/dagger-autofix/failure_analysis.go:335.2,337.56 2 1
github.com/tosin2013/dagger-autofix/failure_analysis.go:337.56,339.3 1 1
github.com/tosin2013/dagger-autofix/failure_analysis.go:340.2,340.59 1 1
github.com/tosin2013/dagger-autofix/failure_analysis.go:340.59,342.3 1 1
github.com/tosin2013/dagger-autofix/failure_analysis.go:345.2,345.76 1 1
github.com/tosin2013/dagger-autofix/failure_analysis.go:345.76,353.3 1 1
github.com/tosin2013/dagger-autofix/failure_analysis.go:356.2,356.63 1 1
github.com/tosin2013/dagger-autofix/failure_analysis.go:356.63,357.30 1 1
github.com/tosin2013/dagger-autofix/failure_analysis.go:357.30,358.40 1 1
github.com/tosin2013/dagger-autofix/failure_analysis.go:358.40,360.5 1 1
github.com/tosin2013/dagger-autofix/failure_analysis.go:365.2,365.66 1 1
github.com/tosin2013/dagger-autofix/failure_analysis.go:365.66,366.36 1 1
github.com/tosin2013/dagger-autofix/failure_analysis.go:366.36,367.62 1 1
github.com/tosin2013/dagger-autofix/failure_analysis.go:367.62,374.5 1 1
github.com/tosin2013/dagger-autofix/failure_analysis.go:378.2,378.22 1 1
github.com/tosin2013/dagger-autofix/failure_analysis.go:382.127,397.2 2 1
github.com/tosin2013/dagger-autofix/failure_analysis.go:400.125,405.38 3 1
github.com/tosin2013/dagger-autofix/failure_analysis.go:405.38,407.3 1 1
github.com/tosin2013/dagger-autofix/failure_analysis.go:409.2,411.69 3 1
github.com/tosin2013/dagger-autofix/failure_analysis.go:411.69,413.3 1 1
github.com/tosin2013/dagger-autofix/failure_analysis.go:415.2,416.33 2 1
github.com/tosin2013/dagger-autofix/failure_analysis.go:416.33,429.60 2 1
github.com/tosin2013/dagger-autofix/failure_analysis.go:429.60,430.35 1 1
github.com/tosin2013/dagger-autofix/failure_analysis.go:430.35,431.61 1 1
github.com/tosin2013/dagger-autofix/failure_analysis.go:431.61,439.6 1 1
github.com/tosin2013/dagger-autofix/failure_analysis.go:443.3,443.29 1 1
github.com/tosin2013/dagger-autofix/failure_analysis.go:446.2,446.19 1 1
github.com/tosin2013/dagger-autofix/failure_analysis.go:450.129,461.2 2 1
github.com/tosin2013/dagger-autofix/failure_analysis.go:464.119,466.75 1 1
github.com/tosin2013/dagger-autofix/failure_analysis.go:466.75,469.3 2 1
github.com/tosin2013/dagger-autofix/failure_analysis.go:473.103,496.18 2 1
github.com/tosin2013/dagger-autofix/failure_analysis.go:497.21,503.5 1 0
github.com/tosin2013/dagger-autofix/failure_analysis.go:504.19,510.5 1 0
github.com/tosin2013/dagger-autofix/failure_analysis.go:513.2,513.34 1 1
github.com/tosin2013/dagger-autofix/failure_analysis.go:518.83,519.39 1 1
github.com/tosin2013/dagger-autofix/failure_analysis.go:519.39,521.3 1 1
github.com/tosin2013/dagger-autofix/failure_analysis.go:522.2,522.21 1 1
github.com/tosin2013/dagger-autofix/failure_analysis.go:525.91,526.40 1 1
github.com/tosin2013/dagger-autofix/failure_analysis.go:526.40,528.3 1 1
github.com/tosin2013/dagger-autofix/failure_analysis.go:529.2,529.21 1 0
github.com/tosin2013/dagger-autofix/failure_analysis.go:532.76,533.46 1 1
github.com/tosin2013/dagger-autofix/failure_analysis.go:533.46,535.28 2 1
github.com/tosin2013/dagger-autofix/failure_analysis.go:535.28,536.36 1 1
github.com/tosin2013/dagger-autofix/failure_analysis.go:536.36,538.5 1 1
github.com/tosin2013/dagger-autofix/failure_analysis.go:540.3,540.16 1 1
github.com/tosin2013/dagger-autofix/failure_analysis.go:542.2,542.19 1 1
github.com/tosin2013/dagger-autofix/failure_analysis.go:546.48,601.2 1 1
github.com/tosin2013/dagger-autofix/failure_analysis.go:604.45,666.2 1 1
github.com/tosin2013/dagger-autofix/improvements.go:77.61,78.21 1 0
github.com/tosin2013/dagger-autofix/improvements.go:78.21,80.3 1 0
github.com/tosin2013/dagger-autofix/improvements.go:82.2,82.29 1 0
github.com/tosin2013/dagger-autofix/improvements.go:82.29,84.3 1 0
github.com/tosin2013/dagger-autofix/improvements.go:87.2,92.30 4 0
github.com/tosin2013/dagger-autofix/improvements.go:92.30,93.40 1 0
github.com/tosin2013/dagger-autofix/improvements.go:93.40,95.4 1 0
github.com/tosin2013/dagger-autofix/improvements.go:98.2,98.29 1 0
github.com/tosin2013/dagger-autofix/improvements.go:102.83,103.16 1 0
github.com/tosin2013/dagger-autofix/improvements.go:103.16,105.3 1 0
github.com/tosin2013/dagger-autofix/improvements.go:107.2,110.22 3 0
github.com/tosin2013/dagger-autofix/improvements.go:110.22,112.29 2 0
github.com/tosin2013/dagger-autofix/improvements.go:112.29,114.4 1 0
github.com/tosin2013/dagger-autofix/improvements.go:117.2,117.55 1 0
github.com/tosin2013/dagger-autofix/improvements.go:121.93,122.20 1 0
github.com/tosin2013/dagger-autofix/improvements.go:122.20,124.3 1 0
github.com/tosin2013/dagger-autofix/improvements.go:126.2,127.6 2 0
github.com/tosin2013/dagger-autofix/improvements.go:127.6,129.20 2 0
github.com/tosin2013/dagger-autofix/improvements.go:129.20,130.9 1 0
github.com/tosin2013/dagger-autofix/improvements.go:132.3,132.17 1 0
github.com/tosin2013/dagger-autofix/improvements.go:132.17,136.4 1 0
github.com/tosin2013/dagger-autofix/improvements.go:138.3,138.47 1 0
github.com/tosin2013/dagger-autofix/improvements.go:138.47,142.4 1 0
github.com/tosin2013/dagger-autofix/improvements.go:145.2,145.12 1 0
github.com/tosin2013/dagger-autofix/improvements.go:149.115,152.53 2 0
github.com/tosin2013/dagger-autofix/improvements.go:152.53,153.10 1 0
github.com/tosin2013/dagger-autofix/improvements.go:154.21,155.20 1 0
github.com/tosin2013/dagger-autofix/improvements.go:156.11,156.11 0 0
github.com/tosin2013/dagger-autofix/improvements.go:159.3,159.37 1 0
github.com/tosin2013/dagger-autofix/improvements.go:159.37,162.28 2 0
github.com/tosin2013/dagger-autofix/improvements.go:162.28,164.31 2 0
github.com/tosin2013/dagger-autofix/improvements.go:164.31,166.6 1 0
github.com/tosin2013/dagger-autofix/improvements.go:168.5,168.12 1 0
github.com/tosin2013/dagger-autofix/improvements.go:169.30,170.14 1 0
github.com/tosin2013/dagger-autofix/improvements.go:171.23,172.22 1 0
github.com/tosin2013/dagger-autofix/improvements.go:175.9,177.4 1 0
github.com/tosin2013/dagger-autofix/improvements.go:180.2,183.4 1 0
github.com/tosin2013/dagger-autofix/improvements.go:187.77,192.2 1 0
github.com/tosin2013/dagger-autofix/improvements.go:195.72,200.13 4 0
github.com/tosin2013/dagger-autofix/improvements.go:200.13,202.3 1 0
github.com/tosin2013/dagger-autofix/improvements.go:205.2,205.45 1 0
github.com/tosin2013/dagger-autofix/improvements.go:205.45,209.3 2 0
github.com/tosin2013/dagger-autofix/improvements.go:211.2,211.27 1 0
github.com/tosin2013/dagger-autofix/improvements.go:215.91,220.31 3 0
github.com/tosin2013/dagger-autofix/improvements.go:220.31,222.3 1 0
github.com/tosin2013/dagger-autofix/improvements.go:224.2,228.3 1 0
github.com/tosin2013/dagger-autofix/improvements.go:231.39,236.34 4 0
github.com/tosin2013/dagger-autofix/improvements.go:236.34,237.50 1 0
github.com/tosin2013/dagger-autofix/improvements.go:237.50,241.4 3 0
github.com/tosin2013/dagger-autofix/improvements.go:244.2,244.21 1 0
github.com/tosin2013/dagger-autofix/improvements.go:244.21,246.3 1 0
github.com/tosin2013/dagger-autofix/improvements.go:250.75,257.2 1 0
github.com/tosin2013/dagger-autofix/improvements.go:260.37,268.30 5 0
github.com/tosin2013/dagger-autofix/improvements.go:268.30,272.3 3 0
github.com/tosin2013/dagger-autofix/improvements.go:274.2,274.19 1 0
github.com/tosin2013/dagger-autofix/improvements.go:274.19,277.3 2 0
github.com/tosin2013/dagger-autofix/improvements.go:279.2,279.14 1 0
github.com/tosin2013/dagger-autofix/improvements.go:282.24,283.11 1 0
github.com/tosin2013/dagger-autofix/improvements.go:283.11,285.3 1 0
github.com/tosin2013/dagger-autofix/improvements.go:286.2,286.10 1 0
github.com/tosin2013/dagger-autofix/improvements.go:290.39,291.16 1 0
github.com/tosin2013/dagger-autofix/improvements.go:291.16,293.3 1 0
github.com/tosin2013/dagger-autofix/improvements.go:296.2,296.21 1 0
github.com/tosin2013/dagger-autofix/improvements.go:296.21,298.3 1 0
github.com/tosin2013/dagger-autofix/improvements.go:300.2,300.12 1 0
github.com/tosin2013/dagger-autofix/improvements.go:304.55,305.17 1 0
github.com/tosin2013/dagger-autofix/improvements.go:305.17,307.3 1 0
github.com/tosin2013/dagger-autofix/improvements.go:309.2,309.16 1 0
github.com/tosin2013/dagger-autofix/improvements.go:309.16,311.3 1 0
github.com/tosin2013/dagger-autofix/improvements.go:314.2,314.40 1 0
github.com/tosin2013/dagger-autofix/improvements.go:314.40,316.3 1 0
github.com/tosin2013/dagger-autofix/improvements.go:319.2,320.36 2 0
github.com/tosin2013/dagger-autofix/improvements.go:320.36,321.68 1 0
github.com/tosin2013/dagger-autofix/improvements.go:321.68,323.4 1 0
github.com/tosin2013/dagger-autofix/improvements.go:326.2,326.12 1 0
github.com/tosin2013/dagger-autofix/improvements.go:330.54,333.47 2 0
github.com/tosin2013/dagger-autofix/improvements.go:333.47,334.32 1 0
github.com/tosin2013/dagger-autofix/improvements.go:334.32,336.4 1 0
github.com/tosin2013/dagger-autofix/improvements.go:339.2,340.28 1 0
github.com/tosin2013/dagger-autofix/improvements.go:344.130,345.18 1 0
github.com/tosin2013/dagger-autofix/improvements.go:345.18,347.3 1 0
github.com/tosin2013/dagger-autofix/improvements.go:349.2,355.20 4 0
github.com/tosin2013/dagger-autofix/improvements.go:364.44,368.2 1 0
github.com/tosin2013/dagger-autofix/improvements.go:370.52,374.2 3 0
github.com/tosin2013/dagger-autofix/improvements.go:376.38,380.40 3 0
github.com/tosin2013/dagger-autofix/improvements.go:380.40,381.22 1 0
github.com/tosin2013/dagger-autofix/improvements.go:381.22,382.43 1 0
github.com/tosin2013/dagger-autofix/improvements.go:382.43,385.5 1 0
github.com/tosin2013/dagger-autofix/improvements.go:389.2,389.33 1 0
github.com/tosin2013/dagger-autofix/improvements.go:410.85,416.2 1 0
github.com/tosin2013/dagger-autofix/improvements.go:418.65,422.18 3 0
github.com/tosin2013/dagger-autofix/improvements.go:423.19,424.52 1 0
github.com/tosin2013/dagger-autofix/improvements.go:424.52,426.4 1 0
github.com/tosin2013/dagger-autofix/improvements.go:426.9,428.4 1 0
github.com/tosin2013/dagger-autofix/improvements.go:429.23,429.23 0 0
github.com/tosin2013/dagger-autofix/improvements.go:431.21,431.21 0 0
github.com/tosin2013/dagger-autofix/improvements.go:435.2,437.16 2 0
github.com/tosin2013/dagger-autofix/improvements.go:437.16,441.36 3 0
github.com/tosin2013/dagger-autofix/improvements.go:441.36,443.4 1 0
github.com/tosin2013/dagger-autofix/improvements.go:445.3,445.13 1 0
github.com/tosin2013/dagger-autofix/improvements.go:449.2,452.12 3 0
github.com/tosin2013/dagger-autofix/improvements.go:461.46,465.2 1 0
github.com/tosin2013/dagger-autofix/improvements.go:467.61,471.2 3 0
github.com/tosin2013/dagger-autofix/improvements.go:473.46,479.37 4 0
github.com/tosin2013/dagger-autofix/improvements.go:479.37,480.29 1 0
github.com/tosin2013/dagger-autofix/improvements.go:480.29,482.4 1 0
github.com/tosin2013/dagger-autofix/improvements.go:485.2,485.21 1 0
github.com/tosin2013/dagger-autofix/improvements.go:485.21,487.3 1 0
github.com/tosin2013/dagger-autofix/improvements.go:489.2,489.12 1 0
github.com/tosin2013/dagger-autofix/llm_client.go:95.105,100.15 3 1
github.com/tosin2013/dagger-autofix/llm_client.go:100.15,101.31 1 1
github.com/tosin2013/dagger-autofix/llm_client.go:101.31,105.4 2 1
github.com/tosin2013/dagger-autofix/llm_client.go:108.2,109.16 2 1
github.com/tosin2013/dagger-autofix/llm_client.go:109.16,111.3 1 0
github.com/tosin2013/dagger-autofix/llm_client.go:114.2,114.18 1 0
github.com/tosin2013/dagger-autofix/llm_client.go:115.14,116.40 1 0
github.com/tosin2013/dagger-autofix/llm_client.go:116.40,118.4 1 0
github.com/tosin2013/dagger-autofix/llm_client.go:121.2,136.51 4 0
github.com/tosin2013/dagger-autofix/llm_client.go:136.51,138.3 1 0
github.com/tosin2013/dagger-autofix/llm_client.go:140.2,140.20 1 0
github.com/tosin2013/dagger-autofix/llm_client.go:144.90,146.15 2 1
github.com/tosin2013/dagger-autofix/llm_client.go:146.15,152.3 1 1
github.com/tosin2013/dagger-autofix/llm_client.go:154.2,154.20 1 1
github.com/tosin2013/dagger-autofix/llm_client.go:155.14,156.36 1 1
github.com/tosin2013/dagger-autofix/llm_client.go:157.17,158.39 1 1
github.com/tosin2013/dagger-autofix/llm_client.go:159.14,160.36 1 1
github.com/tosin2013/dagger-autofix/llm_client.go:161.16,162.38 1 1
github.com/tosin2013/dagger-autofix/llm_client.go:163.15,164.37 1 1
github.com/tosin2013/dagger-autofix/llm_client.go:165.10,166.65 1 1
github.com/tosin2013/dagger-autofix/llm_client.go:171.56,174.2 2 1
github.com/tosin2013/dagger-autofix/llm_client.go:177.62,180.2 2 1
github.com/tosin2013/dagger-autofix/llm_client.go:183.58,186.2 2 1
github.com/tosin2013/dagger-autofix/llm_client.go:190.96,192.17 2 1
github.com/tosin2013/dagger-autofix/llm_client.go:192.17,194.3 1 1
github.com/tosin2013/dagger-autofix/llm_client.go:196.2,213.28 2 1
github.com/tosin2013/dagger-autofix/llm_client.go:213.28,215.38 2 1
github.com/tosin2013/dagger-autofix/llm_client.go:215.38,224.4 1 1
github.com/tosin2013/dagger-autofix/llm_client.go:225.3,226.34 2 1
github.com/tosin2013/dagger-autofix/llm_client.go:229.2,230.16 2 1
github.com/tosin2013/dagger-autofix/llm_client.go:230.16,232.3 1 1
github.com/tosin2013/dagger-autofix/llm_client.go:234.2,234.36 1 1
github.com/tosin2013/dagger-autofix/llm_client.go:237.99,239.17 2 1
github.com/tosin2013/dagger-autofix/llm_client.go:239.17,241.3 1 0
github.com/tosin2013/dagger-autofix/llm_client.go:243.2,255.29 2 1
github.com/tosin2013/dagger-autofix/llm_client.go:255.29,257.3 1 1
github.com/tosin2013/dagger-autofix/llm_client.go:259.2,260.16 2 1
github.com/tosin2013/dagger-autofix/llm_client.go:260.16,262.3 1 0
github.com/tosin2013/dagger-autofix/llm_client.go:264.2,264.39 1 1
github.com/tosin2013/dagger-autofix/llm_client.go:267.96,269.17 2 1
github.com/tosin2013/dagger-autofix/llm_client.go:269.17,271.3 1 0
github.com/tosin2013/dagger-autofix/llm_client.go:273.2,289.29 2 1
github.com/tosin2013/dagger-autofix/llm_client.go:289.29,297.3 1 1
github.com/tosin2013/dagger-autofix/llm_client.go:299.2,301.16 3 1
github.com/tosin2013/dagger-autofix/llm_client.go:301.16,303.3 1 0
github.com/tosin2013/dagger-autofix/llm_client.go:305.2,305.36 1 1
github.com/tosin2013/dagger-autofix/llm_client.go:308.98,311.2 1 1
github.com/tosin2013/dagger-autofix/llm_client.go:313.97,316.2 1 1
github.com/tosin2013/dagger-autofix/llm_client.go:320.128,322.16 2 1
github.com/tosin2013/dagger-autofix/llm_client.go:322.16,324.3 1 1
github.com/tosin2013/dagger-autofix/llm_client.go:326.2,326.62 1 1
github.com/tosin2013/dagger-autofix/llm_client.go:326.62,328.17 2 1
github.com/tosin2013/dagger-autofix/llm_client.go:328.17,330.4 1 0
github.com/tosin2013/dagger-autofix/llm_client.go:333.3,333.21 1 1
github.com/tosin2013/dagger-autofix/llm_client.go:334.34,336.54 2 1
github.com/tosin2013/dagger-autofix/llm_client.go:337.18,340.53 3 1
github.com/tosin2013/dagger-autofix/llm_client.go:341.15,346.46 5 1
github.com/tosin2013/dagger-autofix/llm_client.go:349.3,350.17 2 1
github.com/tosin2013/dagger-autofix/llm_client.go:350.17,352.4 1 1
github.com/tosin2013/dagger-autofix/llm_client.go:354.3,356.17 3 1
github.com/tosin2013/dagger-autofix/llm_client.go:356.17,358.4 1 0
github.com/tosin2013/dagger-autofix/llm_client.go:360.3,360.62 1 1
github.com/tosin2013/dagger-autofix/llm_client.go:360.62,363.12 2 1
github.com/tosin2013/dagger-autofix/llm_client.go:365.3,365.29 1 1
github.com/tosin2013/dagger-autofix/llm_client.go:365.29,367.4 1 1
github.com/tosin2013/dagger-autofix/llm_client.go:369.3,370.59 2 1
github.com/tosin2013/dagger-autofix/llm_client.go:370.59,372.4 1 0
github.com/tosin2013/dagger-autofix/llm_client.go:373.3,373.21 1 1
github.com/tosin2013/dagger-autofix/llm_client.go:376.2,376.56 1 0
github.com/tosin2013/dagger-autofix/llm_client.go:379.92,381.30 2 1
github.com/tosin2013/dagger-autofix/llm_client.go:381.30,383.3 1 1
github.com/tosin2013/dagger-autofix/llm_client.go:385.2,389.57 4 1
github.com/tosin2013/dagger-autofix/llm_client.go:389.57,391.3 1 1
github.com/tosin2013/dagger-autofix/llm_client.go:393.2,401.61 2 1
github.com/tosin2013/dagger-autofix/llm_client.go:401.61,407.3 1 1
github.com/tosin2013/dagger-autofix/llm_client.go:410.2,410.64 1 1
github.com/tosin2013/dagger-autofix/llm_client.go:410.64,411.32 1 1
github.com/tosin2013/dagger-autofix/llm_client.go:411.32,416.57 4 1
github.com/tosin2013/dagger-autofix/llm_client.go:416.57,417.66 1 1
github.com/tosin2013/dagger-autofix/llm_client.go:417.66,419.14 1 0
github.com/tosin2013/dagger-autofix/llm_client.go:423.4,427.6 1 1
github.com/tosin2013/dagger-autofix/llm_client.go:431.2,431.22 1 1
github.com/tosin2013/dagger-autofix/llm_client.go:434.95,436.30 2 1
github.com/tosin2013/dagger-autofix/llm_client.go:436.30,438.3 1 1
github.com/tosin2013/dagger-autofix/llm_client.go:440.2,451.61 4 1
github.com/tosin2013/dagger-autofix/llm_client.go:451.61,457.3 2 1
github.com/tosin2013/dagger-autofix/llm_client.go:459.2,459.22 1 1
github.com/tosin2013/dagger-autofix/llm_client.go:462.92,464.33 2 1
github.com/tosin2013/dagger-autofix/llm_client.go:464.33,466.3 1 0
github.com/tosin2013/dagger-autofix/llm_client.go:468.2,469.9 2 1
github.com/tosin2013/dagger-autofix/llm_client.go:469.9,471.3 1 0
github.com/tosin2013/dagger-autofix/llm_client.go:472.2,473.9 2 1
github.com/tosin2013/dagger-autofix/llm_client.go:473.9,475.3 1 0
github.com/tosin2013/dagger-autofix/llm_client.go:476.2,477.28 2 1
github.com/tosin2013/dagger-autofix/llm_client.go:477.28,479.3 1 1
github.com/tosin2013/dagger-autofix/llm_client.go:480.2,481.9 2 1
github.com/tosin2013/dagger-autofix/llm_client.go:481.9,483.3 1 0
github.com/tosin2013/dagger-autofix/llm_client.go:484.2,487.54 3 1
github.com/tosin2013/dagger-autofix/llm_client.go:487.54,489.3 1 1
github.com/tosin2013/dagger-autofix/llm_client.go:491.2,498.22 2 1
github.com/tosin2013/dagger-autofix/llm_client.go:501.63,510.2 3 1
github.com/tosin2013/dagger-autofix/llm_client.go:512.56,513.18 1 1
github.com/tosin2013/dagger-autofix/llm_client.go:514.14,521.4 1 1
github.com/tosin2013/dagger-autofix/llm_client.go:522.17,529.4 1 1
github.com/tosin2013/dagger-autofix/llm_client.go:530.14,537.4 1 1
github.com/tosin2013/dagger-autofix/llm_client.go:538.16,545.4 1 1
github.com/tosin2013/dagger-autofix/llm_client.go:546.15,553.4 1 1
github.com/tosin2013/dagger-autofix/llm_client.go:554.10,561.4 1 1
github.com/tosin2013/dagger-autofix/llm_client.go:565.54,566.18 1 1
github.com/tosin2013/dagger-autofix/llm_client.go:567.14,568.34 1 1
github.com/tosin2013/dagger-autofix/llm_client.go:569.17,570.37 1 1
github.com/tosin2013/dagger-autofix/llm_client.go:571.14,572.53 1 1
github.com/tosin2013/dagger-autofix/llm_client.go:573.16,574.36 1 1
github.com/tosin2013/dagger-autofix/llm_client.go:575.15,576.33 1 1
github.com/tosin2013/dagger-autofix/llm_client.go:577.10,578.34 1 0
github.com/tosin2013/dagger-autofix/main.go:40.54,46.41 5 1
github.com/tosin2013/dagger-autofix/main.go:46.41,48.3 1 0
github.com/tosin2013/dagger-autofix/main.go:48.8,48.23 1 1
github.com/tosin2013/dagger-autofix/main.go:48.23,51.3 1 0
github.com/tosin2013/dagger-autofix/main.go:53.2,59.3 1 1
github.com/tosin2013/dagger-autofix/main.go:63.77,66.2 2 1
github.com/tosin2013/dagger-autofix/main.go:69.78,72.2 2 1
github.com/tosin2013/dagger-autofix/main.go:75.96,79.2 3 1
github.com/tosin2013/dagger-autofix/main.go:82.75,86.2 3 1
github.com/tosin2013/dagger-autofix/main.go:89.72,92.2 2 1
github.com/tosin2013/dagger-autofix/main.go:95.70,98.2 2 1
github.com/tosin2013/dagger-autofix/main.go:101.81,102.50 1 1
github.com/tosin2013/dagger-autofix/main.go:102.50,104.3 1 1
github.com/tosin2013/dagger-autofix/main.go:107.2,108.16 2 1
github.com/tosin2013/dagger-autofix/main.go:108.16,110.3 1 0
github.com/tosin2013/dagger-autofix/main.go:111.2,115.16 3 1
github.com/tosin2013/dagger-autofix/main.go:115.16,117.3 1 0
github.com/tosin2013/dagger-autofix/main.go:118.2,130.15 6 1
github.com/tosin2013/dagger-autofix/main.go:134.69,135.27 1 1
github.com/tosin2013/dagger-autofix/main.go:135.27,137.3 1 1
github.com/tosin2013/dagger-autofix/main.go:139.2,144.6 4 1
github.com/tosin2013/dagger-autofix/main.go:144.6,145.10 1 1
github.com/tosin2013/dagger-autofix/main.go:146.21,148.20 2 1
github.com/tosin2013/dagger-autofix/main.go:149.19,150.50 1 0
github.com/tosin2013/dagger-autofix/main.go:150.50,152.5 1 0
github.com/tosin2013/dagger-autofix/main.go:158.106,159.28 1 1
github.com/tosin2013/dagger-autofix/main.go:159.28,161.3 1 1
github.com/tosin2013/dagger-autofix/main.go:163.2,167.16 3 1
github.com/tosin2013/dagger-autofix/main.go:167.16,169.3 1 0
github.com/tosin2013/dagger-autofix/main.go:172.2,173.16 2 0
github.com/tosin2013/dagger-autofix/main.go:173.16,175.3 1 0
github.com/tosin2013/dagger-autofix/main.go:178.2,186.16 2 0
github.com/tosin2013/dagger-autofix/main.go:186.16,188.3 1 0
github.com/tosin2013/dagger-autofix/main.go:190.2,195.22 2 0
github.com/tosin2013/dagger-autofix/main.go:199.91,200.46 1 1
github.com/tosin2013/dagger-autofix/main.go:200.46,202.3 1 1
github.com/tosin2013/dagger-autofix/main.go:204.2,208.16 3 1
github.com/tosin2013/dagger-autofix/main.go:208.16,210.3 1 0
github.com/tosin2013/dagger-autofix/main.go:213.2,214.16 2 0
github.com/tosin2013/dagger-autofix/main.go:214.16,216.3 1 0
github.com/tosin2013/dagger-autofix/main.go:219.2,220.28 2 0
github.com/tosin2013/dagger-autofix/main.go:220.28,222.17 2 0
github.com/tosin2013/dagger-autofix/main.go:222.17,224.12 2 0
github.com/tosin2013/dagger-autofix/main.go:226.3,226.60 1 0
github.com/tosin2013/dagger-autofix/main.go:229.2,229.33 1 0
github.com/tosin2013/dagger-autofix/main.go:229.33,231.3 1 0
github.com/tosin2013/dagger-autofix/main.go:234.2,238.16 3 0
github.com/tosin2013/dagger-autofix/main.go:238.16,240.3 1 0
github.com/tosin2013/dagger-autofix/main.go:242.2,254.20 3 0
github.com/tosin2013/dagger-autofix/main.go:258.106,259.25 1 1
github.com/tosin2013/dagger-autofix/main.go:259.25,261.3 1 1
github.com/tosin2013/dagger-autofix/main.go:263.2,268.16 4 1
github.com/tosin2013/dagger-autofix/main.go:268.16,270.3 1 0
github.com/tosin2013/dagger-autofix/main.go:271.2,275.16 3 0
github.com/tosin2013/dagger-autofix/main.go:275.16,277.3 1 0
github.com/tosin2013/dagger-autofix/main.go:279.2,292.24 3 0
github.com/tosin2013/dagger-autofix/main.go:296.86,297.34 1 1
github.com/tosin2013/dagger-autofix/main.go:297.34,299.3 1 1
github.com/tosin2013/dagger-autofix/main.go:300.2,300.27 1 1
github.com/tosin2013/dagger-autofix/main.go:300.27,302.3 1 1
github.com/tosin2013/dagger-autofix/main.go:303.2,309.8 1 1
github.com/tosin2013/dagger-autofix/main.go:313.61,315.15 1 1
github.com/tosin2013/dagger-autofix/main.go:315.15,316.31 1 1
github.com/tosin2013/dagger-autofix/main.go:316.31,320.4 1 1
github.com/tosin2013/dagger-autofix/main.go:325.2,333.18 2 1
github.com/tosin2013/dagger-autofix/main.go:338.55,339.26 1 1
github.com/tosin2013/dagger-autofix/main.go:339.26,341.3 1 1
github.com/tosin2013/dagger-autofix/main.go:342.2,342.43 1 1
github.com/tosin2013/dagger-autofix/main.go:342.43,344.3 1 1
github.com/tosin2013/dagger-autofix/main.go:345.2,345.24 1 1
github.com/tosin2013/dagger-autofix/main.go:345.24,347.3 1 1
github.com/tosin2013/dagger-autofix/main.go:348.2,348.12 1 1
github.com/tosin2013/dagger-autofix/main.go:351.51,352.75 1 1
github.com/tosin2013/dagger-autofix/main.go:352.75,354.3 1 1
github.com/tosin2013/dagger-autofix/main.go:355.2,355.12 1 1
github.com/tosin2013/dagger-autofix/main.go:358.69,360.16 2 0
github.com/tosin2013/dagger-autofix/main.go:360.16,362.3 1 0
github.com/tosin2013/dagger-autofix/main.go:364.2,364.33 1 0
github.com/tosin2013/dagger-autofix/main.go:364.33,365.31 1 0
github.com/tosin2013/dagger-autofix/main.go:365.31,366.12 1 0
github.com/tosin2013/dagger-autofix/main.go:369.3,369.24 1 0
github.com/tosin2013/dagger-autofix/main.go:369.24,370.51 1 0
github.com/tosin2013/dagger-autofix/main.go:370.51,372.5 1 0
github.com/tosin2013/dagger-autofix/main.go:376.2,376.12 1 0
github.com/tosin2013/dagger-autofix/main.go:379.65,384.2 1 1
github.com/tosin2013/dagger-autofix/main.go:386.96,388.41 2 1
github.com/tosin2013/dagger-autofix/main.go:388.41,389.24 1 1
github.com/tosin2013/dagger-autofix/main.go:389.24,390.12 1 0
github.com/tosin2013/dagger-autofix/main.go:392.3,392.69 1 1
github.com/tosin2013/dagger-autofix/main.go:392.69,394.4 1 1
github.com/tosin2013/dagger-autofix/main.go:396.2,396.13 1 1
github.com/tosin2013/dagger-autofix/pull_request_engine.go:46.102,52.2 1 1
github.com/tosin2013/dagger-autofix/pull_request_engine.go:55.143,56.16 1 0
github.com/tosin2013/dagger-autofix/pull_request_engine.go:56.16,58.3 1 0
github.com/tosin2013/dagger-autofix/pull_request_engine.go:60.2,69.73 3 0
github.com/tosin2013/dagger-autofix/pull_request_engine.go:69.73,71.3 1 0
github.com/tosin2013/dagger-autofix/pull_request_engine.go:74.2,79.16 4 0
github.com/tosin2013/dagger-autofix/pull_request_engine.go:79.16,81.3 1 0
github.com/tosin2013/dagger-autofix/pull_request_engine.go:84.2,84.64 1 0
github.com/tosin2013/dagger-autofix/pull_request_engine.go:84.64,86.3 1 0
github.com/tosin2013/dagger-autofix/pull_request_engine.go:88.2,94.16 2 0
github.com/tosin2013/dagger-autofix/pull_request_engine.go:98.148,103.16 3 0
github.com/tosin2013/dagger-autofix/pull_request_engine.go:103.16,105.3 1 0
github.com/tosin2013/dagger-autofix/pull_request_engine.go:107.2,112.16 2 0
github.com/tosin2013/dagger-autofix/pull_request_engine.go:116.123,121.16 3 0
github.com/tosin2013/dagger-autofix/pull_request_engine.go:121.16,123.3 1 0
github.com/tosin2013/dagger-autofix/pull_request_engine.go:126.2,132.16 3 0
github.com/tosin2013/dagger-autofix/pull_request_engine.go:132.16,134.3 1 0
github.com/tosin2013/dagger-autofix/pull_request_engine.go:137.2,137.29 1 0
github.com/tosin2013/dagger-autofix/pull_request_engine.go:137.29,138.164 1 0
github.com/tosin2013/dagger-autofix/pull_request_engine.go:138.164,140.4 1 0
github.com/tosin2013/dagger-autofix/pull_request_engine.go:143.2,154.8 1 0
github.com/tosin2013/dagger-autofix/pull_request_engine.go:158.93,171.16 5 0
github.com/tosin2013/dagger-autofix/pull_request_engine.go:171.16,173.3 1 0
github.com/tosin2013/dagger-autofix/pull_request_engine.go:176.2,180.148 2 0
github.com/tosin2013/dagger-autofix/pull_request_engine.go:180.148,182.3 1 0
github.com/tosin2013/dagger-autofix/pull_request_engine.go:184.2,184.12 1 0
github.com/tosin2013/dagger-autofix/pull_request_engine.go:188.98,190.16 2 0
github.com/tosin2013/dagger-autofix/pull_request_engine.go:190.16,192.3 1 0
github.com/tosin2013/dagger-autofix/pull_request_engine.go:195.2,196.16 2 0
github.com/tosin2013/dagger-autofix/pull_request_engine.go:196.16,198.3 1 0
github.com/tosin2013/dagger-autofix/pull_request_engine.go:200.2,201.31 2 0
github.com/tosin2013/dagger-autofix/pull_request_engine.go:201.31,203.3 1 0
github.com/tosin2013/dagger-autofix/pull_request_engine.go:205.2,216.8 1 0
github.com/tosin2013/dagger-autofix/pull_request_engine.go:221.106,225.2 3 1
github.com/tosin2013/dagger-autofix/pull_request_engine.go:227.110,232.16 3 0
github.com/tosin2013/dagger-autofix/pull_request_engine.go:232.16,234.3 1 0
github.com/tosin2013/dagger-autofix/pull_request_engine.go:237.2,245.16 3 0
github.com/tosin2013/dagger-autofix/pull_request_engine.go:245.16,247.3 1 0
github.com/tosin2013/dagger-autofix/pull_request_engine.go:250.2,250.33 1 0
github.com/tosin2013/dagger-autofix/pull_request_engine.go:250.33,251.64 1 0
github.com/tosin2013/dagger-autofix/pull_request_engine.go:251.64,254.4 1 0
github.com/tosin2013/dagger-autofix/pull_request_engine.go:257.2,257.12 1 0
github.com/tosin2013/dagger-autofix/pull_request_engine.go:260.102,267.26 2 0
github.com/tosin2013/dagger-autofix/pull_request_engine.go:268.13,269.43 1 0
github.com/tosin2013/dagger-autofix/pull_request_engine.go:270.16,271.43 1 0
github.com/tosin2013/dagger-autofix/pull_request_engine.go:272.16,273.43 1 0
github.com/tosin2013/dagger-autofix/pull_request_engine.go:274.10,275.63 1 0
github.com/tosin2013/dagger-autofix/pull_request_engine.go:279.101,288.2 3 0
github.com/tosin2013/dagger-autofix/pull_request_engine.go:290.101,295.16 2 0
github.com/tosin2013/dagger-autofix/pull_request_engine.go:295.16,297.3 1 0
github.com/tosin2013/dagger-autofix/pull_request_engine.go:299.2,307.12 3 0
github.com/tosin2013/dagger-autofix/pull_request_engine.go:310.101,315.16 2 0
github.com/tosin2013/dagger-autofix/pull_request_engine.go:315.16,317.3 1 0
github.com/tosin2013/dagger-autofix/pull_request_engine.go:319.2,326.12 3 0
github.com/tosin2013/dagger-autofix/pull_request_engine.go:329.125,348.2 4 0
github.com/tosin2013/dagger-autofix/pull_request_engine.go:350.103,356.2 4 1
github.com/tosin2013/dagger-autofix/pull_request_engine.go:358.110,372.32 10 0
github.com/tosin2013/dagger-autofix/pull_request_engine.go:372.32,374.3 1 0
github.com/tosin2013/dagger-autofix/pull_request_engine.go:377.2,382.29 5 0
github.com/tosin2013/dagger-autofix/pull_request_engine.go:382.29,384.3 1 0
github.com/tosin2013/dagger-autofix/pull_request_engine.go:387.2,387.30 1 0
github.com/tosin2013/dagger-autofix/pull_request_engine.go:387.30,389.42 2 0
github.com/tosin2013/dagger-autofix/pull_request_engine.go:389.42,392.4 2 0
github.com/tosin2013/dagger-autofix/pull_request_engine.go:393.3,393.25 1 0
github.com/tosin2013/dagger-autofix/pull_request_engine.go:397.2,403.28 5 0
github.com/tosin2013/dagger-autofix/pull_request_engine.go:403.28,405.38 2 0
github.com/tosin2013/dagger-autofix/pull_request_engine.go:405.38,407.4 1 0
github.com/tosin2013/dagger-autofix/pull_request_engine.go:408.3,408.25 1 0
github.com/tosin2013/dagger-autofix/pull_request_engine.go:411.2,411.31 1 0
github.com/tosin2013/dagger-autofix/pull_request_engine.go:411.31,413.44 2 0
github.com/tosin2013/dagger-autofix/pull_request_engine.go:413.44,415.4 1 0
github.com/tosin2013/dagger-autofix/pull_request_engine.go:416.3,416.25 1 0
github.com/tosin2013/dagger-autofix/pull_request_engine.go:420.2,429.22 8 0
github.com/tosin2013/dagger-autofix/pull_request_engine.go:432.106,441.42 2 1
github.com/tosin2013/dagger-autofix/pull_request_engine.go:442.16,443.47 1 0
github.com/tosin2013/dagger-autofix/pull_request_engine.go:444.12,445.43 1 1
github.com/tosin2013/dagger-autofix/pull_request_engine.go:446.14,447.45 1 0
github.com/tosin2013/dagger-autofix/pull_request_engine.go:448.11,449.42 1 0
github.com/tosin2013/dagger-autofix/pull_request_engine.go:453.2,453.26 1 1
github.com/tosin2013/dagger-autofix/pull_request_engine.go:453.26,455.3 1 1
github.com/tosin2013/dagger-autofix/pull_request_engine.go:455.8,455.33 1 0
github.com/tosin2013/dagger-autofix/pull_request_engine.go:455.33,457.3 1 0
github.com/tosin2013/dagger-autofix/pull_request_engine.go:457.8,459.3 1 0
github.com/tosin2013/dagger-autofix/pull_request_engine.go:461.2,461.15 1 1
github.com/tosin2013/dagger-autofix/pull_request_engine.go:464.118,474.16 3 0
github.com/tosin2013/dagger-autofix/pull_request_engine.go:474.16,476.3 1 0
github.com/tosin2013/dagger-autofix/pull_request_engine.go:479.2,479.29 1 0
github.com/tosin2013/dagger-autofix/pull_request_engine.go:479.29,480.165 1 0
github.com/tosin2013/dagger-autofix/pull_request_engine.go:480.165,482.4 1 0
github.com/tosin2013/dagger-autofix/pull_request_engine.go:486.2,486.32 1 0
github.com/tosin2013/dagger-autofix/pull_request_engine.go:486.32,490.173 2 0
github.com/tosin2013/dagger-autofix/pull_request_engine.go:490.173,492.4 1 0
github.com/tosin2013/dagger-autofix/pull_request_engine.go:496.2,496.32 1 0
github.com/tosin2013/dagger-autofix/pull_request_engine.go:496.32,497.164 1 0
github.com/tosin2013/dagger-autofix/pull_request_engine.go:497.164,499.4 1 0
github.com/tosin2013/dagger-autofix/pull_request_engine.go:502.2,513.8 1 0
github.com/tosin2013/dagger-autofix/pull_request_engine.go:516.146,550.2 4 0
github.com/tosin2013/dagger-autofix/pull_request_engine.go:554.33,555.7 1 1
github.com/tosin2013/dagger-autofix/pull_request_engine.go:555.7,557.3 1 1
github.com/tosin2013/dagger-autofix/pull_request_engine.go:558.2,558.14 1 1
github.com/tosin2013/dagger-autofix/pull_request_engine.go:561.50,562.22 1 0
github.com/tosin2013/dagger-autofix/pull_request_engine.go:562.22,564.3 1 0
github.com/tosin2013/dagger-autofix/pull_request_engine.go:565.2,565.27 1 0
github.com/tosin2013/dagger-autofix/pull_request_engine.go:568.37,587.2 1 1
github.com/tosin2013/dagger-autofix/test_engine.go:53.72,60.2 1 1
github.com/tosin2013/dagger-autofix/test_engine.go:63.101,73.16 4 0
github.com/tosin2013/dagger-autofix/test_engine.go:73.16,75.3 1 0
github.com/tosin2013/dagger-autofix/test_engine.go:78.2,79.16 2 0
github.com/tosin2013/dagger-autofix/test_engine.go:79.16,81.3 1 0
github.com/tosin2013/dagger-autofix/test_engine.go:83.2,87.16 3 0
github.com/tosin2013/dagger-autofix/test_engine.go:87.16,89.3 1 0
github.com/tosin2013/dagger-autofix/test_engine.go:92.2,93.16 2 0
github.com/tosin2013/dagger-autofix/test_engine.go:93.16,105.3 1 0
github.com/tosin2013/dagger-autofix/test_engine.go:108.2,109.16 2 0
github.com/tosin2013/dagger-autofix/test_engine.go:109.16,122.3 1 0
github.com/tosin2013/dagger-autofix/test_engine.go:125.2,126.16 2 0
github.com/tosin2013/dagger-autofix/test_engine.go:126.16,129.3 2 0
github.com/tosin2013/dagger-autofix/test_engine.go:132.2,152.26 3 0
github.com/tosin2013/dagger-autofix/test_engine.go:152.26,154.3 1 0
github.com/tosin2013/dagger-autofix/test_engine.go:156.2,156.54 1 0
github.com/tosin2013/dagger-autofix/test_engine.go:156.54,158.3 1 0
github.com/tosin2013/dagger-autofix/test_engine.go:160.2,168.20 2 0
github.com/tosin2013/dagger-autofix/test_engine.go:172.96,173.48 1 1
github.com/tosin2013/dagger-autofix/test_engine.go:173.48,175.3 1 1
github.com/tosin2013/dagger-autofix/test_engine.go:176.2,176.12 1 1
github.com/tosin2013/dagger-autofix/test_engine.go:180.132,186.18 3 1
github.com/tosin2013/dagger-autofix/test_engine.go:187.15,188.66 1 1
github.com/tosin2013/dagger-autofix/test_engine.go:189.21,190.69 1 0
github.com/tosin2013/dagger-autofix/test_engine.go:191.24,192.72 1 0
github.com/tosin2013/dagger-autofix/test_engine.go:193.15,194.66 1 0
github.com/tosin2013/dagger-autofix/test_engine.go:198.2,205.19 3 1
github.com/tosin2013/dagger-autofix/test_engine.go:210.118,222.2 3 0
github.com/tosin2013/dagger-autofix/test_engine.go:224.112,228.29 2 0
github.com/tosin2013/dagger-autofix/test_engine.go:228.29,230.17 2 0
github.com/tosin2013/dagger-autofix/test_engine.go:230.17,232.4 1 0
github.com/tosin2013/dagger-autofix/test_engine.go:236.2,236.41 1 0
github.com/tosin2013/dagger-autofix/test_engine.go:239.73,240.20 1 1
github.com/tosin2013/dagger-autofix/test_engine.go:240.20,242.3 1 1
github.com/tosin2013/dagger-autofix/test_engine.go:244.2,244.18 1 1
github.com/tosin2013/dagger-autofix/test_engine.go:245.22,246.36 1 1
github.com/tosin2013/dagger-autofix/test_engine.go:247.16,248.36 1 1
github.com/tosin2013/dagger-autofix/test_engine.go:249.17,250.35 1 1
github.com/tosin2013/dagger-autofix/test_engine.go:251.26,252.36 1 1
github.com/tosin2013/dagger-autofix/test_engine.go:253.20,254.34 1 1
github.com/tosin2013/dagger-autofix/test_engine.go:255.23,256.33 1 1
github.com/tosin2013/dagger-autofix/test_engine.go:257.10,259.13 1 1
github.com/tosin2013/dagger-autofix/test_engine.go:263.125,264.33 1 0
github.com/tosin2013/dagger-autofix/test_engine.go:264.33,266.3 1 0
github.com/tosin2013/dagger-autofix/test_engine.go:268.2,271.48 2 0
github.com/tosin2013/dagger-autofix/test_engine.go:271.48,273.3 1 0
github.com/tosin2013/dagger-autofix/test_engine.go:275.2,276.16 2 0
github.com/tosin2013/dagger-autofix/test_engine.go:276.16,278.3 1 0
github.com/tosin2013/dagger-autofix/test_engine.go:280.2,280.20 1 0
github.com/tosin2013/dagger-autofix/test_engine.go:283.123,284.34 1 0
github.com/tosin2013/dagger-autofix/test_engine.go:284.34,286.3 1 0
github.com/tosin2013/dagger-autofix/test_engine.go:288.2,291.48 2 0
github.com/tosin2013/dagger-autofix/test_engine.go:291.48,293.3 1 0
github.com/tosin2013/dagger-autofix/test_engine.go:295.2,296.16 2 0
github.com/tosin2013/dagger-autofix/test_engine.go:296.16,298.3 1 0
github.com/tosin2013/dagger-autofix/test_engine.go:300.2,300.20 1 0
github.com/tosin2013/dagger-autofix/test_engine.go:303.127,307.48 2 0
github.com/tosin2013/dagger-autofix/test_engine.go:307.48,309.3 1 0
github.com/tosin2013/dagger-autofix/test_engine.go:311.2,312.16 2 0
github.com/tosin2013/dagger-autofix/test_engine.go:312.16,314.3 1 0
github.com/tosin2013/dagger-autofix/test_engine.go:316.2,316.20 1 0
github.com/tosin2013/dagger-autofix/test_engine.go:325.143,326.37 1 0
github.com/tosin2013/dagger-autofix/test_engine.go:326.37,328.3 1 0
github.com/tosin2013/dagger-autofix/test_engine.go:330.2,333.48 2 0
github.com/tosin2013/dagger-autofix/test_engine.go:333.48,335.3 1 0
github.com/tosin2013/dagger-autofix/test_engine.go:337.2,338.16 2 0
github.com/tosin2013/dagger-autofix/test_engine.go:338.16,340.3 1 0
github.com/tosin2013/dagger-autofix/test_engine.go:343.2,352.8 2 0
github.com/tosin2013/dagger-autofix/test_engine.go:362.89,367.29 3 1
github.com/tosin2013/dagger-autofix/test_engine.go:367.29,369.73 1 1
github.com/tosin2013/dagger-autofix/test_engine.go:369.73,370.39 1 1
github.com/tosin2013/dagger-autofix/test_engine.go:370.39,372.5 1 1
github.com/tosin2013/dagger-autofix/test_engine.go:372.10,372.46 1 1
github.com/tosin2013/dagger-autofix/test_engine.go:372.46,374.5 1 1
github.com/tosin2013/dagger-autofix/test_engine.go:375.4,375.17 1 1
github.com/tosin2013/dagger-autofix/test_engine.go:379.3,379.39 1 1
github.com/tosin2013/dagger-autofix/test_engine.go:379.39,382.31 2 1
github.com/tosin2013/dagger-autofix/test_engine.go:382.31,383.35 1 1
github.com/tosin2013/dagger-autofix/test_engine.go:383.35,384.58 1 1
github.com/tosin2013/dagger-autofix/test_engine.go:384.58,386.7 1 1
github.com/tosin2013/dagger-autofix/test_engine.go:388.5,388.35 1 1
github.com/tosin2013/dagger-autofix/test_engine.go:388.35,389.58 1 1
github.com/tosin2013/dagger-autofix/test_engine.go:389.58,391.7 1 1
github.com/tosin2013/dagger-autofix/test_engine.go:393.5,393.33 1 1
github.com/tosin2013/dagger-autofix/test_engine.go:393.33,394.58 1 1
github.com/tosin2013/dagger-autofix/test_engine.go:394.58,396.7 1 1
github.com/tosin2013/dagger-autofix/test_engine.go:402.3,403.76 1 1
github.com/tosin2013/dagger-autofix/test_engine.go:403.76,405.12 1 1
github.com/tosin2013/dagger-autofix/test_engine.go:410.2,410.64 1 1
github.com/tosin2013/dagger-autofix/test_engine.go:410.64,412.3 1 0
github.com/tosin2013/dagger-autofix/test_engine.go:414.2,414.14 1 1
github.com/tosin2013/dagger-autofix/test_engine.go:417.91,420.29 2 1
github.com/tosin2013/dagger-autofix/test_engine.go:420.29,422.87 1 1
github.com/tosin2013/dagger-autofix/test_engine.go:422.87,424.31 2 1
github.com/tosin2013/dagger-autofix/test_engine.go:424.31,425.37 1 1
github.com/tosin2013/dagger-autofix/test_engine.go:425.37,427.68 2 1
github.com/tosin2013/dagger-autofix/test_engine.go:427.68,429.7 1 1
github.com/tosin2013/dagger-autofix/test_engine.go:435.3,435.73 1 1
github.com/tosin2013/dagger-autofix/test_engine.go:435.73,437.23 2 1
github.com/tosin2013/dagger-autofix/test_engine.go:437.23,439.67 2 1
github.com/tosin2013/dagger-autofix/test_engine.go:439.67,441.6 1 1
github.com/tosin2013/dagger-autofix/test_engine.go:446.3,446.69 1 1
github.com/tosin2013/dagger-autofix/test_engine.go:446.69,448.31 2 1
github.com/tosin2013/dagger-autofix/test_engine.go:448.31,449.37 1 1
github.com/tosin2013/dagger-autofix/test_engine.go:449.37,451.68 2 1
github.com/tosin2013/dagger-autofix/test_engine.go:451.68,453.7 1 1
github.com/tosin2013/dagger-autofix/test_engine.go:458.2,458.12 1 1
github.com/tosin2013/dagger-autofix/test_engine.go:461.103,465.37 2 1
github.com/tosin2013/dagger-autofix/test_engine.go:465.37,466.64 1 1
github.com/tosin2013/dagger-autofix/test_engine.go:466.64,474.4 1 1
github.com/tosin2013/dagger-autofix/test_engine.go:477.2,477.14 1 1
github.com/tosin2013/dagger-autofix/test_engine.go:480.106,488.2 1 1
github.com/tosin2013/dagger-autofix/test_engine.go:490.109,498.2 1 1
github.com/tosin2013/dagger-autofix/test_engine.go:500.103,508.2 1 1
github.com/tosin2013/dagger-autofix/test_engine.go:510.106,518.2 1 1
github.com/tosin2013/dagger-autofix/test_engine.go:522.53,609.2 1 1
github.com/tosin2013/dagger-autofix/test_engine.go:611.51,650.2 1 1
github.com/tosin2013/dagger-autofix/test_helpers.go:8.58,9.16 1 1
github.com/tosin2013/dagger-autofix/test_helpers.go:9.16,11.3 1 0
github.com/tosin2013/dagger-autofix/test_helpers.go:14.2,14.25 1 1
github.com/tosin2013/dagger-autofix/test_helpers.go:19.46,20.16 1 1
github.com/tosin2013/dagger-autofix/test_helpers.go:20.16,22.3 1 0
github.com/tosin2013/dagger-autofix/test_helpers.go:23.2,23.12 1 1
github.com/tosin2013/dagger-autofix/types.go:256.118,261.15 3 1
github.com/tosin2013/dagger-autofix/types.go:261.15,262.31 1 1
github.com/tosin2013/dagger-autofix/types.go:262.31,266.4 2 1
github.com/tosin2013/dagger-autofix/types.go:269.2,270.16 2 1
github.com/tosin2013/dagger-autofix/types.go:270.16,272.3 1 0
github.com/tosin2013/dagger-autofix/types.go:275.2,275.129 1 0
github.com/tosin2013/dagger-autofix/types.go:275.129,277.3 1 0
github.com/tosin2013/dagger-autofix/types.go:279.2,290.8 4 0
github.com/tosin2013/dagger-autofix/types.go:294.100,296.16 2 1
github.com/tosin2013/dagger-autofix/types.go:296.16,298.3 1 0
github.com/tosin2013/dagger-autofix/types.go:300.2,311.8 1 0
github.com/tosin2013/dagger-autofix/types.go:315.102,318.16 2 0
github.com/tosin2013/dagger-autofix/types.go:318.16,320.3 1 0
github.com/tosin2013/dagger-autofix/types.go:322.2,330.32 4 0
github.com/tosin2013/dagger-autofix/types.go:330.32,333.17 2 0
github.com/tosin2013/dagger-autofix/types.go:333.17,335.12 2 0
github.com/tosin2013/dagger-autofix/types.go:339.3,344.34 4 0
github.com/tosin2013/dagger-autofix/types.go:344.34,345.41 1 0
github.com/tosin2013/dagger-autofix/types.go:345.41,347.5 1 0
github.com/tosin2013/dagger-autofix/types.go:351.2,354.18 3 0
github.com/tosin2013/dagger-autofix/types.go:358.96,367.16 3 0
github.com/tosin2013/dagger-autofix/types.go:367.16,369.3 1 0
github.com/tosin2013/dagger-autofix/types.go:371.2,372.40 2 0
github.com/tosin2013/dagger-autofix/types.go:372.40,384.3 1 0
github.com/tosin2013/dagger-autofix/types.go:386.2,386.24 1 0
github.com/tosin2013/dagger-autofix/types.go:390.124,393.16 2 1
github.com/tosin2013/dagger-autofix/types.go:393.16,395.3 1 0
github.com/tosin2013/dagger-autofix/types.go:398.2,406.16 3 0
github.com/tosin2013/dagger-autofix/types.go:406.16,408.3 1 0
github.com/tosin2013/dagger-autofix/types.go:411.2,411.33 1 0
github.com/tosin2013/dagger-autofix/types.go:411.33,412.68 1 0
github.com/tosin2013/dagger-autofix/types.go:412.68,414.4 1 0
github.com/tosin2013/dagger-autofix/types.go:418.2,418.20 1 0
github.com/tosin2013/dagger-autofix/types.go:418.20,419.102 1 0
github.com/tosin2013/dagger-autofix/types.go:419.102,421.4 1 0
github.com/tosin2013/dagger-autofix/types.go:424.2,424.21 1 0
github.com/tosin2013/dagger-autofix/types.go:427.106,433.2 2 0
