mode: atomic
github.com/tosin2013/dagger-autofix/cli.go:38.20,51.2 7 16
github.com/tosin2013/dagger-autofix/cli.go:54.31,56.2 1 0
github.com/tosin2013/dagger-autofix/cli.go:58.34,69.61 1 16
github.com/tosin2013/dagger-autofix/cli.go:69.61,72.4 2 0
github.com/tosin2013/dagger-autofix/cli.go:76.2,87.85 12 16
github.com/tosin2013/dagger-autofix/cli.go:90.31,184.2 15 16
github.com/tosin2013/dagger-autofix/cli.go:188.67,193.16 4 0
github.com/tosin2013/dagger-autofix/cli.go:193.16,195.3 1 0
github.com/tosin2013/dagger-autofix/cli.go:197.2,197.36 1 0
github.com/tosin2013/dagger-autofix/cli.go:200.67,203.16 3 0
github.com/tosin2013/dagger-autofix/cli.go:203.16,205.3 1 0
github.com/tosin2013/dagger-autofix/cli.go:207.2,211.16 4 0
github.com/tosin2013/dagger-autofix/cli.go:211.16,213.3 1 0
github.com/tosin2013/dagger-autofix/cli.go:215.2,216.16 2 0
github.com/tosin2013/dagger-autofix/cli.go:216.16,218.3 1 0
github.com/tosin2013/dagger-autofix/cli.go:220.2,221.12 2 0
github.com/tosin2013/dagger-autofix/cli.go:224.63,227.16 3 0
github.com/tosin2013/dagger-autofix/cli.go:227.16,229.3 1 0
github.com/tosin2013/dagger-autofix/cli.go:231.2,239.16 5 0
github.com/tosin2013/dagger-autofix/cli.go:239.16,241.3 1 0
github.com/tosin2013/dagger-autofix/cli.go:243.2,243.12 1 0
github.com/tosin2013/dagger-autofix/cli.go:243.12,246.17 2 0
github.com/tosin2013/dagger-autofix/cli.go:246.17,248.4 1 0
github.com/tosin2013/dagger-autofix/cli.go:250.3,251.17 2 0
github.com/tosin2013/dagger-autofix/cli.go:251.17,253.4 1 0
github.com/tosin2013/dagger-autofix/cli.go:255.3,257.13 3 0
github.com/tosin2013/dagger-autofix/cli.go:260.2,261.16 2 0
github.com/tosin2013/dagger-autofix/cli.go:261.16,263.3 1 0
github.com/tosin2013/dagger-autofix/cli.go:265.2,266.12 2 0
github.com/tosin2013/dagger-autofix/cli.go:269.68,275.16 5 0
github.com/tosin2013/dagger-autofix/cli.go:275.16,277.3 1 0
github.com/tosin2013/dagger-autofix/cli.go:279.2,280.16 2 0
github.com/tosin2013/dagger-autofix/cli.go:280.16,282.3 1 0
github.com/tosin2013/dagger-autofix/cli.go:284.2,285.12 2 0
github.com/tosin2013/dagger-autofix/cli.go:288.66,293.16 4 0
github.com/tosin2013/dagger-autofix/cli.go:293.16,295.3 1 0
github.com/tosin2013/dagger-autofix/cli.go:297.2,298.16 2 0
github.com/tosin2013/dagger-autofix/cli.go:298.16,300.3 1 0
github.com/tosin2013/dagger-autofix/cli.go:302.2,303.12 2 0
github.com/tosin2013/dagger-autofix/cli.go:306.70,311.2 3 0
github.com/tosin2013/dagger-autofix/cli.go:313.70,319.2 4 0
github.com/tosin2013/dagger-autofix/cli.go:321.74,326.16 4 0
github.com/tosin2013/dagger-autofix/cli.go:326.16,328.3 1 0
github.com/tosin2013/dagger-autofix/cli.go:330.2,331.12 2 0
github.com/tosin2013/dagger-autofix/cli.go:334.74,339.16 4 0
github.com/tosin2013/dagger-autofix/cli.go:339.16,341.3 1 0
github.com/tosin2013/dagger-autofix/cli.go:343.2,344.12 2 0
github.com/tosin2013/dagger-autofix/cli.go:347.67,356.16 6 0
github.com/tosin2013/dagger-autofix/cli.go:356.16,358.3 1 0
github.com/tosin2013/dagger-autofix/cli.go:361.2,367.16 3 0
github.com/tosin2013/dagger-autofix/cli.go:367.16,369.3 1 0
github.com/tosin2013/dagger-autofix/cli.go:371.2,376.12 2 0
github.com/tosin2013/dagger-autofix/cli.go:381.30,386.16 3 5
github.com/tosin2013/dagger-autofix/cli.go:386.16,388.3 1 1
github.com/tosin2013/dagger-autofix/cli.go:389.2,389.17 1 5
github.com/tosin2013/dagger-autofix/cli.go:389.17,391.3 1 1
github.com/tosin2013/dagger-autofix/cli.go:392.2,395.23 2 5
github.com/tosin2013/dagger-autofix/cli.go:396.14,397.49 1 2
github.com/tosin2013/dagger-autofix/cli.go:398.10,399.49 1 3
github.com/tosin2013/dagger-autofix/cli.go:403.35,405.22 2 0
github.com/tosin2013/dagger-autofix/cli.go:405.22,406.51 1 0
github.com/tosin2013/dagger-autofix/cli.go:406.51,408.4 1 0
github.com/tosin2013/dagger-autofix/cli.go:412.76,416.30 2 0
github.com/tosin2013/dagger-autofix/cli.go:416.30,418.3 1 0
github.com/tosin2013/dagger-autofix/cli.go:419.2,419.28 1 0
github.com/tosin2013/dagger-autofix/cli.go:419.28,421.3 1 0
github.com/tosin2013/dagger-autofix/cli.go:422.2,422.53 1 0
github.com/tosin2013/dagger-autofix/cli.go:422.53,424.3 1 0
github.com/tosin2013/dagger-autofix/cli.go:427.2,435.30 2 0
github.com/tosin2013/dagger-autofix/cli.go:438.63,457.2 14 7
github.com/tosin2013/dagger-autofix/cli.go:459.83,460.35 1 58
github.com/tosin2013/dagger-autofix/cli.go:460.35,463.3 2 0
github.com/tosin2013/dagger-autofix/cli.go:464.2,464.48 1 58
github.com/tosin2013/dagger-autofix/cli.go:464.48,466.3 1 23
github.com/tosin2013/dagger-autofix/cli.go:467.2,468.12 2 35
github.com/tosin2013/dagger-autofix/cli.go:471.77,472.35 1 10
github.com/tosin2013/dagger-autofix/cli.go:472.35,475.3 2 0
github.com/tosin2013/dagger-autofix/cli.go:476.2,476.48 1 10
github.com/tosin2013/dagger-autofix/cli.go:476.48,477.54 1 3
github.com/tosin2013/dagger-autofix/cli.go:477.54,479.4 1 2
github.com/tosin2013/dagger-autofix/cli.go:481.2,482.14 2 8
github.com/tosin2013/dagger-autofix/cli.go:482.14,484.3 1 8
github.com/tosin2013/dagger-autofix/cli.go:485.2,485.11 1 0
github.com/tosin2013/dagger-autofix/cli.go:488.79,489.35 1 18
github.com/tosin2013/dagger-autofix/cli.go:489.35,492.3 2 0
github.com/tosin2013/dagger-autofix/cli.go:493.2,493.48 1 18
github.com/tosin2013/dagger-autofix/cli.go:493.48,494.60 1 9
github.com/tosin2013/dagger-autofix/cli.go:494.60,496.4 1 8
github.com/tosin2013/dagger-autofix/cli.go:498.2,499.12 2 10
github.com/tosin2013/dagger-autofix/cli.go:502.58,531.16 3 1
github.com/tosin2013/dagger-autofix/cli.go:531.16,533.3 1 0
github.com/tosin2013/dagger-autofix/cli.go:534.2,537.16 3 1
github.com/tosin2013/dagger-autofix/cli.go:537.16,539.3 1 0
github.com/tosin2013/dagger-autofix/cli.go:541.2,542.12 2 1
github.com/tosin2013/dagger-autofix/cli.go:545.68,556.37 10 0
github.com/tosin2013/dagger-autofix/cli.go:556.37,558.47 2 0
github.com/tosin2013/dagger-autofix/cli.go:558.47,560.4 1 0
github.com/tosin2013/dagger-autofix/cli.go:563.2,563.37 1 0
github.com/tosin2013/dagger-autofix/cli.go:563.37,565.50 2 0
github.com/tosin2013/dagger-autofix/cli.go:565.50,567.4 1 0
github.com/tosin2013/dagger-autofix/cli.go:569.2,569.15 1 0
github.com/tosin2013/dagger-autofix/cli.go:572.57,574.28 2 0
github.com/tosin2013/dagger-autofix/cli.go:574.28,582.27 7 0
github.com/tosin2013/dagger-autofix/cli.go:582.27,584.39 2 0
github.com/tosin2013/dagger-autofix/cli.go:584.39,586.5 1 0
github.com/tosin2013/dagger-autofix/cli.go:589.3,589.25 1 0
github.com/tosin2013/dagger-autofix/cli.go:589.25,591.35 2 0
github.com/tosin2013/dagger-autofix/cli.go:591.35,593.5 1 0
github.com/tosin2013/dagger-autofix/cli.go:596.2,596.15 1 0
github.com/tosin2013/dagger-autofix/cli.go:599.57,604.31 4 0
github.com/tosin2013/dagger-autofix/cli.go:604.31,610.3 5 0
github.com/tosin2013/dagger-autofix/cli.go:612.2,612.23 1 0
github.com/tosin2013/dagger-autofix/cli.go:612.23,617.3 4 0
github.com/tosin2013/dagger-autofix/cli.go:618.2,618.15 1 0
github.com/tosin2013/dagger-autofix/cli.go:621.51,631.28 9 0
github.com/tosin2013/dagger-autofix/cli.go:631.28,633.37 2 0
github.com/tosin2013/dagger-autofix/cli.go:633.37,635.4 1 0
github.com/tosin2013/dagger-autofix/cli.go:637.2,637.15 1 0
github.com/tosin2013/dagger-autofix/cli.go:640.57,649.2 8 0
github.com/tosin2013/dagger-autofix/cli.go:651.46,665.2 13 1
github.com/tosin2013/dagger-autofix/cli.go:667.46,668.21 1 13
github.com/tosin2013/dagger-autofix/cli.go:668.21,670.3 1 5
github.com/tosin2013/dagger-autofix/cli.go:674.2,679.34 2 8
github.com/tosin2013/dagger-autofix/cli.go:679.34,680.34 1 18
github.com/tosin2013/dagger-autofix/cli.go:680.34,682.4 1 6
github.com/tosin2013/dagger-autofix/cli.go:687.2,688.64 2 2
github.com/tosin2013/dagger-autofix/cli.go:688.64,690.3 1 0
github.com/tosin2013/dagger-autofix/cli.go:691.2,691.57 1 2
github.com/tosin2013/dagger-autofix/cli.go:695.13,697.38 2 0
github.com/tosin2013/dagger-autofix/cli.go:697.38,699.3 1 0
github.com/tosin2013/dagger-autofix/failure_analysis.go:48.107,55.2 1 29
github.com/tosin2013/dagger-autofix/failure_analysis.go:58.128,80.16 7 3
github.com/tosin2013/dagger-autofix/failure_analysis.go:80.16,82.3 1 1
github.com/tosin2013/dagger-autofix/failure_analysis.go:85.2,86.16 2 2
github.com/tosin2013/dagger-autofix/failure_analysis.go:86.16,88.3 1 0
github.com/tosin2013/dagger-autofix/failure_analysis.go:91.2,99.52 5 2
github.com/tosin2013/dagger-autofix/failure_analysis.go:99.52,101.3 1 0
github.com/tosin2013/dagger-autofix/failure_analysis.go:101.8,103.3 1 2
github.com/tosin2013/dagger-autofix/failure_analysis.go:105.2,114.22 3 2
github.com/tosin2013/dagger-autofix/failure_analysis.go:118.125,134.16 5 3
github.com/tosin2013/dagger-autofix/failure_analysis.go:134.16,136.3 1 1
github.com/tosin2013/dagger-autofix/failure_analysis.go:139.2,140.16 2 2
github.com/tosin2013/dagger-autofix/failure_analysis.go:140.16,142.3 1 0
github.com/tosin2013/dagger-autofix/failure_analysis.go:145.2,145.28 1 2
github.com/tosin2013/dagger-autofix/failure_analysis.go:145.28,147.3 1 3
github.com/tosin2013/dagger-autofix/failure_analysis.go:149.2,154.19 2 2
github.com/tosin2013/dagger-autofix/failure_analysis.go:158.95,160.21 2 1032
github.com/tosin2013/dagger-autofix/failure_analysis.go:160.21,163.3 2 1030
github.com/tosin2013/dagger-autofix/failure_analysis.go:166.2,171.46 3 1032
github.com/tosin2013/dagger-autofix/failure_analysis.go:171.46,173.3 1 13416
github.com/tosin2013/dagger-autofix/failure_analysis.go:175.2,175.39 1 1032
github.com/tosin2013/dagger-autofix/failure_analysis.go:175.39,176.42 1 12384
github.com/tosin2013/dagger-autofix/failure_analysis.go:176.42,177.69 1 80496
github.com/tosin2013/dagger-autofix/failure_analysis.go:177.69,179.5 1 30553
github.com/tosin2013/dagger-autofix/failure_analysis.go:183.2,183.33 1 1032
github.com/tosin2013/dagger-autofix/failure_analysis.go:183.33,184.104 1 10993
github.com/tosin2013/dagger-autofix/failure_analysis.go:184.104,193.4 2 678
github.com/tosin2013/dagger-autofix/failure_analysis.go:197.2,203.3 1 354
github.com/tosin2013/dagger-autofix/failure_analysis.go:207.113,220.35 8 4
github.com/tosin2013/dagger-autofix/failure_analysis.go:220.35,222.3 1 4
github.com/tosin2013/dagger-autofix/failure_analysis.go:223.2,223.36 1 4
github.com/tosin2013/dagger-autofix/failure_analysis.go:223.36,225.3 1 3
github.com/tosin2013/dagger-autofix/failure_analysis.go:228.2,232.34 3 4
github.com/tosin2013/dagger-autofix/failure_analysis.go:232.34,234.44 2 4
github.com/tosin2013/dagger-autofix/failure_analysis.go:234.44,236.4 1 7
github.com/tosin2013/dagger-autofix/failure_analysis.go:237.3,237.32 1 4
github.com/tosin2013/dagger-autofix/failure_analysis.go:241.2,241.31 1 4
github.com/tosin2013/dagger-autofix/failure_analysis.go:241.31,244.29 3 3
github.com/tosin2013/dagger-autofix/failure_analysis.go:244.29,246.4 1 0
github.com/tosin2013/dagger-autofix/failure_analysis.go:247.3,248.34 2 3
github.com/tosin2013/dagger-autofix/failure_analysis.go:252.2,252.32 1 4
github.com/tosin2013/dagger-autofix/failure_analysis.go:252.32,254.44 2 3
github.com/tosin2013/dagger-autofix/failure_analysis.go:254.44,255.14 1 3
github.com/tosin2013/dagger-autofix/failure_analysis.go:255.14,256.10 1 0
github.com/tosin2013/dagger-autofix/failure_analysis.go:258.4,259.25 2 3
github.com/tosin2013/dagger-autofix/failure_analysis.go:259.25,261.5 1 0
github.com/tosin2013/dagger-autofix/failure_analysis.go:262.4,263.42 2 3
github.com/tosin2013/dagger-autofix/failure_analysis.go:263.42,265.5 1 3
github.com/tosin2013/dagger-autofix/failure_analysis.go:266.4,266.28 1 3
github.com/tosin2013/dagger-autofix/failure_analysis.go:270.2,279.24 9 4
github.com/tosin2013/dagger-autofix/failure_analysis.go:283.98,294.37 6 4
github.com/tosin2013/dagger-autofix/failure_analysis.go:294.37,296.47 2 3
github.com/tosin2013/dagger-autofix/failure_analysis.go:296.47,298.4 1 6
github.com/tosin2013/dagger-autofix/failure_analysis.go:299.3,299.27 1 3
github.com/tosin2013/dagger-autofix/failure_analysis.go:303.2,303.37 1 4
github.com/tosin2013/dagger-autofix/failure_analysis.go:303.37,305.50 2 3
github.com/tosin2013/dagger-autofix/failure_analysis.go:305.50,307.4 1 3
github.com/tosin2013/dagger-autofix/failure_analysis.go:308.3,308.27 1 3
github.com/tosin2013/dagger-autofix/failure_analysis.go:312.2,313.48 2 4
github.com/tosin2013/dagger-autofix/failure_analysis.go:313.48,315.3 1 3
github.com/tosin2013/dagger-autofix/failure_analysis.go:316.2,316.49 1 4
github.com/tosin2013/dagger-autofix/failure_analysis.go:316.49,318.3 1 3
github.com/tosin2013/dagger-autofix/failure_analysis.go:320.2,332.24 12 4
github.com/tosin2013/dagger-autofix/failure_analysis.go:336.123,338.38 1 5
github.com/tosin2013/dagger-autofix/failure_analysis.go:338.38,340.3 1 1
github.com/tosin2013/dagger-autofix/failure_analysis.go:343.2,346.38 3 4
github.com/tosin2013/dagger-autofix/failure_analysis.go:346.38,348.3 1 2
github.com/tosin2013/dagger-autofix/failure_analysis.go:350.2,352.69 3 2
github.com/tosin2013/dagger-autofix/failure_analysis.go:352.69,354.3 1 0
github.com/tosin2013/dagger-autofix/failure_analysis.go:357.2,359.56 2 2
github.com/tosin2013/dagger-autofix/failure_analysis.go:359.56,361.3 1 2
github.com/tosin2013/dagger-autofix/failure_analysis.go:362.2,362.59 1 2
github.com/tosin2013/dagger-autofix/failure_analysis.go:362.59,364.3 1 2
github.com/tosin2013/dagger-autofix/failure_analysis.go:367.2,367.76 1 2
github.com/tosin2013/dagger-autofix/failure_analysis.go:367.76,375.3 1 2
github.com/tosin2013/dagger-autofix/failure_analysis.go:378.2,378.63 1 2
github.com/tosin2013/dagger-autofix/failure_analysis.go:378.63,379.30 1 2
github.com/tosin2013/dagger-autofix/failure_analysis.go:379.30,380.40 1 3
github.com/tosin2013/dagger-autofix/failure_analysis.go:380.40,382.5 1 3
github.com/tosin2013/dagger-autofix/failure_analysis.go:387.2,387.66 1 2
github.com/tosin2013/dagger-autofix/failure_analysis.go:387.66,388.36 1 2
github.com/tosin2013/dagger-autofix/failure_analysis.go:388.36,389.62 1 1
github.com/tosin2013/dagger-autofix/failure_analysis.go:389.62,396.5 1 1
github.com/tosin2013/dagger-autofix/failure_analysis.go:400.2,400.22 1 2
github.com/tosin2013/dagger-autofix/failure_analysis.go:404.127,411.45 3 3
github.com/tosin2013/dagger-autofix/failure_analysis.go:411.45,413.3 1 3
github.com/tosin2013/dagger-autofix/failure_analysis.go:413.8,413.101 1 0
github.com/tosin2013/dagger-autofix/failure_analysis.go:413.101,415.3 1 0
github.com/tosin2013/dagger-autofix/failure_analysis.go:415.8,415.51 1 0
github.com/tosin2013/dagger-autofix/failure_analysis.go:415.51,417.3 1 0
github.com/tosin2013/dagger-autofix/failure_analysis.go:417.8,418.45 1 0
github.com/tosin2013/dagger-autofix/failure_analysis.go:418.45,420.3 1 0
github.com/tosin2013/dagger-autofix/failure_analysis.go:420.8,420.106 1 0
github.com/tosin2013/dagger-autofix/failure_analysis.go:420.106,422.3 1 0
github.com/tosin2013/dagger-autofix/failure_analysis.go:422.8,422.104 1 0
github.com/tosin2013/dagger-autofix/failure_analysis.go:422.104,424.3 1 0
github.com/tosin2013/dagger-autofix/failure_analysis.go:427.2,439.22 2 3
github.com/tosin2013/dagger-autofix/failure_analysis.go:443.125,448.38 3 5
github.com/tosin2013/dagger-autofix/failure_analysis.go:448.38,450.3 1 3
github.com/tosin2013/dagger-autofix/failure_analysis.go:452.2,454.69 3 2
github.com/tosin2013/dagger-autofix/failure_analysis.go:454.69,456.3 1 1
github.com/tosin2013/dagger-autofix/failure_analysis.go:458.2,459.33 2 1
github.com/tosin2013/dagger-autofix/failure_analysis.go:459.33,472.60 2 2
github.com/tosin2013/dagger-autofix/failure_analysis.go:472.60,473.35 1 2
github.com/tosin2013/dagger-autofix/failure_analysis.go:473.35,474.61 1 2
github.com/tosin2013/dagger-autofix/failure_analysis.go:474.61,482.6 1 2
github.com/tosin2013/dagger-autofix/failure_analysis.go:486.3,486.29 1 2
github.com/tosin2013/dagger-autofix/failure_analysis.go:489.2,489.19 1 1
github.com/tosin2013/dagger-autofix/failure_analysis.go:493.129,504.2 2 5
github.com/tosin2013/dagger-autofix/failure_analysis.go:507.119,509.75 1 3
github.com/tosin2013/dagger-autofix/failure_analysis.go:509.75,512.3 2 2
github.com/tosin2013/dagger-autofix/failure_analysis.go:516.103,539.18 2 4
github.com/tosin2013/dagger-autofix/failure_analysis.go:540.21,546.5 1 0
github.com/tosin2013/dagger-autofix/failure_analysis.go:547.19,553.5 1 0
github.com/tosin2013/dagger-autofix/failure_analysis.go:556.2,556.34 1 4
github.com/tosin2013/dagger-autofix/failure_analysis.go:561.83,562.39 1 25
github.com/tosin2013/dagger-autofix/failure_analysis.go:562.39,564.3 1 24
github.com/tosin2013/dagger-autofix/failure_analysis.go:565.2,565.21 1 1
github.com/tosin2013/dagger-autofix/failure_analysis.go:568.91,569.40 1 5
github.com/tosin2013/dagger-autofix/failure_analysis.go:569.40,571.3 1 5
github.com/tosin2013/dagger-autofix/failure_analysis.go:572.2,572.21 1 0
github.com/tosin2013/dagger-autofix/failure_analysis.go:575.76,576.46 1 6
github.com/tosin2013/dagger-autofix/failure_analysis.go:576.46,578.28 2 5
github.com/tosin2013/dagger-autofix/failure_analysis.go:578.28,579.36 1 9
github.com/tosin2013/dagger-autofix/failure_analysis.go:579.36,581.5 1 9
github.com/tosin2013/dagger-autofix/failure_analysis.go:583.3,583.16 1 5
github.com/tosin2013/dagger-autofix/failure_analysis.go:585.2,585.19 1 1
github.com/tosin2013/dagger-autofix/failure_analysis.go:589.48,724.2 1 37
github.com/tosin2013/dagger-autofix/failure_analysis.go:727.45,789.2 1 37
github.com/tosin2013/dagger-autofix/improvements.go:77.61,78.21 1 0
github.com/tosin2013/dagger-autofix/improvements.go:78.21,80.3 1 0
github.com/tosin2013/dagger-autofix/improvements.go:82.2,82.29 1 0
github.com/tosin2013/dagger-autofix/improvements.go:82.29,84.3 1 0
github.com/tosin2013/dagger-autofix/improvements.go:87.2,92.30 4 0
github.com/tosin2013/dagger-autofix/improvements.go:92.30,93.40 1 0
github.com/tosin2013/dagger-autofix/improvements.go:93.40,95.4 1 0
github.com/tosin2013/dagger-autofix/improvements.go:98.2,98.29 1 0
github.com/tosin2013/dagger-autofix/improvements.go:102.83,103.16 1 0
github.com/tosin2013/dagger-autofix/improvements.go:103.16,105.3 1 0
github.com/tosin2013/dagger-autofix/improvements.go:107.2,110.22 3 0
github.com/tosin2013/dagger-autofix/improvements.go:110.22,112.29 2 0
github.com/tosin2013/dagger-autofix/improvements.go:112.29,114.4 1 0
github.com/tosin2013/dagger-autofix/improvements.go:117.2,117.55 1 0
github.com/tosin2013/dagger-autofix/improvements.go:121.93,122.20 1 0
github.com/tosin2013/dagger-autofix/improvements.go:122.20,124.3 1 0
github.com/tosin2013/dagger-autofix/improvements.go:126.2,127.6 2 0
github.com/tosin2013/dagger-autofix/improvements.go:127.6,129.20 2 0
github.com/tosin2013/dagger-autofix/improvements.go:129.20,130.9 1 0
github.com/tosin2013/dagger-autofix/improvements.go:132.3,132.17 1 0
github.com/tosin2013/dagger-autofix/improvements.go:132.17,136.4 1 0
github.com/tosin2013/dagger-autofix/improvements.go:138.3,138.47 1 0
github.com/tosin2013/dagger-autofix/improvements.go:138.47,142.4 1 0
github.com/tosin2013/dagger-autofix/improvements.go:145.2,145.12 1 0
github.com/tosin2013/dagger-autofix/improvements.go:149.115,152.53 2 0
github.com/tosin2013/dagger-autofix/improvements.go:152.53,153.10 1 0
github.com/tosin2013/dagger-autofix/improvements.go:154.21,155.20 1 0
github.com/tosin2013/dagger-autofix/improvements.go:156.11,156.11 0 0
github.com/tosin2013/dagger-autofix/improvements.go:159.3,159.37 1 0
github.com/tosin2013/dagger-autofix/improvements.go:159.37,162.28 2 0
github.com/tosin2013/dagger-autofix/improvements.go:162.28,164.31 2 0
github.com/tosin2013/dagger-autofix/improvements.go:164.31,166.6 1 0
github.com/tosin2013/dagger-autofix/improvements.go:168.5,168.12 1 0
github.com/tosin2013/dagger-autofix/improvements.go:169.30,170.14 1 0
github.com/tosin2013/dagger-autofix/improvements.go:171.23,172.22 1 0
github.com/tosin2013/dagger-autofix/improvements.go:175.9,177.4 1 0
github.com/tosin2013/dagger-autofix/improvements.go:180.2,183.4 1 0
github.com/tosin2013/dagger-autofix/improvements.go:187.77,192.2 1 0
github.com/tosin2013/dagger-autofix/improvements.go:195.72,200.13 4 0
github.com/tosin2013/dagger-autofix/improvements.go:200.13,202.3 1 0
github.com/tosin2013/dagger-autofix/improvements.go:205.2,205.45 1 0
github.com/tosin2013/dagger-autofix/improvements.go:205.45,209.3 2 0
github.com/tosin2013/dagger-autofix/improvements.go:211.2,211.27 1 0
github.com/tosin2013/dagger-autofix/improvements.go:215.91,220.31 3 0
github.com/tosin2013/dagger-autofix/improvements.go:220.31,222.3 1 0
github.com/tosin2013/dagger-autofix/improvements.go:224.2,228.3 1 0
github.com/tosin2013/dagger-autofix/improvements.go:231.39,236.34 4 0
github.com/tosin2013/dagger-autofix/improvements.go:236.34,237.50 1 0
github.com/tosin2013/dagger-autofix/improvements.go:237.50,241.4 3 0
github.com/tosin2013/dagger-autofix/improvements.go:244.2,244.21 1 0
github.com/tosin2013/dagger-autofix/improvements.go:244.21,246.3 1 0
github.com/tosin2013/dagger-autofix/improvements.go:250.75,257.2 1 0
github.com/tosin2013/dagger-autofix/improvements.go:260.37,268.30 5 0
github.com/tosin2013/dagger-autofix/improvements.go:268.30,272.3 3 0
github.com/tosin2013/dagger-autofix/improvements.go:274.2,274.19 1 0
github.com/tosin2013/dagger-autofix/improvements.go:274.19,277.3 2 0
github.com/tosin2013/dagger-autofix/improvements.go:279.2,279.14 1 0
github.com/tosin2013/dagger-autofix/improvements.go:282.24,283.11 1 0
github.com/tosin2013/dagger-autofix/improvements.go:283.11,285.3 1 0
github.com/tosin2013/dagger-autofix/improvements.go:286.2,286.10 1 0
github.com/tosin2013/dagger-autofix/improvements.go:290.39,291.16 1 0
github.com/tosin2013/dagger-autofix/improvements.go:291.16,293.3 1 0
github.com/tosin2013/dagger-autofix/improvements.go:296.2,296.21 1 0
github.com/tosin2013/dagger-autofix/improvements.go:296.21,298.3 1 0
github.com/tosin2013/dagger-autofix/improvements.go:300.2,300.12 1 0
github.com/tosin2013/dagger-autofix/improvements.go:304.55,305.17 1 0
github.com/tosin2013/dagger-autofix/improvements.go:305.17,307.3 1 0
github.com/tosin2013/dagger-autofix/improvements.go:309.2,309.16 1 0
github.com/tosin2013/dagger-autofix/improvements.go:309.16,311.3 1 0
github.com/tosin2013/dagger-autofix/improvements.go:314.2,314.40 1 0
github.com/tosin2013/dagger-autofix/improvements.go:314.40,316.3 1 0
github.com/tosin2013/dagger-autofix/improvements.go:319.2,320.36 2 0
github.com/tosin2013/dagger-autofix/improvements.go:320.36,321.68 1 0
github.com/tosin2013/dagger-autofix/improvements.go:321.68,323.4 1 0
github.com/tosin2013/dagger-autofix/improvements.go:326.2,326.12 1 0
github.com/tosin2013/dagger-autofix/improvements.go:330.54,333.47 2 0
github.com/tosin2013/dagger-autofix/improvements.go:333.47,334.32 1 0
github.com/tosin2013/dagger-autofix/improvements.go:334.32,336.4 1 0
github.com/tosin2013/dagger-autofix/improvements.go:339.2,340.28 1 0
github.com/tosin2013/dagger-autofix/improvements.go:344.130,345.18 1 0
github.com/tosin2013/dagger-autofix/improvements.go:345.18,347.3 1 0
github.com/tosin2013/dagger-autofix/improvements.go:349.2,355.20 4 0
github.com/tosin2013/dagger-autofix/improvements.go:364.44,368.2 1 0
github.com/tosin2013/dagger-autofix/improvements.go:370.52,374.2 3 0
github.com/tosin2013/dagger-autofix/improvements.go:376.38,380.40 3 0
github.com/tosin2013/dagger-autofix/improvements.go:380.40,381.22 1 0
github.com/tosin2013/dagger-autofix/improvements.go:381.22,382.43 1 0
github.com/tosin2013/dagger-autofix/improvements.go:382.43,385.5 1 0
github.com/tosin2013/dagger-autofix/improvements.go:389.2,389.33 1 0
github.com/tosin2013/dagger-autofix/improvements.go:410.85,416.2 1 0
github.com/tosin2013/dagger-autofix/improvements.go:418.65,422.18 3 0
github.com/tosin2013/dagger-autofix/improvements.go:423.19,424.52 1 0
github.com/tosin2013/dagger-autofix/improvements.go:424.52,426.4 1 0
github.com/tosin2013/dagger-autofix/improvements.go:426.9,428.4 1 0
github.com/tosin2013/dagger-autofix/improvements.go:429.23,429.23 0 0
github.com/tosin2013/dagger-autofix/improvements.go:431.21,431.21 0 0
github.com/tosin2013/dagger-autofix/improvements.go:435.2,437.16 2 0
github.com/tosin2013/dagger-autofix/improvements.go:437.16,441.36 3 0
github.com/tosin2013/dagger-autofix/improvements.go:441.36,443.4 1 0
github.com/tosin2013/dagger-autofix/improvements.go:445.3,445.13 1 0
github.com/tosin2013/dagger-autofix/improvements.go:449.2,452.12 3 0
github.com/tosin2013/dagger-autofix/improvements.go:461.46,465.2 1 0
github.com/tosin2013/dagger-autofix/improvements.go:467.61,471.2 3 0
github.com/tosin2013/dagger-autofix/improvements.go:473.46,479.37 4 0
github.com/tosin2013/dagger-autofix/improvements.go:479.37,480.29 1 0
github.com/tosin2013/dagger-autofix/improvements.go:480.29,482.4 1 0
github.com/tosin2013/dagger-autofix/improvements.go:485.2,485.21 1 0
github.com/tosin2013/dagger-autofix/improvements.go:485.21,487.3 1 0
github.com/tosin2013/dagger-autofix/improvements.go:489.2,489.12 1 0
github.com/tosin2013/dagger-autofix/llm_client.go:95.105,100.15 3 8
github.com/tosin2013/dagger-autofix/llm_client.go:100.15,101.31 1 8
github.com/tosin2013/dagger-autofix/llm_client.go:101.31,105.4 2 8
github.com/tosin2013/dagger-autofix/llm_client.go:108.2,109.16 2 8
github.com/tosin2013/dagger-autofix/llm_client.go:109.16,111.3 1 0
github.com/tosin2013/dagger-autofix/llm_client.go:114.2,114.18 1 0
github.com/tosin2013/dagger-autofix/llm_client.go:115.14,116.40 1 0
github.com/tosin2013/dagger-autofix/llm_client.go:116.40,118.4 1 0
github.com/tosin2013/dagger-autofix/llm_client.go:121.2,136.51 4 0
github.com/tosin2013/dagger-autofix/llm_client.go:136.51,138.3 1 0
github.com/tosin2013/dagger-autofix/llm_client.go:140.2,140.20 1 0
github.com/tosin2013/dagger-autofix/llm_client.go:144.90,146.15 2 16
github.com/tosin2013/dagger-autofix/llm_client.go:146.15,152.3 1 16
github.com/tosin2013/dagger-autofix/llm_client.go:154.2,154.20 1 16
github.com/tosin2013/dagger-autofix/llm_client.go:155.14,156.36 1 11
github.com/tosin2013/dagger-autofix/llm_client.go:157.17,158.39 1 1
github.com/tosin2013/dagger-autofix/llm_client.go:159.14,160.36 1 1
github.com/tosin2013/dagger-autofix/llm_client.go:161.16,162.38 1 1
github.com/tosin2013/dagger-autofix/llm_client.go:163.15,164.37 1 1
github.com/tosin2013/dagger-autofix/llm_client.go:165.10,166.65 1 1
github.com/tosin2013/dagger-autofix/llm_client.go:171.56,174.2 2 2
github.com/tosin2013/dagger-autofix/llm_client.go:177.62,180.2 2 2
github.com/tosin2013/dagger-autofix/llm_client.go:183.58,186.2 2 2
github.com/tosin2013/dagger-autofix/llm_client.go:190.96,192.17 2 13
github.com/tosin2013/dagger-autofix/llm_client.go:192.17,194.3 1 10
github.com/tosin2013/dagger-autofix/llm_client.go:196.2,213.28 2 13
github.com/tosin2013/dagger-autofix/llm_client.go:213.28,215.38 2 1
github.com/tosin2013/dagger-autofix/llm_client.go:215.38,224.4 1 1
github.com/tosin2013/dagger-autofix/llm_client.go:225.3,226.34 2 1
github.com/tosin2013/dagger-autofix/llm_client.go:229.2,230.16 2 13
github.com/tosin2013/dagger-autofix/llm_client.go:230.16,232.3 1 7
github.com/tosin2013/dagger-autofix/llm_client.go:234.2,234.36 1 6
github.com/tosin2013/dagger-autofix/llm_client.go:237.99,239.17 2 1
github.com/tosin2013/dagger-autofix/llm_client.go:239.17,241.3 1 0
github.com/tosin2013/dagger-autofix/llm_client.go:243.2,255.29 2 1
github.com/tosin2013/dagger-autofix/llm_client.go:255.29,257.3 1 1
github.com/tosin2013/dagger-autofix/llm_client.go:259.2,260.16 2 1
github.com/tosin2013/dagger-autofix/llm_client.go:260.16,262.3 1 0
github.com/tosin2013/dagger-autofix/llm_client.go:264.2,264.39 1 1
github.com/tosin2013/dagger-autofix/llm_client.go:267.96,269.17 2 1
github.com/tosin2013/dagger-autofix/llm_client.go:269.17,271.3 1 0
github.com/tosin2013/dagger-autofix/llm_client.go:273.2,289.29 2 1
github.com/tosin2013/dagger-autofix/llm_client.go:289.29,297.3 1 1
github.com/tosin2013/dagger-autofix/llm_client.go:299.2,301.16 3 1
github.com/tosin2013/dagger-autofix/llm_client.go:301.16,303.3 1 0
github.com/tosin2013/dagger-autofix/llm_client.go:305.2,305.36 1 1
github.com/tosin2013/dagger-autofix/llm_client.go:308.98,311.2 1 1
github.com/tosin2013/dagger-autofix/llm_client.go:313.97,316.2 1 1
github.com/tosin2013/dagger-autofix/llm_client.go:320.128,322.16 2 23
github.com/tosin2013/dagger-autofix/llm_client.go:322.16,324.3 1 1
github.com/tosin2013/dagger-autofix/llm_client.go:326.2,326.62 1 22
github.com/tosin2013/dagger-autofix/llm_client.go:326.62,328.17 2 29
github.com/tosin2013/dagger-autofix/llm_client.go:328.17,330.4 1 0
github.com/tosin2013/dagger-autofix/llm_client.go:333.3,333.21 1 29
github.com/tosin2013/dagger-autofix/llm_client.go:334.34,336.54 2 24
github.com/tosin2013/dagger-autofix/llm_client.go:337.18,340.53 3 3
github.com/tosin2013/dagger-autofix/llm_client.go:341.15,346.46 5 2
github.com/tosin2013/dagger-autofix/llm_client.go:349.3,350.17 2 29
github.com/tosin2013/dagger-autofix/llm_client.go:350.17,352.4 1 3
github.com/tosin2013/dagger-autofix/llm_client.go:354.3,356.17 3 26
github.com/tosin2013/dagger-autofix/llm_client.go:356.17,358.4 1 0
github.com/tosin2013/dagger-autofix/llm_client.go:360.3,360.62 1 26
github.com/tosin2013/dagger-autofix/llm_client.go:360.62,363.12 2 7
github.com/tosin2013/dagger-autofix/llm_client.go:365.3,365.29 1 19
github.com/tosin2013/dagger-autofix/llm_client.go:365.29,367.4 1 4
github.com/tosin2013/dagger-autofix/llm_client.go:369.3,370.59 2 15
github.com/tosin2013/dagger-autofix/llm_client.go:370.59,372.4 1 0
github.com/tosin2013/dagger-autofix/llm_client.go:373.3,373.21 1 15
github.com/tosin2013/dagger-autofix/llm_client.go:376.2,376.56 1 0
github.com/tosin2013/dagger-autofix/llm_client.go:379.92,381.30 2 10
github.com/tosin2013/dagger-autofix/llm_client.go:381.30,383.3 1 2
github.com/tosin2013/dagger-autofix/llm_client.go:385.2,389.57 4 8
github.com/tosin2013/dagger-autofix/llm_client.go:389.57,391.3 1 8
github.com/tosin2013/dagger-autofix/llm_client.go:393.2,401.61 2 8
github.com/tosin2013/dagger-autofix/llm_client.go:401.61,407.3 1 8
github.com/tosin2013/dagger-autofix/llm_client.go:410.2,410.64 1 8
github.com/tosin2013/dagger-autofix/llm_client.go:410.64,411.32 1 2
github.com/tosin2013/dagger-autofix/llm_client.go:411.32,416.57 4 2
github.com/tosin2013/dagger-autofix/llm_client.go:416.57,417.66 1 2
github.com/tosin2013/dagger-autofix/llm_client.go:417.66,419.14 1 0
github.com/tosin2013/dagger-autofix/llm_client.go:423.4,427.6 1 2
github.com/tosin2013/dagger-autofix/llm_client.go:431.2,431.22 1 8
github.com/tosin2013/dagger-autofix/llm_client.go:434.95,436.30 2 3
github.com/tosin2013/dagger-autofix/llm_client.go:436.30,438.3 1 1
github.com/tosin2013/dagger-autofix/llm_client.go:440.2,451.61 4 2
github.com/tosin2013/dagger-autofix/llm_client.go:451.61,457.3 2 2
github.com/tosin2013/dagger-autofix/llm_client.go:459.2,459.22 1 2
github.com/tosin2013/dagger-autofix/llm_client.go:462.92,464.33 2 3
github.com/tosin2013/dagger-autofix/llm_client.go:464.33,466.3 1 0
github.com/tosin2013/dagger-autofix/llm_client.go:468.2,469.9 2 3
github.com/tosin2013/dagger-autofix/llm_client.go:469.9,471.3 1 0
github.com/tosin2013/dagger-autofix/llm_client.go:472.2,473.9 2 3
github.com/tosin2013/dagger-autofix/llm_client.go:473.9,475.3 1 0
github.com/tosin2013/dagger-autofix/llm_client.go:476.2,477.28 2 3
github.com/tosin2013/dagger-autofix/llm_client.go:477.28,479.3 1 1
github.com/tosin2013/dagger-autofix/llm_client.go:480.2,481.9 2 2
github.com/tosin2013/dagger-autofix/llm_client.go:481.9,483.3 1 0
github.com/tosin2013/dagger-autofix/llm_client.go:484.2,487.54 3 2
github.com/tosin2013/dagger-autofix/llm_client.go:487.54,489.3 1 2
github.com/tosin2013/dagger-autofix/llm_client.go:491.2,498.22 2 2
github.com/tosin2013/dagger-autofix/llm_client.go:501.63,510.2 3 2
github.com/tosin2013/dagger-autofix/llm_client.go:512.56,513.18 1 48
github.com/tosin2013/dagger-autofix/llm_client.go:514.14,521.4 1 22
github.com/tosin2013/dagger-autofix/llm_client.go:522.17,529.4 1 8
github.com/tosin2013/dagger-autofix/llm_client.go:530.14,537.4 1 7
github.com/tosin2013/dagger-autofix/llm_client.go:538.16,545.4 1 5
github.com/tosin2013/dagger-autofix/llm_client.go:546.15,553.4 1 5
github.com/tosin2013/dagger-autofix/llm_client.go:554.10,561.4 1 1
github.com/tosin2013/dagger-autofix/llm_client.go:565.54,566.18 1 9
github.com/tosin2013/dagger-autofix/llm_client.go:567.14,568.34 1 2
github.com/tosin2013/dagger-autofix/llm_client.go:569.17,570.37 1 2
github.com/tosin2013/dagger-autofix/llm_client.go:571.14,572.53 1 2
github.com/tosin2013/dagger-autofix/llm_client.go:573.16,574.36 1 2
github.com/tosin2013/dagger-autofix/llm_client.go:575.15,576.33 1 1
github.com/tosin2013/dagger-autofix/llm_client.go:577.10,578.34 1 0
github.com/tosin2013/dagger-autofix/main.go:70.54,76.41 5 4383
github.com/tosin2013/dagger-autofix/main.go:76.41,78.3 1 0
github.com/tosin2013/dagger-autofix/main.go:78.8,78.23 1 4383
github.com/tosin2013/dagger-autofix/main.go:78.23,81.3 1 0
github.com/tosin2013/dagger-autofix/main.go:83.2,89.3 1 4383
github.com/tosin2013/dagger-autofix/main.go:93.77,96.2 2 3
github.com/tosin2013/dagger-autofix/main.go:99.78,102.2 2 2134
github.com/tosin2013/dagger-autofix/main.go:105.96,109.2 3 2035
github.com/tosin2013/dagger-autofix/main.go:112.75,116.2 3 2245
github.com/tosin2013/dagger-autofix/main.go:119.72,122.2 2 3
github.com/tosin2013/dagger-autofix/main.go:125.70,128.2 2 2003
github.com/tosin2013/dagger-autofix/main.go:131.81,132.50 1 6
github.com/tosin2013/dagger-autofix/main.go:132.50,134.3 1 3
github.com/tosin2013/dagger-autofix/main.go:137.2,138.16 2 3
github.com/tosin2013/dagger-autofix/main.go:138.16,140.3 1 0
github.com/tosin2013/dagger-autofix/main.go:141.2,145.16 3 3
github.com/tosin2013/dagger-autofix/main.go:145.16,147.3 1 0
github.com/tosin2013/dagger-autofix/main.go:148.2,160.15 6 3
github.com/tosin2013/dagger-autofix/main.go:164.69,165.27 1 3
github.com/tosin2013/dagger-autofix/main.go:165.27,167.3 1 1
github.com/tosin2013/dagger-autofix/main.go:169.2,174.6 4 2
github.com/tosin2013/dagger-autofix/main.go:174.6,175.10 1 3
github.com/tosin2013/dagger-autofix/main.go:176.21,178.20 2 2
github.com/tosin2013/dagger-autofix/main.go:179.19,180.50 1 1
github.com/tosin2013/dagger-autofix/main.go:180.50,182.5 1 0
github.com/tosin2013/dagger-autofix/main.go:188.106,189.28 1 11
github.com/tosin2013/dagger-autofix/main.go:189.28,191.3 1 5
github.com/tosin2013/dagger-autofix/main.go:193.2,197.16 3 6
github.com/tosin2013/dagger-autofix/main.go:197.16,199.3 1 0
github.com/tosin2013/dagger-autofix/main.go:202.2,203.16 2 5
github.com/tosin2013/dagger-autofix/main.go:203.16,205.3 1 0
github.com/tosin2013/dagger-autofix/main.go:208.2,216.16 2 5
github.com/tosin2013/dagger-autofix/main.go:216.16,218.3 1 1
github.com/tosin2013/dagger-autofix/main.go:220.2,225.22 2 4
github.com/tosin2013/dagger-autofix/main.go:229.91,230.46 1 7
github.com/tosin2013/dagger-autofix/main.go:230.46,232.3 1 4
github.com/tosin2013/dagger-autofix/main.go:234.2,238.16 3 3
github.com/tosin2013/dagger-autofix/main.go:238.16,240.3 1 0
github.com/tosin2013/dagger-autofix/main.go:243.2,244.16 2 2
github.com/tosin2013/dagger-autofix/main.go:244.16,246.3 1 0
github.com/tosin2013/dagger-autofix/main.go:249.2,250.28 2 2
github.com/tosin2013/dagger-autofix/main.go:250.28,252.17 2 2
github.com/tosin2013/dagger-autofix/main.go:252.17,254.12 2 1
github.com/tosin2013/dagger-autofix/main.go:256.3,256.60 1 1
github.com/tosin2013/dagger-autofix/main.go:259.2,259.33 1 2
github.com/tosin2013/dagger-autofix/main.go:259.33,261.3 1 1
github.com/tosin2013/dagger-autofix/main.go:264.2,268.16 3 1
github.com/tosin2013/dagger-autofix/main.go:268.16,270.3 1 0
github.com/tosin2013/dagger-autofix/main.go:272.2,284.20 3 1
github.com/tosin2013/dagger-autofix/main.go:288.106,289.25 1 8
github.com/tosin2013/dagger-autofix/main.go:289.25,291.3 1 1
github.com/tosin2013/dagger-autofix/main.go:293.2,298.16 4 7
github.com/tosin2013/dagger-autofix/main.go:298.16,300.3 1 1
github.com/tosin2013/dagger-autofix/main.go:301.2,305.16 3 4
github.com/tosin2013/dagger-autofix/main.go:305.16,307.3 1 1
github.com/tosin2013/dagger-autofix/main.go:309.2,322.24 3 3
github.com/tosin2013/dagger-autofix/main.go:326.86,327.34 1 5
github.com/tosin2013/dagger-autofix/main.go:327.34,329.3 1 3
github.com/tosin2013/dagger-autofix/main.go:330.2,330.27 1 2
github.com/tosin2013/dagger-autofix/main.go:330.27,332.3 1 1
github.com/tosin2013/dagger-autofix/main.go:333.2,339.8 1 1
github.com/tosin2013/dagger-autofix/main.go:343.61,345.15 1 2
github.com/tosin2013/dagger-autofix/main.go:345.15,346.31 1 2
github.com/tosin2013/dagger-autofix/main.go:346.31,350.4 1 2
github.com/tosin2013/dagger-autofix/main.go:355.2,363.18 2 2
github.com/tosin2013/dagger-autofix/main.go:368.55,369.26 1 44
github.com/tosin2013/dagger-autofix/main.go:369.26,371.3 1 18
github.com/tosin2013/dagger-autofix/main.go:372.2,372.43 1 26
github.com/tosin2013/dagger-autofix/main.go:372.43,374.3 1 4
github.com/tosin2013/dagger-autofix/main.go:375.2,375.24 1 22
github.com/tosin2013/dagger-autofix/main.go:375.24,377.3 1 3
github.com/tosin2013/dagger-autofix/main.go:378.2,378.12 1 19
github.com/tosin2013/dagger-autofix/main.go:381.51,382.75 1 9
github.com/tosin2013/dagger-autofix/main.go:382.75,384.3 1 5
github.com/tosin2013/dagger-autofix/main.go:385.2,385.12 1 4
github.com/tosin2013/dagger-autofix/main.go:388.69,390.16 2 5
github.com/tosin2013/dagger-autofix/main.go:390.16,392.3 1 1
github.com/tosin2013/dagger-autofix/main.go:394.2,394.33 1 4
github.com/tosin2013/dagger-autofix/main.go:394.33,395.31 1 3
github.com/tosin2013/dagger-autofix/main.go:395.31,396.12 1 0
github.com/tosin2013/dagger-autofix/main.go:399.3,399.24 1 3
github.com/tosin2013/dagger-autofix/main.go:399.24,400.51 1 3
github.com/tosin2013/dagger-autofix/main.go:400.51,402.5 1 3
github.com/tosin2013/dagger-autofix/main.go:406.2,406.12 1 4
github.com/tosin2013/dagger-autofix/main.go:409.65,414.2 1 6
github.com/tosin2013/dagger-autofix/main.go:416.96,418.41 2 7
github.com/tosin2013/dagger-autofix/main.go:418.41,419.24 1 8
github.com/tosin2013/dagger-autofix/main.go:419.24,420.12 1 0
github.com/tosin2013/dagger-autofix/main.go:422.3,422.69 1 8
github.com/tosin2013/dagger-autofix/main.go:422.69,424.4 1 6
github.com/tosin2013/dagger-autofix/main.go:426.2,426.13 1 7
github.com/tosin2013/dagger-autofix/pull_request_engine.go:46.102,52.2 1 42
github.com/tosin2013/dagger-autofix/pull_request_engine.go:55.143,56.16 1 2
github.com/tosin2013/dagger-autofix/pull_request_engine.go:56.16,58.3 1 1
github.com/tosin2013/dagger-autofix/pull_request_engine.go:60.2,69.73 3 1
github.com/tosin2013/dagger-autofix/pull_request_engine.go:69.73,71.3 1 0
github.com/tosin2013/dagger-autofix/pull_request_engine.go:74.2,79.16 4 0
github.com/tosin2013/dagger-autofix/pull_request_engine.go:79.16,81.3 1 0
github.com/tosin2013/dagger-autofix/pull_request_engine.go:84.2,84.64 1 0
github.com/tosin2013/dagger-autofix/pull_request_engine.go:84.64,86.3 1 0
github.com/tosin2013/dagger-autofix/pull_request_engine.go:88.2,94.16 2 0
github.com/tosin2013/dagger-autofix/pull_request_engine.go:98.148,103.16 3 3
github.com/tosin2013/dagger-autofix/pull_request_engine.go:103.16,105.3 1 0
github.com/tosin2013/dagger-autofix/pull_request_engine.go:107.2,112.16 2 0
github.com/tosin2013/dagger-autofix/pull_request_engine.go:116.123,121.16 3 3
github.com/tosin2013/dagger-autofix/pull_request_engine.go:121.16,123.3 1 0
github.com/tosin2013/dagger-autofix/pull_request_engine.go:126.2,132.16 3 0
github.com/tosin2013/dagger-autofix/pull_request_engine.go:132.16,134.3 1 0
github.com/tosin2013/dagger-autofix/pull_request_engine.go:137.2,137.29 1 0
github.com/tosin2013/dagger-autofix/pull_request_engine.go:137.29,138.164 1 0
github.com/tosin2013/dagger-autofix/pull_request_engine.go:138.164,140.4 1 0
github.com/tosin2013/dagger-autofix/pull_request_engine.go:143.2,154.8 1 0
github.com/tosin2013/dagger-autofix/pull_request_engine.go:158.93,171.16 5 3
github.com/tosin2013/dagger-autofix/pull_request_engine.go:171.16,173.3 1 0
github.com/tosin2013/dagger-autofix/pull_request_engine.go:176.2,180.148 2 0
github.com/tosin2013/dagger-autofix/pull_request_engine.go:180.148,182.3 1 0
github.com/tosin2013/dagger-autofix/pull_request_engine.go:184.2,184.12 1 0
github.com/tosin2013/dagger-autofix/pull_request_engine.go:188.98,190.16 2 4
github.com/tosin2013/dagger-autofix/pull_request_engine.go:190.16,192.3 1 0
github.com/tosin2013/dagger-autofix/pull_request_engine.go:195.2,196.16 2 0
github.com/tosin2013/dagger-autofix/pull_request_engine.go:196.16,198.3 1 0
github.com/tosin2013/dagger-autofix/pull_request_engine.go:200.2,201.31 2 0
github.com/tosin2013/dagger-autofix/pull_request_engine.go:201.31,203.3 1 0
github.com/tosin2013/dagger-autofix/pull_request_engine.go:205.2,216.8 1 0
github.com/tosin2013/dagger-autofix/pull_request_engine.go:221.106,225.2 3 3
github.com/tosin2013/dagger-autofix/pull_request_engine.go:227.110,232.16 3 5
github.com/tosin2013/dagger-autofix/pull_request_engine.go:232.16,234.3 1 0
github.com/tosin2013/dagger-autofix/pull_request_engine.go:237.2,245.16 3 0
github.com/tosin2013/dagger-autofix/pull_request_engine.go:245.16,247.3 1 0
github.com/tosin2013/dagger-autofix/pull_request_engine.go:250.2,250.33 1 0
github.com/tosin2013/dagger-autofix/pull_request_engine.go:250.33,251.64 1 0
github.com/tosin2013/dagger-autofix/pull_request_engine.go:251.64,254.4 1 0
github.com/tosin2013/dagger-autofix/pull_request_engine.go:257.2,257.12 1 0
github.com/tosin2013/dagger-autofix/pull_request_engine.go:260.102,267.26 2 4
github.com/tosin2013/dagger-autofix/pull_request_engine.go:268.13,269.43 1 1
github.com/tosin2013/dagger-autofix/pull_request_engine.go:270.16,271.43 1 1
github.com/tosin2013/dagger-autofix/pull_request_engine.go:272.16,273.43 1 1
github.com/tosin2013/dagger-autofix/pull_request_engine.go:274.10,275.63 1 1
github.com/tosin2013/dagger-autofix/pull_request_engine.go:279.101,288.2 3 2
github.com/tosin2013/dagger-autofix/pull_request_engine.go:290.101,295.16 2 4
github.com/tosin2013/dagger-autofix/pull_request_engine.go:295.16,297.3 1 0
github.com/tosin2013/dagger-autofix/pull_request_engine.go:299.2,307.12 3 0
github.com/tosin2013/dagger-autofix/pull_request_engine.go:310.101,315.16 2 4
github.com/tosin2013/dagger-autofix/pull_request_engine.go:315.16,317.3 1 0
github.com/tosin2013/dagger-autofix/pull_request_engine.go:319.2,326.12 3 0
github.com/tosin2013/dagger-autofix/pull_request_engine.go:329.125,348.2 4 1
github.com/tosin2013/dagger-autofix/pull_request_engine.go:350.103,356.2 4 3
github.com/tosin2013/dagger-autofix/pull_request_engine.go:358.110,372.32 10 2
github.com/tosin2013/dagger-autofix/pull_request_engine.go:372.32,374.3 1 1
github.com/tosin2013/dagger-autofix/pull_request_engine.go:377.2,382.29 5 2
github.com/tosin2013/dagger-autofix/pull_request_engine.go:382.29,384.3 1 1
github.com/tosin2013/dagger-autofix/pull_request_engine.go:387.2,387.30 1 2
github.com/tosin2013/dagger-autofix/pull_request_engine.go:387.30,389.42 2 1
github.com/tosin2013/dagger-autofix/pull_request_engine.go:389.42,392.4 2 1
github.com/tosin2013/dagger-autofix/pull_request_engine.go:393.3,393.25 1 1
github.com/tosin2013/dagger-autofix/pull_request_engine.go:397.2,403.28 5 2
github.com/tosin2013/dagger-autofix/pull_request_engine.go:403.28,405.38 2 1
github.com/tosin2013/dagger-autofix/pull_request_engine.go:405.38,407.4 1 1
github.com/tosin2013/dagger-autofix/pull_request_engine.go:408.3,408.25 1 1
github.com/tosin2013/dagger-autofix/pull_request_engine.go:411.2,411.31 1 1
github.com/tosin2013/dagger-autofix/pull_request_engine.go:411.31,413.44 2 1
github.com/tosin2013/dagger-autofix/pull_request_engine.go:413.44,415.4 1 1
github.com/tosin2013/dagger-autofix/pull_request_engine.go:416.3,416.25 1 1
github.com/tosin2013/dagger-autofix/pull_request_engine.go:420.2,429.22 8 1
github.com/tosin2013/dagger-autofix/pull_request_engine.go:432.106,441.42 2 2
github.com/tosin2013/dagger-autofix/pull_request_engine.go:442.16,443.47 1 0
github.com/tosin2013/dagger-autofix/pull_request_engine.go:444.12,445.43 1 2
github.com/tosin2013/dagger-autofix/pull_request_engine.go:446.14,447.45 1 0
github.com/tosin2013/dagger-autofix/pull_request_engine.go:448.11,449.42 1 0
github.com/tosin2013/dagger-autofix/pull_request_engine.go:453.2,453.26 1 2
github.com/tosin2013/dagger-autofix/pull_request_engine.go:453.26,455.3 1 1
github.com/tosin2013/dagger-autofix/pull_request_engine.go:455.8,455.33 1 1
github.com/tosin2013/dagger-autofix/pull_request_engine.go:455.33,457.3 1 0
github.com/tosin2013/dagger-autofix/pull_request_engine.go:457.8,459.3 1 1
github.com/tosin2013/dagger-autofix/pull_request_engine.go:461.2,461.15 1 2
github.com/tosin2013/dagger-autofix/pull_request_engine.go:464.118,474.16 3 6
github.com/tosin2013/dagger-autofix/pull_request_engine.go:474.16,476.3 1 0
github.com/tosin2013/dagger-autofix/pull_request_engine.go:479.2,479.29 1 0
github.com/tosin2013/dagger-autofix/pull_request_engine.go:479.29,480.165 1 0
github.com/tosin2013/dagger-autofix/pull_request_engine.go:480.165,482.4 1 0
github.com/tosin2013/dagger-autofix/pull_request_engine.go:486.2,486.32 1 0
github.com/tosin2013/dagger-autofix/pull_request_engine.go:486.32,490.173 2 0
github.com/tosin2013/dagger-autofix/pull_request_engine.go:490.173,492.4 1 0
github.com/tosin2013/dagger-autofix/pull_request_engine.go:496.2,496.32 1 0
github.com/tosin2013/dagger-autofix/pull_request_engine.go:496.32,497.164 1 0
github.com/tosin2013/dagger-autofix/pull_request_engine.go:497.164,499.4 1 0
github.com/tosin2013/dagger-autofix/pull_request_engine.go:502.2,513.8 1 0
github.com/tosin2013/dagger-autofix/pull_request_engine.go:516.146,550.2 4 1
github.com/tosin2013/dagger-autofix/pull_request_engine.go:554.33,555.7 1 3
github.com/tosin2013/dagger-autofix/pull_request_engine.go:555.7,557.3 1 2
github.com/tosin2013/dagger-autofix/pull_request_engine.go:558.2,558.14 1 1
github.com/tosin2013/dagger-autofix/pull_request_engine.go:561.50,562.22 1 6
github.com/tosin2013/dagger-autofix/pull_request_engine.go:562.22,564.3 1 4
github.com/tosin2013/dagger-autofix/pull_request_engine.go:565.2,565.27 1 2
github.com/tosin2013/dagger-autofix/pull_request_engine.go:568.37,587.2 1 43
github.com/tosin2013/dagger-autofix/test_engine.go:53.72,60.2 1 36
github.com/tosin2013/dagger-autofix/test_engine.go:63.101,73.16 4 4
github.com/tosin2013/dagger-autofix/test_engine.go:73.16,75.3 1 0
github.com/tosin2013/dagger-autofix/test_engine.go:78.2,79.16 2 0
github.com/tosin2013/dagger-autofix/test_engine.go:79.16,81.3 1 0
github.com/tosin2013/dagger-autofix/test_engine.go:83.2,87.16 3 0
github.com/tosin2013/dagger-autofix/test_engine.go:87.16,89.3 1 0
github.com/tosin2013/dagger-autofix/test_engine.go:92.2,93.16 2 0
github.com/tosin2013/dagger-autofix/test_engine.go:93.16,105.3 1 0
github.com/tosin2013/dagger-autofix/test_engine.go:108.2,109.16 2 0
github.com/tosin2013/dagger-autofix/test_engine.go:109.16,122.3 1 0
github.com/tosin2013/dagger-autofix/test_engine.go:125.2,126.16 2 0
github.com/tosin2013/dagger-autofix/test_engine.go:126.16,129.3 2 0
github.com/tosin2013/dagger-autofix/test_engine.go:132.2,152.26 3 0
github.com/tosin2013/dagger-autofix/test_engine.go:152.26,154.3 1 0
github.com/tosin2013/dagger-autofix/test_engine.go:156.2,156.54 1 0
github.com/tosin2013/dagger-autofix/test_engine.go:156.54,158.3 1 0
github.com/tosin2013/dagger-autofix/test_engine.go:160.2,168.20 2 0
github.com/tosin2013/dagger-autofix/test_engine.go:172.96,173.48 1 7
github.com/tosin2013/dagger-autofix/test_engine.go:173.48,175.3 1 3
github.com/tosin2013/dagger-autofix/test_engine.go:176.2,176.12 1 3
github.com/tosin2013/dagger-autofix/test_engine.go:180.132,186.18 3 1
github.com/tosin2013/dagger-autofix/test_engine.go:187.15,188.66 1 1
github.com/tosin2013/dagger-autofix/test_engine.go:189.21,190.69 1 0
github.com/tosin2013/dagger-autofix/test_engine.go:191.24,192.72 1 0
github.com/tosin2013/dagger-autofix/test_engine.go:193.15,194.66 1 0
github.com/tosin2013/dagger-autofix/test_engine.go:198.2,205.19 3 1
github.com/tosin2013/dagger-autofix/test_engine.go:210.118,222.2 3 8
github.com/tosin2013/dagger-autofix/test_engine.go:224.112,228.29 2 3
github.com/tosin2013/dagger-autofix/test_engine.go:228.29,230.17 2 3
github.com/tosin2013/dagger-autofix/test_engine.go:230.17,232.4 1 0
github.com/tosin2013/dagger-autofix/test_engine.go:236.2,236.41 1 0
github.com/tosin2013/dagger-autofix/test_engine.go:239.73,240.20 1 27
github.com/tosin2013/dagger-autofix/test_engine.go:240.20,242.3 1 2
github.com/tosin2013/dagger-autofix/test_engine.go:244.2,244.18 1 25
github.com/tosin2013/dagger-autofix/test_engine.go:245.22,246.36 1 4
github.com/tosin2013/dagger-autofix/test_engine.go:247.16,248.36 1 4
github.com/tosin2013/dagger-autofix/test_engine.go:249.17,250.35 1 4
github.com/tosin2013/dagger-autofix/test_engine.go:251.26,252.36 1 4
github.com/tosin2013/dagger-autofix/test_engine.go:253.20,254.34 1 3
github.com/tosin2013/dagger-autofix/test_engine.go:255.23,256.33 1 1
github.com/tosin2013/dagger-autofix/test_engine.go:257.30,258.37 1 1
github.com/tosin2013/dagger-autofix/test_engine.go:259.10,261.85 1 4
github.com/tosin2013/dagger-autofix/test_engine.go:261.85,263.4 1 1
github.com/tosin2013/dagger-autofix/test_engine.go:265.3,265.13 1 3
github.com/tosin2013/dagger-autofix/test_engine.go:269.125,270.33 1 2
github.com/tosin2013/dagger-autofix/test_engine.go:270.33,272.3 1 1
github.com/tosin2013/dagger-autofix/test_engine.go:274.2,277.48 2 1
github.com/tosin2013/dagger-autofix/test_engine.go:277.48,279.3 1 1
github.com/tosin2013/dagger-autofix/test_engine.go:281.2,282.16 2 0
github.com/tosin2013/dagger-autofix/test_engine.go:282.16,284.3 1 0
github.com/tosin2013/dagger-autofix/test_engine.go:286.2,286.20 1 0
github.com/tosin2013/dagger-autofix/test_engine.go:289.123,290.34 1 4
github.com/tosin2013/dagger-autofix/test_engine.go:290.34,292.3 1 2
github.com/tosin2013/dagger-autofix/test_engine.go:294.2,297.48 2 2
github.com/tosin2013/dagger-autofix/test_engine.go:297.48,299.3 1 2
github.com/tosin2013/dagger-autofix/test_engine.go:301.2,302.16 2 0
github.com/tosin2013/dagger-autofix/test_engine.go:302.16,304.3 1 0
github.com/tosin2013/dagger-autofix/test_engine.go:306.2,306.20 1 0
github.com/tosin2013/dagger-autofix/test_engine.go:309.127,313.48 2 4
github.com/tosin2013/dagger-autofix/test_engine.go:313.48,315.3 1 3
github.com/tosin2013/dagger-autofix/test_engine.go:317.2,318.16 2 1
github.com/tosin2013/dagger-autofix/test_engine.go:318.16,320.3 1 0
github.com/tosin2013/dagger-autofix/test_engine.go:322.2,322.20 1 0
github.com/tosin2013/dagger-autofix/test_engine.go:331.143,332.37 1 4
github.com/tosin2013/dagger-autofix/test_engine.go:332.37,334.3 1 2
github.com/tosin2013/dagger-autofix/test_engine.go:336.2,339.48 2 2
github.com/tosin2013/dagger-autofix/test_engine.go:339.48,341.3 1 2
github.com/tosin2013/dagger-autofix/test_engine.go:343.2,344.16 2 0
github.com/tosin2013/dagger-autofix/test_engine.go:344.16,346.3 1 0
github.com/tosin2013/dagger-autofix/test_engine.go:349.2,358.8 2 0
github.com/tosin2013/dagger-autofix/test_engine.go:368.89,373.29 3 3
github.com/tosin2013/dagger-autofix/test_engine.go:373.29,375.73 1 15
github.com/tosin2013/dagger-autofix/test_engine.go:375.73,376.39 1 3
github.com/tosin2013/dagger-autofix/test_engine.go:376.39,378.5 1 2
github.com/tosin2013/dagger-autofix/test_engine.go:378.10,378.46 1 1
github.com/tosin2013/dagger-autofix/test_engine.go:378.46,380.5 1 1
github.com/tosin2013/dagger-autofix/test_engine.go:381.4,381.17 1 3
github.com/tosin2013/dagger-autofix/test_engine.go:385.3,385.39 1 15
github.com/tosin2013/dagger-autofix/test_engine.go:385.39,388.31 2 1
github.com/tosin2013/dagger-autofix/test_engine.go:388.31,389.35 1 7
github.com/tosin2013/dagger-autofix/test_engine.go:389.35,390.58 1 1
github.com/tosin2013/dagger-autofix/test_engine.go:390.58,392.7 1 1
github.com/tosin2013/dagger-autofix/test_engine.go:394.5,394.35 1 7
github.com/tosin2013/dagger-autofix/test_engine.go:394.35,395.58 1 1
github.com/tosin2013/dagger-autofix/test_engine.go:395.58,397.7 1 1
github.com/tosin2013/dagger-autofix/test_engine.go:399.5,399.33 1 7
github.com/tosin2013/dagger-autofix/test_engine.go:399.33,400.58 1 1
github.com/tosin2013/dagger-autofix/test_engine.go:400.58,402.7 1 1
github.com/tosin2013/dagger-autofix/test_engine.go:408.3,409.74 1 15
github.com/tosin2013/dagger-autofix/test_engine.go:409.74,411.12 1 3
github.com/tosin2013/dagger-autofix/test_engine.go:416.2,416.64 1 3
github.com/tosin2013/dagger-autofix/test_engine.go:416.64,418.3 1 0
github.com/tosin2013/dagger-autofix/test_engine.go:420.2,420.14 1 3
github.com/tosin2013/dagger-autofix/test_engine.go:423.91,426.29 2 5
github.com/tosin2013/dagger-autofix/test_engine.go:426.29,428.87 1 5
github.com/tosin2013/dagger-autofix/test_engine.go:428.87,430.31 2 1
github.com/tosin2013/dagger-autofix/test_engine.go:430.31,431.37 1 2
github.com/tosin2013/dagger-autofix/test_engine.go:431.37,433.68 2 1
github.com/tosin2013/dagger-autofix/test_engine.go:433.68,435.7 1 1
github.com/tosin2013/dagger-autofix/test_engine.go:441.3,441.73 1 4
github.com/tosin2013/dagger-autofix/test_engine.go:441.73,443.23 2 1
github.com/tosin2013/dagger-autofix/test_engine.go:443.23,445.67 2 1
github.com/tosin2013/dagger-autofix/test_engine.go:445.67,447.6 1 1
github.com/tosin2013/dagger-autofix/test_engine.go:452.3,452.69 1 3
github.com/tosin2013/dagger-autofix/test_engine.go:452.69,454.31 2 1
github.com/tosin2013/dagger-autofix/test_engine.go:454.31,455.37 1 2
github.com/tosin2013/dagger-autofix/test_engine.go:455.37,457.68 2 1
github.com/tosin2013/dagger-autofix/test_engine.go:457.68,459.7 1 1
github.com/tosin2013/dagger-autofix/test_engine.go:464.2,464.12 1 2
github.com/tosin2013/dagger-autofix/test_engine.go:467.103,471.37 2 2
github.com/tosin2013/dagger-autofix/test_engine.go:471.37,472.64 1 2
github.com/tosin2013/dagger-autofix/test_engine.go:472.64,480.4 1 2
github.com/tosin2013/dagger-autofix/test_engine.go:483.2,483.14 1 2
github.com/tosin2013/dagger-autofix/test_engine.go:486.106,494.2 1 1
github.com/tosin2013/dagger-autofix/test_engine.go:496.109,504.2 1 1
github.com/tosin2013/dagger-autofix/test_engine.go:506.103,514.2 1 1
github.com/tosin2013/dagger-autofix/test_engine.go:516.106,524.2 1 2
github.com/tosin2013/dagger-autofix/test_engine.go:528.53,615.2 1 37
github.com/tosin2013/dagger-autofix/test_engine.go:617.51,656.2 1 37
github.com/tosin2013/dagger-autofix/test_helpers.go:8.58,9.16 1 4189
github.com/tosin2013/dagger-autofix/test_helpers.go:9.16,11.3 1 0
github.com/tosin2013/dagger-autofix/test_helpers.go:14.2,14.25 1 4189
github.com/tosin2013/dagger-autofix/test_helpers.go:19.46,20.16 1 1
github.com/tosin2013/dagger-autofix/test_helpers.go:20.16,22.3 1 0
github.com/tosin2013/dagger-autofix/test_helpers.go:23.2,23.12 1 1
github.com/tosin2013/dagger-autofix/types.go:96.43,97.11 1 17
github.com/tosin2013/dagger-autofix/types.go:98.29,99.33 1 1
github.com/tosin2013/dagger-autofix/types.go:100.19,101.23 1 1
github.com/tosin2013/dagger-autofix/types.go:102.19,103.23 1 1
github.com/tosin2013/dagger-autofix/types.go:104.25,105.29 1 8
github.com/tosin2013/dagger-autofix/types.go:106.20,107.24 1 2
github.com/tosin2013/dagger-autofix/types.go:108.25,109.29 1 1
github.com/tosin2013/dagger-autofix/types.go:110.28,111.32 1 1
github.com/tosin2013/dagger-autofix/types.go:112.23,113.27 1 1
github.com/tosin2013/dagger-autofix/types.go:114.10,115.19 1 1
github.com/tosin2013/dagger-autofix/types.go:280.118,285.15 3 3
github.com/tosin2013/dagger-autofix/types.go:285.15,286.31 1 3
github.com/tosin2013/dagger-autofix/types.go:286.31,290.4 2 3
github.com/tosin2013/dagger-autofix/types.go:293.2,294.16 2 3
github.com/tosin2013/dagger-autofix/types.go:294.16,296.3 1 0
github.com/tosin2013/dagger-autofix/types.go:299.2,299.129 1 0
github.com/tosin2013/dagger-autofix/types.go:299.129,301.3 1 0
github.com/tosin2013/dagger-autofix/types.go:303.2,314.8 4 0
github.com/tosin2013/dagger-autofix/types.go:318.100,320.16 2 4
github.com/tosin2013/dagger-autofix/types.go:320.16,322.3 1 0
github.com/tosin2013/dagger-autofix/types.go:324.2,335.8 1 0
github.com/tosin2013/dagger-autofix/types.go:339.102,342.16 2 1
github.com/tosin2013/dagger-autofix/types.go:342.16,344.3 1 0
github.com/tosin2013/dagger-autofix/types.go:346.2,354.32 4 0
github.com/tosin2013/dagger-autofix/types.go:354.32,357.17 2 0
github.com/tosin2013/dagger-autofix/types.go:357.17,359.12 2 0
github.com/tosin2013/dagger-autofix/types.go:363.3,368.34 4 0
github.com/tosin2013/dagger-autofix/types.go:368.34,369.41 1 0
github.com/tosin2013/dagger-autofix/types.go:369.41,371.5 1 0
github.com/tosin2013/dagger-autofix/types.go:375.2,378.18 3 0
github.com/tosin2013/dagger-autofix/types.go:382.96,391.16 3 1
github.com/tosin2013/dagger-autofix/types.go:391.16,393.3 1 0
github.com/tosin2013/dagger-autofix/types.go:395.2,396.40 2 0
github.com/tosin2013/dagger-autofix/types.go:396.40,408.3 1 0
github.com/tosin2013/dagger-autofix/types.go:410.2,410.24 1 0
github.com/tosin2013/dagger-autofix/types.go:414.124,417.16 2 3
github.com/tosin2013/dagger-autofix/types.go:417.16,419.3 1 0
github.com/tosin2013/dagger-autofix/types.go:422.2,430.16 3 0
github.com/tosin2013/dagger-autofix/types.go:430.16,432.3 1 0
github.com/tosin2013/dagger-autofix/types.go:435.2,435.33 1 0
github.com/tosin2013/dagger-autofix/types.go:435.33,436.68 1 0
github.com/tosin2013/dagger-autofix/types.go:436.68,438.4 1 0
github.com/tosin2013/dagger-autofix/types.go:442.2,442.20 1 0
github.com/tosin2013/dagger-autofix/types.go:442.20,443.102 1 0
github.com/tosin2013/dagger-autofix/types.go:443.102,445.4 1 0
github.com/tosin2013/dagger-autofix/types.go:448.2,448.21 1 0
github.com/tosin2013/dagger-autofix/types.go:451.106,457.2 2 5
