mode: set
/home/runner/work/dagger-autofix/dagger-autofix/cli.go:38.20,51.2 7 1
/home/runner/work/dagger-autofix/dagger-autofix/cli.go:54.31,56.2 1 0
/home/runner/work/dagger-autofix/dagger-autofix/cli.go:58.34,69.61 1 1
/home/runner/work/dagger-autofix/dagger-autofix/cli.go:69.61,72.4 2 0
/home/runner/work/dagger-autofix/dagger-autofix/cli.go:76.2,87.85 12 1
/home/runner/work/dagger-autofix/dagger-autofix/cli.go:90.31,184.2 15 1
/home/runner/work/dagger-autofix/dagger-autofix/cli.go:188.67,193.16 4 0
/home/runner/work/dagger-autofix/dagger-autofix/cli.go:193.16,195.3 1 0
/home/runner/work/dagger-autofix/dagger-autofix/cli.go:197.2,197.36 1 0
/home/runner/work/dagger-autofix/dagger-autofix/cli.go:200.67,203.16 3 0
/home/runner/work/dagger-autofix/dagger-autofix/cli.go:203.16,205.3 1 0
/home/runner/work/dagger-autofix/dagger-autofix/cli.go:207.2,211.16 4 0
/home/runner/work/dagger-autofix/dagger-autofix/cli.go:211.16,213.3 1 0
/home/runner/work/dagger-autofix/dagger-autofix/cli.go:215.2,216.16 2 0
/home/runner/work/dagger-autofix/dagger-autofix/cli.go:216.16,218.3 1 0
/home/runner/work/dagger-autofix/dagger-autofix/cli.go:220.2,221.12 2 0
/home/runner/work/dagger-autofix/dagger-autofix/cli.go:224.63,227.16 3 0
/home/runner/work/dagger-autofix/dagger-autofix/cli.go:227.16,229.3 1 0
/home/runner/work/dagger-autofix/dagger-autofix/cli.go:231.2,239.16 5 0
/home/runner/work/dagger-autofix/dagger-autofix/cli.go:239.16,241.3 1 0
/home/runner/work/dagger-autofix/dagger-autofix/cli.go:243.2,243.12 1 0
/home/runner/work/dagger-autofix/dagger-autofix/cli.go:243.12,246.17 2 0
/home/runner/work/dagger-autofix/dagger-autofix/cli.go:246.17,248.4 1 0
/home/runner/work/dagger-autofix/dagger-autofix/cli.go:250.3,251.17 2 0
/home/runner/work/dagger-autofix/dagger-autofix/cli.go:251.17,253.4 1 0
/home/runner/work/dagger-autofix/dagger-autofix/cli.go:255.3,257.13 3 0
/home/runner/work/dagger-autofix/dagger-autofix/cli.go:260.2,261.16 2 0
/home/runner/work/dagger-autofix/dagger-autofix/cli.go:261.16,263.3 1 0
/home/runner/work/dagger-autofix/dagger-autofix/cli.go:265.2,266.12 2 0
/home/runner/work/dagger-autofix/dagger-autofix/cli.go:269.68,275.16 5 0
/home/runner/work/dagger-autofix/dagger-autofix/cli.go:275.16,277.3 1 0
/home/runner/work/dagger-autofix/dagger-autofix/cli.go:279.2,280.16 2 0
/home/runner/work/dagger-autofix/dagger-autofix/cli.go:280.16,282.3 1 0
/home/runner/work/dagger-autofix/dagger-autofix/cli.go:284.2,285.12 2 0
/home/runner/work/dagger-autofix/dagger-autofix/cli.go:288.66,293.16 4 0
/home/runner/work/dagger-autofix/dagger-autofix/cli.go:293.16,295.3 1 0
/home/runner/work/dagger-autofix/dagger-autofix/cli.go:297.2,298.16 2 0
/home/runner/work/dagger-autofix/dagger-autofix/cli.go:298.16,300.3 1 0
/home/runner/work/dagger-autofix/dagger-autofix/cli.go:302.2,303.12 2 0
/home/runner/work/dagger-autofix/dagger-autofix/cli.go:306.70,311.2 3 0
/home/runner/work/dagger-autofix/dagger-autofix/cli.go:313.70,319.2 4 0
/home/runner/work/dagger-autofix/dagger-autofix/cli.go:321.74,326.16 4 0
/home/runner/work/dagger-autofix/dagger-autofix/cli.go:326.16,328.3 1 0
/home/runner/work/dagger-autofix/dagger-autofix/cli.go:330.2,331.12 2 0
/home/runner/work/dagger-autofix/dagger-autofix/cli.go:334.74,339.16 4 0
/home/runner/work/dagger-autofix/dagger-autofix/cli.go:339.16,341.3 1 0
/home/runner/work/dagger-autofix/dagger-autofix/cli.go:343.2,344.12 2 0
/home/runner/work/dagger-autofix/dagger-autofix/cli.go:347.67,356.16 6 0
/home/runner/work/dagger-autofix/dagger-autofix/cli.go:356.16,358.3 1 0
/home/runner/work/dagger-autofix/dagger-autofix/cli.go:361.2,367.16 3 0
/home/runner/work/dagger-autofix/dagger-autofix/cli.go:367.16,369.3 1 0
/home/runner/work/dagger-autofix/dagger-autofix/cli.go:371.2,376.12 2 0
/home/runner/work/dagger-autofix/dagger-autofix/cli.go:381.30,386.16 3 1
/home/runner/work/dagger-autofix/dagger-autofix/cli.go:386.16,388.3 1 1
/home/runner/work/dagger-autofix/dagger-autofix/cli.go:389.2,389.17 1 1
/home/runner/work/dagger-autofix/dagger-autofix/cli.go:389.17,391.3 1 1
/home/runner/work/dagger-autofix/dagger-autofix/cli.go:392.2,395.23 2 1
/home/runner/work/dagger-autofix/dagger-autofix/cli.go:396.14,397.49 1 1
/home/runner/work/dagger-autofix/dagger-autofix/cli.go:398.10,399.49 1 1
/home/runner/work/dagger-autofix/dagger-autofix/cli.go:403.35,405.22 2 0
/home/runner/work/dagger-autofix/dagger-autofix/cli.go:405.22,406.51 1 0
/home/runner/work/dagger-autofix/dagger-autofix/cli.go:406.51,408.4 1 0
/home/runner/work/dagger-autofix/dagger-autofix/cli.go:412.76,416.30 2 0
/home/runner/work/dagger-autofix/dagger-autofix/cli.go:416.30,418.3 1 0
/home/runner/work/dagger-autofix/dagger-autofix/cli.go:419.2,419.28 1 0
/home/runner/work/dagger-autofix/dagger-autofix/cli.go:419.28,421.3 1 0
/home/runner/work/dagger-autofix/dagger-autofix/cli.go:422.2,422.53 1 0
/home/runner/work/dagger-autofix/dagger-autofix/cli.go:422.53,424.3 1 0
/home/runner/work/dagger-autofix/dagger-autofix/cli.go:427.2,435.30 2 0
/home/runner/work/dagger-autofix/dagger-autofix/cli.go:438.63,457.2 14 1
/home/runner/work/dagger-autofix/dagger-autofix/cli.go:459.83,460.35 1 1
/home/runner/work/dagger-autofix/dagger-autofix/cli.go:460.35,463.3 2 0
/home/runner/work/dagger-autofix/dagger-autofix/cli.go:464.2,464.48 1 1
/home/runner/work/dagger-autofix/dagger-autofix/cli.go:464.48,466.3 1 1
/home/runner/work/dagger-autofix/dagger-autofix/cli.go:467.2,468.12 2 1
/home/runner/work/dagger-autofix/dagger-autofix/cli.go:471.77,472.35 1 1
/home/runner/work/dagger-autofix/dagger-autofix/cli.go:472.35,475.3 2 0
/home/runner/work/dagger-autofix/dagger-autofix/cli.go:476.2,476.48 1 1
/home/runner/work/dagger-autofix/dagger-autofix/cli.go:476.48,477.54 1 1
/home/runner/work/dagger-autofix/dagger-autofix/cli.go:477.54,479.4 1 1
/home/runner/work/dagger-autofix/dagger-autofix/cli.go:481.2,482.14 2 1
/home/runner/work/dagger-autofix/dagger-autofix/cli.go:482.14,484.3 1 1
/home/runner/work/dagger-autofix/dagger-autofix/cli.go:485.2,485.11 1 0
/home/runner/work/dagger-autofix/dagger-autofix/cli.go:488.79,489.35 1 1
/home/runner/work/dagger-autofix/dagger-autofix/cli.go:489.35,492.3 2 0
/home/runner/work/dagger-autofix/dagger-autofix/cli.go:493.2,493.48 1 1
/home/runner/work/dagger-autofix/dagger-autofix/cli.go:493.48,494.60 1 1
/home/runner/work/dagger-autofix/dagger-autofix/cli.go:494.60,496.4 1 1
/home/runner/work/dagger-autofix/dagger-autofix/cli.go:498.2,499.12 2 1
/home/runner/work/dagger-autofix/dagger-autofix/cli.go:502.58,531.16 3 1
/home/runner/work/dagger-autofix/dagger-autofix/cli.go:531.16,533.3 1 0
/home/runner/work/dagger-autofix/dagger-autofix/cli.go:534.2,537.16 3 1
/home/runner/work/dagger-autofix/dagger-autofix/cli.go:537.16,539.3 1 0
/home/runner/work/dagger-autofix/dagger-autofix/cli.go:541.2,542.12 2 1
/home/runner/work/dagger-autofix/dagger-autofix/cli.go:545.68,556.37 10 0
/home/runner/work/dagger-autofix/dagger-autofix/cli.go:556.37,558.47 2 0
/home/runner/work/dagger-autofix/dagger-autofix/cli.go:558.47,560.4 1 0
/home/runner/work/dagger-autofix/dagger-autofix/cli.go:563.2,563.37 1 0
/home/runner/work/dagger-autofix/dagger-autofix/cli.go:563.37,565.50 2 0
/home/runner/work/dagger-autofix/dagger-autofix/cli.go:565.50,567.4 1 0
/home/runner/work/dagger-autofix/dagger-autofix/cli.go:569.2,569.15 1 0
/home/runner/work/dagger-autofix/dagger-autofix/cli.go:572.57,574.28 2 0
/home/runner/work/dagger-autofix/dagger-autofix/cli.go:574.28,582.27 7 0
/home/runner/work/dagger-autofix/dagger-autofix/cli.go:582.27,584.39 2 0
/home/runner/work/dagger-autofix/dagger-autofix/cli.go:584.39,586.5 1 0
/home/runner/work/dagger-autofix/dagger-autofix/cli.go:589.3,589.25 1 0
/home/runner/work/dagger-autofix/dagger-autofix/cli.go:589.25,591.35 2 0
/home/runner/work/dagger-autofix/dagger-autofix/cli.go:591.35,593.5 1 0
/home/runner/work/dagger-autofix/dagger-autofix/cli.go:596.2,596.15 1 0
/home/runner/work/dagger-autofix/dagger-autofix/cli.go:599.57,604.31 4 0
/home/runner/work/dagger-autofix/dagger-autofix/cli.go:604.31,610.3 5 0
/home/runner/work/dagger-autofix/dagger-autofix/cli.go:612.2,612.23 1 0
/home/runner/work/dagger-autofix/dagger-autofix/cli.go:612.23,617.3 4 0
/home/runner/work/dagger-autofix/dagger-autofix/cli.go:618.2,618.15 1 0
/home/runner/work/dagger-autofix/dagger-autofix/cli.go:621.51,631.28 9 0
/home/runner/work/dagger-autofix/dagger-autofix/cli.go:631.28,633.37 2 0
/home/runner/work/dagger-autofix/dagger-autofix/cli.go:633.37,635.4 1 0
/home/runner/work/dagger-autofix/dagger-autofix/cli.go:637.2,637.15 1 0
/home/runner/work/dagger-autofix/dagger-autofix/cli.go:640.57,649.2 8 0
/home/runner/work/dagger-autofix/dagger-autofix/cli.go:651.46,665.2 13 1
/home/runner/work/dagger-autofix/dagger-autofix/cli.go:667.46,668.21 1 1
/home/runner/work/dagger-autofix/dagger-autofix/cli.go:668.21,670.3 1 1
/home/runner/work/dagger-autofix/dagger-autofix/cli.go:674.2,679.34 2 1
/home/runner/work/dagger-autofix/dagger-autofix/cli.go:679.34,680.34 1 1
/home/runner/work/dagger-autofix/dagger-autofix/cli.go:680.34,682.4 1 1
/home/runner/work/dagger-autofix/dagger-autofix/cli.go:687.2,688.64 2 1
/home/runner/work/dagger-autofix/dagger-autofix/cli.go:688.64,690.3 1 0
/home/runner/work/dagger-autofix/dagger-autofix/cli.go:691.2,691.57 1 1
/home/runner/work/dagger-autofix/dagger-autofix/cli.go:695.13,697.38 2 0
/home/runner/work/dagger-autofix/dagger-autofix/cli.go:697.38,699.3 1 0
/home/runner/work/dagger-autofix/dagger-autofix/failure_analysis.go:48.99,55.2 1 0
/home/runner/work/dagger-autofix/dagger-autofix/failure_analysis.go:58.128,80.16 7 0
/home/runner/work/dagger-autofix/dagger-autofix/failure_analysis.go:80.16,82.3 1 0
/home/runner/work/dagger-autofix/dagger-autofix/failure_analysis.go:85.2,86.16 2 0
/home/runner/work/dagger-autofix/dagger-autofix/failure_analysis.go:86.16,88.3 1 0
/home/runner/work/dagger-autofix/dagger-autofix/failure_analysis.go:91.2,107.22 8 0
/home/runner/work/dagger-autofix/dagger-autofix/failure_analysis.go:111.125,127.16 5 0
/home/runner/work/dagger-autofix/dagger-autofix/failure_analysis.go:127.16,129.3 1 0
/home/runner/work/dagger-autofix/dagger-autofix/failure_analysis.go:132.2,133.16 2 0
/home/runner/work/dagger-autofix/dagger-autofix/failure_analysis.go:133.16,135.3 1 0
/home/runner/work/dagger-autofix/dagger-autofix/failure_analysis.go:138.2,138.28 1 0
/home/runner/work/dagger-autofix/dagger-autofix/failure_analysis.go:138.28,140.3 1 0
/home/runner/work/dagger-autofix/dagger-autofix/failure_analysis.go:142.2,147.19 2 0
/home/runner/work/dagger-autofix/dagger-autofix/failure_analysis.go:151.95,153.21 2 0
/home/runner/work/dagger-autofix/dagger-autofix/failure_analysis.go:153.21,156.3 2 0
/home/runner/work/dagger-autofix/dagger-autofix/failure_analysis.go:159.2,159.53 1 0
/home/runner/work/dagger-autofix/dagger-autofix/failure_analysis.go:159.53,160.92 1 0
/home/runner/work/dagger-autofix/dagger-autofix/failure_analysis.go:160.92,169.4 2 0
/home/runner/work/dagger-autofix/dagger-autofix/failure_analysis.go:173.2,179.3 1 0
/home/runner/work/dagger-autofix/dagger-autofix/failure_analysis.go:183.113,196.35 8 0
/home/runner/work/dagger-autofix/dagger-autofix/failure_analysis.go:196.35,198.3 1 0
/home/runner/work/dagger-autofix/dagger-autofix/failure_analysis.go:199.2,199.36 1 0
/home/runner/work/dagger-autofix/dagger-autofix/failure_analysis.go:199.36,201.3 1 0
/home/runner/work/dagger-autofix/dagger-autofix/failure_analysis.go:204.2,208.34 3 0
/home/runner/work/dagger-autofix/dagger-autofix/failure_analysis.go:208.34,210.44 2 0
/home/runner/work/dagger-autofix/dagger-autofix/failure_analysis.go:210.44,212.4 1 0
/home/runner/work/dagger-autofix/dagger-autofix/failure_analysis.go:213.3,213.32 1 0
/home/runner/work/dagger-autofix/dagger-autofix/failure_analysis.go:217.2,217.31 1 0
/home/runner/work/dagger-autofix/dagger-autofix/failure_analysis.go:217.31,220.29 3 0
/home/runner/work/dagger-autofix/dagger-autofix/failure_analysis.go:220.29,222.4 1 0
/home/runner/work/dagger-autofix/dagger-autofix/failure_analysis.go:223.3,224.34 2 0
/home/runner/work/dagger-autofix/dagger-autofix/failure_analysis.go:228.2,228.32 1 0
/home/runner/work/dagger-autofix/dagger-autofix/failure_analysis.go:228.32,230.44 2 0
/home/runner/work/dagger-autofix/dagger-autofix/failure_analysis.go:230.44,231.14 1 0
/home/runner/work/dagger-autofix/dagger-autofix/failure_analysis.go:231.14,232.10 1 0
/home/runner/work/dagger-autofix/dagger-autofix/failure_analysis.go:234.4,235.42 2 0
/home/runner/work/dagger-autofix/dagger-autofix/failure_analysis.go:235.42,237.5 1 0
/home/runner/work/dagger-autofix/dagger-autofix/failure_analysis.go:238.4,238.28 1 0
/home/runner/work/dagger-autofix/dagger-autofix/failure_analysis.go:242.2,251.24 9 0
/home/runner/work/dagger-autofix/dagger-autofix/failure_analysis.go:255.98,266.37 6 0
/home/runner/work/dagger-autofix/dagger-autofix/failure_analysis.go:266.37,268.47 2 0
/home/runner/work/dagger-autofix/dagger-autofix/failure_analysis.go:268.47,270.4 1 0
/home/runner/work/dagger-autofix/dagger-autofix/failure_analysis.go:271.3,271.27 1 0
/home/runner/work/dagger-autofix/dagger-autofix/failure_analysis.go:275.2,275.37 1 0
/home/runner/work/dagger-autofix/dagger-autofix/failure_analysis.go:275.37,277.50 2 0
/home/runner/work/dagger-autofix/dagger-autofix/failure_analysis.go:277.50,279.4 1 0
/home/runner/work/dagger-autofix/dagger-autofix/failure_analysis.go:280.3,280.27 1 0
/home/runner/work/dagger-autofix/dagger-autofix/failure_analysis.go:284.2,285.48 2 0
/home/runner/work/dagger-autofix/dagger-autofix/failure_analysis.go:285.48,287.3 1 0
/home/runner/work/dagger-autofix/dagger-autofix/failure_analysis.go:288.2,288.49 1 0
/home/runner/work/dagger-autofix/dagger-autofix/failure_analysis.go:288.49,290.3 1 0
/home/runner/work/dagger-autofix/dagger-autofix/failure_analysis.go:292.2,304.24 12 0
/home/runner/work/dagger-autofix/dagger-autofix/failure_analysis.go:308.123,313.38 3 0
/home/runner/work/dagger-autofix/dagger-autofix/failure_analysis.go:313.38,315.3 1 0
/home/runner/work/dagger-autofix/dagger-autofix/failure_analysis.go:317.2,319.69 3 0
/home/runner/work/dagger-autofix/dagger-autofix/failure_analysis.go:319.69,321.3 1 0
/home/runner/work/dagger-autofix/dagger-autofix/failure_analysis.go:324.2,326.56 2 0
/home/runner/work/dagger-autofix/dagger-autofix/failure_analysis.go:326.56,328.3 1 0
/home/runner/work/dagger-autofix/dagger-autofix/failure_analysis.go:329.2,329.59 1 0
/home/runner/work/dagger-autofix/dagger-autofix/failure_analysis.go:329.59,331.3 1 0
/home/runner/work/dagger-autofix/dagger-autofix/failure_analysis.go:334.2,334.76 1 0
/home/runner/work/dagger-autofix/dagger-autofix/failure_analysis.go:334.76,342.3 1 0
/home/runner/work/dagger-autofix/dagger-autofix/failure_analysis.go:345.2,345.63 1 0
/home/runner/work/dagger-autofix/dagger-autofix/failure_analysis.go:345.63,346.30 1 0
/home/runner/work/dagger-autofix/dagger-autofix/failure_analysis.go:346.30,347.40 1 0
/home/runner/work/dagger-autofix/dagger-autofix/failure_analysis.go:347.40,349.5 1 0
/home/runner/work/dagger-autofix/dagger-autofix/failure_analysis.go:354.2,354.66 1 0
/home/runner/work/dagger-autofix/dagger-autofix/failure_analysis.go:354.66,355.36 1 0
/home/runner/work/dagger-autofix/dagger-autofix/failure_analysis.go:355.36,356.62 1 0
/home/runner/work/dagger-autofix/dagger-autofix/failure_analysis.go:356.62,363.5 1 0
/home/runner/work/dagger-autofix/dagger-autofix/failure_analysis.go:367.2,367.22 1 0
/home/runner/work/dagger-autofix/dagger-autofix/failure_analysis.go:371.127,386.2 2 0
/home/runner/work/dagger-autofix/dagger-autofix/failure_analysis.go:389.125,394.38 3 0
/home/runner/work/dagger-autofix/dagger-autofix/failure_analysis.go:394.38,396.3 1 0
/home/runner/work/dagger-autofix/dagger-autofix/failure_analysis.go:398.2,400.69 3 0
/home/runner/work/dagger-autofix/dagger-autofix/failure_analysis.go:400.69,402.3 1 0
/home/runner/work/dagger-autofix/dagger-autofix/failure_analysis.go:404.2,405.33 2 0
/home/runner/work/dagger-autofix/dagger-autofix/failure_analysis.go:405.33,418.60 2 0
/home/runner/work/dagger-autofix/dagger-autofix/failure_analysis.go:418.60,419.35 1 0
/home/runner/work/dagger-autofix/dagger-autofix/failure_analysis.go:419.35,420.61 1 0
/home/runner/work/dagger-autofix/dagger-autofix/failure_analysis.go:420.61,428.6 1 0
/home/runner/work/dagger-autofix/dagger-autofix/failure_analysis.go:432.3,432.29 1 0
/home/runner/work/dagger-autofix/dagger-autofix/failure_analysis.go:435.2,435.19 1 0
/home/runner/work/dagger-autofix/dagger-autofix/failure_analysis.go:439.129,450.2 2 0
/home/runner/work/dagger-autofix/dagger-autofix/failure_analysis.go:453.119,455.75 1 0
/home/runner/work/dagger-autofix/dagger-autofix/failure_analysis.go:455.75,458.3 2 0
/home/runner/work/dagger-autofix/dagger-autofix/failure_analysis.go:462.103,485.18 2 0
/home/runner/work/dagger-autofix/dagger-autofix/failure_analysis.go:486.21,492.5 1 0
/home/runner/work/dagger-autofix/dagger-autofix/failure_analysis.go:493.19,499.5 1 0
/home/runner/work/dagger-autofix/dagger-autofix/failure_analysis.go:502.2,502.34 1 0
/home/runner/work/dagger-autofix/dagger-autofix/failure_analysis.go:507.83,508.39 1 0
/home/runner/work/dagger-autofix/dagger-autofix/failure_analysis.go:508.39,510.3 1 0
/home/runner/work/dagger-autofix/dagger-autofix/failure_analysis.go:511.2,511.21 1 0
/home/runner/work/dagger-autofix/dagger-autofix/failure_analysis.go:514.91,515.40 1 0
/home/runner/work/dagger-autofix/dagger-autofix/failure_analysis.go:515.40,517.3 1 0
/home/runner/work/dagger-autofix/dagger-autofix/failure_analysis.go:518.2,518.21 1 0
/home/runner/work/dagger-autofix/dagger-autofix/failure_analysis.go:521.76,522.46 1 0
/home/runner/work/dagger-autofix/dagger-autofix/failure_analysis.go:522.46,524.28 2 0
/home/runner/work/dagger-autofix/dagger-autofix/failure_analysis.go:524.28,525.36 1 0
/home/runner/work/dagger-autofix/dagger-autofix/failure_analysis.go:525.36,527.5 1 0
/home/runner/work/dagger-autofix/dagger-autofix/failure_analysis.go:529.3,529.16 1 0
/home/runner/work/dagger-autofix/dagger-autofix/failure_analysis.go:531.2,531.19 1 0
/home/runner/work/dagger-autofix/dagger-autofix/failure_analysis.go:535.48,590.2 1 0
/home/runner/work/dagger-autofix/dagger-autofix/failure_analysis.go:593.45,655.2 1 0
/home/runner/work/dagger-autofix/dagger-autofix/improvements.go:77.61,78.21 1 0
/home/runner/work/dagger-autofix/dagger-autofix/improvements.go:78.21,80.3 1 0
/home/runner/work/dagger-autofix/dagger-autofix/improvements.go:82.2,82.29 1 0
/home/runner/work/dagger-autofix/dagger-autofix/improvements.go:82.29,84.3 1 0
/home/runner/work/dagger-autofix/dagger-autofix/improvements.go:87.2,92.30 4 0
/home/runner/work/dagger-autofix/dagger-autofix/improvements.go:92.30,93.40 1 0
/home/runner/work/dagger-autofix/dagger-autofix/improvements.go:93.40,95.4 1 0
/home/runner/work/dagger-autofix/dagger-autofix/improvements.go:98.2,98.29 1 0
/home/runner/work/dagger-autofix/dagger-autofix/improvements.go:102.83,103.16 1 0
/home/runner/work/dagger-autofix/dagger-autofix/improvements.go:103.16,105.3 1 0
/home/runner/work/dagger-autofix/dagger-autofix/improvements.go:107.2,110.22 3 0
/home/runner/work/dagger-autofix/dagger-autofix/improvements.go:110.22,112.29 2 0
/home/runner/work/dagger-autofix/dagger-autofix/improvements.go:112.29,114.4 1 0
/home/runner/work/dagger-autofix/dagger-autofix/improvements.go:117.2,117.55 1 0
/home/runner/work/dagger-autofix/dagger-autofix/improvements.go:121.93,122.20 1 0
/home/runner/work/dagger-autofix/dagger-autofix/improvements.go:122.20,124.3 1 0
/home/runner/work/dagger-autofix/dagger-autofix/improvements.go:126.2,127.6 2 0
/home/runner/work/dagger-autofix/dagger-autofix/improvements.go:127.6,129.20 2 0
/home/runner/work/dagger-autofix/dagger-autofix/improvements.go:129.20,130.9 1 0
/home/runner/work/dagger-autofix/dagger-autofix/improvements.go:132.3,132.17 1 0
/home/runner/work/dagger-autofix/dagger-autofix/improvements.go:132.17,136.4 1 0
/home/runner/work/dagger-autofix/dagger-autofix/improvements.go:138.3,138.47 1 0
/home/runner/work/dagger-autofix/dagger-autofix/improvements.go:138.47,142.4 1 0
/home/runner/work/dagger-autofix/dagger-autofix/improvements.go:145.2,145.12 1 0
/home/runner/work/dagger-autofix/dagger-autofix/improvements.go:149.115,152.53 2 0
/home/runner/work/dagger-autofix/dagger-autofix/improvements.go:152.53,153.10 1 0
/home/runner/work/dagger-autofix/dagger-autofix/improvements.go:154.21,155.20 1 0
/home/runner/work/dagger-autofix/dagger-autofix/improvements.go:156.11,156.11 0 0
/home/runner/work/dagger-autofix/dagger-autofix/improvements.go:159.3,159.37 1 0
/home/runner/work/dagger-autofix/dagger-autofix/improvements.go:159.37,162.28 2 0
/home/runner/work/dagger-autofix/dagger-autofix/improvements.go:162.28,164.31 2 0
/home/runner/work/dagger-autofix/dagger-autofix/improvements.go:164.31,166.6 1 0
/home/runner/work/dagger-autofix/dagger-autofix/improvements.go:168.5,168.12 1 0
/home/runner/work/dagger-autofix/dagger-autofix/improvements.go:169.30,170.14 1 0
/home/runner/work/dagger-autofix/dagger-autofix/improvements.go:171.23,172.22 1 0
/home/runner/work/dagger-autofix/dagger-autofix/improvements.go:175.9,177.4 1 0
/home/runner/work/dagger-autofix/dagger-autofix/improvements.go:180.2,183.4 1 0
/home/runner/work/dagger-autofix/dagger-autofix/improvements.go:187.77,192.2 1 0
/home/runner/work/dagger-autofix/dagger-autofix/improvements.go:195.72,200.13 4 0
/home/runner/work/dagger-autofix/dagger-autofix/improvements.go:200.13,202.3 1 0
/home/runner/work/dagger-autofix/dagger-autofix/improvements.go:205.2,205.45 1 0
/home/runner/work/dagger-autofix/dagger-autofix/improvements.go:205.45,209.3 2 0
/home/runner/work/dagger-autofix/dagger-autofix/improvements.go:211.2,211.27 1 0
/home/runner/work/dagger-autofix/dagger-autofix/improvements.go:215.91,220.31 3 0
/home/runner/work/dagger-autofix/dagger-autofix/improvements.go:220.31,222.3 1 0
/home/runner/work/dagger-autofix/dagger-autofix/improvements.go:224.2,228.3 1 0
/home/runner/work/dagger-autofix/dagger-autofix/improvements.go:231.39,236.34 4 0
/home/runner/work/dagger-autofix/dagger-autofix/improvements.go:236.34,237.50 1 0
/home/runner/work/dagger-autofix/dagger-autofix/improvements.go:237.50,241.4 3 0
/home/runner/work/dagger-autofix/dagger-autofix/improvements.go:244.2,244.21 1 0
/home/runner/work/dagger-autofix/dagger-autofix/improvements.go:244.21,246.3 1 0
/home/runner/work/dagger-autofix/dagger-autofix/improvements.go:250.75,257.2 1 0
/home/runner/work/dagger-autofix/dagger-autofix/improvements.go:260.37,268.30 5 0
/home/runner/work/dagger-autofix/dagger-autofix/improvements.go:268.30,272.3 3 0
/home/runner/work/dagger-autofix/dagger-autofix/improvements.go:274.2,274.19 1 0
/home/runner/work/dagger-autofix/dagger-autofix/improvements.go:274.19,277.3 2 0
/home/runner/work/dagger-autofix/dagger-autofix/improvements.go:279.2,279.14 1 0
/home/runner/work/dagger-autofix/dagger-autofix/improvements.go:282.24,283.11 1 0
/home/runner/work/dagger-autofix/dagger-autofix/improvements.go:283.11,285.3 1 0
/home/runner/work/dagger-autofix/dagger-autofix/improvements.go:286.2,286.10 1 0
/home/runner/work/dagger-autofix/dagger-autofix/improvements.go:290.39,291.16 1 0
/home/runner/work/dagger-autofix/dagger-autofix/improvements.go:291.16,293.3 1 0
/home/runner/work/dagger-autofix/dagger-autofix/improvements.go:296.2,296.21 1 0
/home/runner/work/dagger-autofix/dagger-autofix/improvements.go:296.21,298.3 1 0
/home/runner/work/dagger-autofix/dagger-autofix/improvements.go:300.2,300.12 1 0
/home/runner/work/dagger-autofix/dagger-autofix/improvements.go:304.55,305.17 1 0
/home/runner/work/dagger-autofix/dagger-autofix/improvements.go:305.17,307.3 1 0
/home/runner/work/dagger-autofix/dagger-autofix/improvements.go:309.2,309.16 1 0
/home/runner/work/dagger-autofix/dagger-autofix/improvements.go:309.16,311.3 1 0
/home/runner/work/dagger-autofix/dagger-autofix/improvements.go:314.2,314.40 1 0
/home/runner/work/dagger-autofix/dagger-autofix/improvements.go:314.40,316.3 1 0
/home/runner/work/dagger-autofix/dagger-autofix/improvements.go:319.2,320.36 2 0
/home/runner/work/dagger-autofix/dagger-autofix/improvements.go:320.36,321.68 1 0
/home/runner/work/dagger-autofix/dagger-autofix/improvements.go:321.68,323.4 1 0
/home/runner/work/dagger-autofix/dagger-autofix/improvements.go:326.2,326.12 1 0
/home/runner/work/dagger-autofix/dagger-autofix/improvements.go:330.54,333.47 2 0
/home/runner/work/dagger-autofix/dagger-autofix/improvements.go:333.47,334.32 1 0
/home/runner/work/dagger-autofix/dagger-autofix/improvements.go:334.32,336.4 1 0
/home/runner/work/dagger-autofix/dagger-autofix/improvements.go:339.2,340.28 1 0
/home/runner/work/dagger-autofix/dagger-autofix/improvements.go:344.130,345.18 1 0
/home/runner/work/dagger-autofix/dagger-autofix/improvements.go:345.18,347.3 1 0
/home/runner/work/dagger-autofix/dagger-autofix/improvements.go:349.2,355.20 4 0
/home/runner/work/dagger-autofix/dagger-autofix/improvements.go:364.44,368.2 1 0
/home/runner/work/dagger-autofix/dagger-autofix/improvements.go:370.52,374.2 3 0
/home/runner/work/dagger-autofix/dagger-autofix/improvements.go:376.38,380.40 3 0
/home/runner/work/dagger-autofix/dagger-autofix/improvements.go:380.40,381.22 1 0
/home/runner/work/dagger-autofix/dagger-autofix/improvements.go:381.22,382.43 1 0
/home/runner/work/dagger-autofix/dagger-autofix/improvements.go:382.43,385.5 1 0
/home/runner/work/dagger-autofix/dagger-autofix/improvements.go:389.2,389.33 1 0
/home/runner/work/dagger-autofix/dagger-autofix/improvements.go:410.85,416.2 1 0
/home/runner/work/dagger-autofix/dagger-autofix/improvements.go:418.65,422.18 3 0
/home/runner/work/dagger-autofix/dagger-autofix/improvements.go:423.19,424.52 1 0
/home/runner/work/dagger-autofix/dagger-autofix/improvements.go:424.52,426.4 1 0
/home/runner/work/dagger-autofix/dagger-autofix/improvements.go:426.9,428.4 1 0
/home/runner/work/dagger-autofix/dagger-autofix/improvements.go:429.23,429.23 0 0
/home/runner/work/dagger-autofix/dagger-autofix/improvements.go:431.21,431.21 0 0
/home/runner/work/dagger-autofix/dagger-autofix/improvements.go:435.2,437.16 2 0
/home/runner/work/dagger-autofix/dagger-autofix/improvements.go:437.16,441.36 3 0
/home/runner/work/dagger-autofix/dagger-autofix/improvements.go:441.36,443.4 1 0
/home/runner/work/dagger-autofix/dagger-autofix/improvements.go:445.3,445.13 1 0
/home/runner/work/dagger-autofix/dagger-autofix/improvements.go:449.2,452.12 3 0
/home/runner/work/dagger-autofix/dagger-autofix/improvements.go:461.46,465.2 1 0
/home/runner/work/dagger-autofix/dagger-autofix/improvements.go:467.61,471.2 3 0
/home/runner/work/dagger-autofix/dagger-autofix/improvements.go:473.46,479.37 4 0
/home/runner/work/dagger-autofix/dagger-autofix/improvements.go:479.37,480.29 1 0
/home/runner/work/dagger-autofix/dagger-autofix/improvements.go:480.29,482.4 1 0
/home/runner/work/dagger-autofix/dagger-autofix/improvements.go:485.2,485.21 1 0
/home/runner/work/dagger-autofix/dagger-autofix/improvements.go:485.21,487.3 1 0
/home/runner/work/dagger-autofix/dagger-autofix/improvements.go:489.2,489.12 1 0
/home/runner/work/dagger-autofix/dagger-autofix/llm_client.go:90.105,95.15 3 0
/home/runner/work/dagger-autofix/dagger-autofix/llm_client.go:95.15,96.31 1 0
/home/runner/work/dagger-autofix/dagger-autofix/llm_client.go:96.31,100.4 2 0
/home/runner/work/dagger-autofix/dagger-autofix/llm_client.go:103.2,104.16 2 0
/home/runner/work/dagger-autofix/dagger-autofix/llm_client.go:104.16,106.3 1 0
/home/runner/work/dagger-autofix/dagger-autofix/llm_client.go:109.2,109.18 1 0
/home/runner/work/dagger-autofix/dagger-autofix/llm_client.go:110.14,111.40 1 0
/home/runner/work/dagger-autofix/dagger-autofix/llm_client.go:111.40,113.4 1 0
/home/runner/work/dagger-autofix/dagger-autofix/llm_client.go:116.2,131.51 4 0
/home/runner/work/dagger-autofix/dagger-autofix/llm_client.go:131.51,133.3 1 0
/home/runner/work/dagger-autofix/dagger-autofix/llm_client.go:135.2,135.20 1 0
/home/runner/work/dagger-autofix/dagger-autofix/llm_client.go:139.90,141.15 2 0
/home/runner/work/dagger-autofix/dagger-autofix/llm_client.go:141.15,147.3 1 0
/home/runner/work/dagger-autofix/dagger-autofix/llm_client.go:149.2,149.20 1 0
/home/runner/work/dagger-autofix/dagger-autofix/llm_client.go:150.14,151.36 1 0
/home/runner/work/dagger-autofix/dagger-autofix/llm_client.go:152.17,153.39 1 0
/home/runner/work/dagger-autofix/dagger-autofix/llm_client.go:154.14,155.36 1 0
/home/runner/work/dagger-autofix/dagger-autofix/llm_client.go:156.16,157.38 1 0
/home/runner/work/dagger-autofix/dagger-autofix/llm_client.go:158.15,159.37 1 0
/home/runner/work/dagger-autofix/dagger-autofix/llm_client.go:160.10,161.65 1 0
/home/runner/work/dagger-autofix/dagger-autofix/llm_client.go:166.56,169.2 2 0
/home/runner/work/dagger-autofix/dagger-autofix/llm_client.go:172.62,175.2 2 0
/home/runner/work/dagger-autofix/dagger-autofix/llm_client.go:178.58,181.2 2 0
/home/runner/work/dagger-autofix/dagger-autofix/llm_client.go:185.96,187.17 2 0
/home/runner/work/dagger-autofix/dagger-autofix/llm_client.go:187.17,189.3 1 0
/home/runner/work/dagger-autofix/dagger-autofix/llm_client.go:191.2,208.28 2 0
/home/runner/work/dagger-autofix/dagger-autofix/llm_client.go:208.28,210.38 2 0
/home/runner/work/dagger-autofix/dagger-autofix/llm_client.go:210.38,219.4 1 0
/home/runner/work/dagger-autofix/dagger-autofix/llm_client.go:220.3,221.34 2 0
/home/runner/work/dagger-autofix/dagger-autofix/llm_client.go:224.2,225.16 2 0
/home/runner/work/dagger-autofix/dagger-autofix/llm_client.go:225.16,227.3 1 0
/home/runner/work/dagger-autofix/dagger-autofix/llm_client.go:229.2,229.36 1 0
/home/runner/work/dagger-autofix/dagger-autofix/llm_client.go:232.99,234.17 2 0
/home/runner/work/dagger-autofix/dagger-autofix/llm_client.go:234.17,236.3 1 0
/home/runner/work/dagger-autofix/dagger-autofix/llm_client.go:238.2,250.29 2 0
/home/runner/work/dagger-autofix/dagger-autofix/llm_client.go:250.29,252.3 1 0
/home/runner/work/dagger-autofix/dagger-autofix/llm_client.go:254.2,255.16 2 0
/home/runner/work/dagger-autofix/dagger-autofix/llm_client.go:255.16,257.3 1 0
/home/runner/work/dagger-autofix/dagger-autofix/llm_client.go:259.2,259.39 1 0
/home/runner/work/dagger-autofix/dagger-autofix/llm_client.go:262.96,264.17 2 0
/home/runner/work/dagger-autofix/dagger-autofix/llm_client.go:264.17,266.3 1 0
/home/runner/work/dagger-autofix/dagger-autofix/llm_client.go:268.2,284.29 2 0
/home/runner/work/dagger-autofix/dagger-autofix/llm_client.go:284.29,292.3 1 0
/home/runner/work/dagger-autofix/dagger-autofix/llm_client.go:294.2,296.16 3 0
/home/runner/work/dagger-autofix/dagger-autofix/llm_client.go:296.16,298.3 1 0
/home/runner/work/dagger-autofix/dagger-autofix/llm_client.go:300.2,300.36 1 0
/home/runner/work/dagger-autofix/dagger-autofix/llm_client.go:303.98,306.2 1 0
/home/runner/work/dagger-autofix/dagger-autofix/llm_client.go:308.97,311.2 1 0
/home/runner/work/dagger-autofix/dagger-autofix/llm_client.go:315.128,317.16 2 0
/home/runner/work/dagger-autofix/dagger-autofix/llm_client.go:317.16,319.3 1 0
/home/runner/work/dagger-autofix/dagger-autofix/llm_client.go:321.2,321.62 1 0
/home/runner/work/dagger-autofix/dagger-autofix/llm_client.go:321.62,323.17 2 0
/home/runner/work/dagger-autofix/dagger-autofix/llm_client.go:323.17,325.4 1 0
/home/runner/work/dagger-autofix/dagger-autofix/llm_client.go:328.3,328.21 1 0
/home/runner/work/dagger-autofix/dagger-autofix/llm_client.go:329.34,331.54 2 0
/home/runner/work/dagger-autofix/dagger-autofix/llm_client.go:332.18,335.53 3 0
/home/runner/work/dagger-autofix/dagger-autofix/llm_client.go:336.15,341.46 5 0
/home/runner/work/dagger-autofix/dagger-autofix/llm_client.go:344.3,345.17 2 0
/home/runner/work/dagger-autofix/dagger-autofix/llm_client.go:345.17,347.4 1 0
/home/runner/work/dagger-autofix/dagger-autofix/llm_client.go:349.3,351.17 3 0
/home/runner/work/dagger-autofix/dagger-autofix/llm_client.go:351.17,353.4 1 0
/home/runner/work/dagger-autofix/dagger-autofix/llm_client.go:355.3,355.62 1 0
/home/runner/work/dagger-autofix/dagger-autofix/llm_client.go:355.62,358.12 2 0
/home/runner/work/dagger-autofix/dagger-autofix/llm_client.go:360.3,360.29 1 0
/home/runner/work/dagger-autofix/dagger-autofix/llm_client.go:360.29,362.4 1 0
/home/runner/work/dagger-autofix/dagger-autofix/llm_client.go:364.3,365.59 2 0
/home/runner/work/dagger-autofix/dagger-autofix/llm_client.go:365.59,367.4 1 0
/home/runner/work/dagger-autofix/dagger-autofix/llm_client.go:368.3,368.21 1 0
/home/runner/work/dagger-autofix/dagger-autofix/llm_client.go:371.2,371.56 1 0
/home/runner/work/dagger-autofix/dagger-autofix/llm_client.go:374.92,376.30 2 0
/home/runner/work/dagger-autofix/dagger-autofix/llm_client.go:376.30,378.3 1 0
/home/runner/work/dagger-autofix/dagger-autofix/llm_client.go:380.2,384.57 4 0
/home/runner/work/dagger-autofix/dagger-autofix/llm_client.go:384.57,386.3 1 0
/home/runner/work/dagger-autofix/dagger-autofix/llm_client.go:388.2,396.61 2 0
/home/runner/work/dagger-autofix/dagger-autofix/llm_client.go:396.61,402.3 1 0
/home/runner/work/dagger-autofix/dagger-autofix/llm_client.go:405.2,405.64 1 0
/home/runner/work/dagger-autofix/dagger-autofix/llm_client.go:405.64,406.32 1 0
/home/runner/work/dagger-autofix/dagger-autofix/llm_client.go:406.32,411.57 4 0
/home/runner/work/dagger-autofix/dagger-autofix/llm_client.go:411.57,412.66 1 0
/home/runner/work/dagger-autofix/dagger-autofix/llm_client.go:412.66,414.14 1 0
/home/runner/work/dagger-autofix/dagger-autofix/llm_client.go:418.4,422.6 1 0
/home/runner/work/dagger-autofix/dagger-autofix/llm_client.go:426.2,426.22 1 0
/home/runner/work/dagger-autofix/dagger-autofix/llm_client.go:429.95,431.30 2 0
/home/runner/work/dagger-autofix/dagger-autofix/llm_client.go:431.30,433.3 1 0
/home/runner/work/dagger-autofix/dagger-autofix/llm_client.go:435.2,446.61 4 0
/home/runner/work/dagger-autofix/dagger-autofix/llm_client.go:446.61,452.3 2 0
/home/runner/work/dagger-autofix/dagger-autofix/llm_client.go:454.2,454.22 1 0
/home/runner/work/dagger-autofix/dagger-autofix/llm_client.go:457.92,459.33 2 0
/home/runner/work/dagger-autofix/dagger-autofix/llm_client.go:459.33,461.3 1 0
/home/runner/work/dagger-autofix/dagger-autofix/llm_client.go:463.2,464.9 2 0
/home/runner/work/dagger-autofix/dagger-autofix/llm_client.go:464.9,466.3 1 0
/home/runner/work/dagger-autofix/dagger-autofix/llm_client.go:467.2,468.9 2 0
/home/runner/work/dagger-autofix/dagger-autofix/llm_client.go:468.9,470.3 1 0
/home/runner/work/dagger-autofix/dagger-autofix/llm_client.go:471.2,472.28 2 0
/home/runner/work/dagger-autofix/dagger-autofix/llm_client.go:472.28,474.3 1 0
/home/runner/work/dagger-autofix/dagger-autofix/llm_client.go:475.2,476.9 2 0
/home/runner/work/dagger-autofix/dagger-autofix/llm_client.go:476.9,478.3 1 0
/home/runner/work/dagger-autofix/dagger-autofix/llm_client.go:479.2,482.54 3 0
/home/runner/work/dagger-autofix/dagger-autofix/llm_client.go:482.54,484.3 1 0
/home/runner/work/dagger-autofix/dagger-autofix/llm_client.go:486.2,493.22 2 0
/home/runner/work/dagger-autofix/dagger-autofix/llm_client.go:496.63,505.2 3 0
/home/runner/work/dagger-autofix/dagger-autofix/llm_client.go:507.56,508.18 1 0
/home/runner/work/dagger-autofix/dagger-autofix/llm_client.go:509.14,516.4 1 0
/home/runner/work/dagger-autofix/dagger-autofix/llm_client.go:517.17,524.4 1 0
/home/runner/work/dagger-autofix/dagger-autofix/llm_client.go:525.14,532.4 1 0
/home/runner/work/dagger-autofix/dagger-autofix/llm_client.go:533.16,540.4 1 0
/home/runner/work/dagger-autofix/dagger-autofix/llm_client.go:541.15,548.4 1 0
/home/runner/work/dagger-autofix/dagger-autofix/llm_client.go:549.10,556.4 1 0
/home/runner/work/dagger-autofix/dagger-autofix/llm_client.go:560.54,561.18 1 0
/home/runner/work/dagger-autofix/dagger-autofix/llm_client.go:562.14,563.34 1 0
/home/runner/work/dagger-autofix/dagger-autofix/llm_client.go:564.17,565.37 1 0
/home/runner/work/dagger-autofix/dagger-autofix/llm_client.go:566.14,567.53 1 0
/home/runner/work/dagger-autofix/dagger-autofix/llm_client.go:568.16,569.36 1 0
/home/runner/work/dagger-autofix/dagger-autofix/llm_client.go:570.15,571.33 1 0
/home/runner/work/dagger-autofix/dagger-autofix/llm_client.go:572.10,573.34 1 0
/home/runner/work/dagger-autofix/dagger-autofix/main.go:40.54,46.41 5 0
/home/runner/work/dagger-autofix/dagger-autofix/main.go:46.41,48.3 1 0
/home/runner/work/dagger-autofix/dagger-autofix/main.go:48.8,48.23 1 0
/home/runner/work/dagger-autofix/dagger-autofix/main.go:48.23,51.3 1 0
/home/runner/work/dagger-autofix/dagger-autofix/main.go:53.2,59.3 1 0
/home/runner/work/dagger-autofix/dagger-autofix/main.go:63.77,66.2 2 0
/home/runner/work/dagger-autofix/dagger-autofix/main.go:69.78,72.2 2 0
/home/runner/work/dagger-autofix/dagger-autofix/main.go:75.96,79.2 3 0
/home/runner/work/dagger-autofix/dagger-autofix/main.go:82.75,86.2 3 0
/home/runner/work/dagger-autofix/dagger-autofix/main.go:89.72,92.2 2 0
/home/runner/work/dagger-autofix/dagger-autofix/main.go:95.70,98.2 2 0
/home/runner/work/dagger-autofix/dagger-autofix/main.go:101.81,102.50 1 0
/home/runner/work/dagger-autofix/dagger-autofix/main.go:102.50,104.3 1 0
/home/runner/work/dagger-autofix/dagger-autofix/main.go:107.2,108.16 2 0
/home/runner/work/dagger-autofix/dagger-autofix/main.go:108.16,110.3 1 0
/home/runner/work/dagger-autofix/dagger-autofix/main.go:111.2,115.16 3 0
/home/runner/work/dagger-autofix/dagger-autofix/main.go:115.16,117.3 1 0
/home/runner/work/dagger-autofix/dagger-autofix/main.go:118.2,130.15 6 0
/home/runner/work/dagger-autofix/dagger-autofix/main.go:134.69,135.27 1 0
/home/runner/work/dagger-autofix/dagger-autofix/main.go:135.27,137.3 1 0
/home/runner/work/dagger-autofix/dagger-autofix/main.go:139.2,144.6 4 0
/home/runner/work/dagger-autofix/dagger-autofix/main.go:144.6,145.10 1 0
/home/runner/work/dagger-autofix/dagger-autofix/main.go:146.21,148.20 2 0
/home/runner/work/dagger-autofix/dagger-autofix/main.go:149.19,150.50 1 0
/home/runner/work/dagger-autofix/dagger-autofix/main.go:150.50,152.5 1 0
/home/runner/work/dagger-autofix/dagger-autofix/main.go:158.106,159.28 1 0
/home/runner/work/dagger-autofix/dagger-autofix/main.go:159.28,161.3 1 0
/home/runner/work/dagger-autofix/dagger-autofix/main.go:163.2,167.16 3 0
/home/runner/work/dagger-autofix/dagger-autofix/main.go:167.16,169.3 1 0
/home/runner/work/dagger-autofix/dagger-autofix/main.go:172.2,173.16 2 0
/home/runner/work/dagger-autofix/dagger-autofix/main.go:173.16,175.3 1 0
/home/runner/work/dagger-autofix/dagger-autofix/main.go:178.2,186.16 2 0
/home/runner/work/dagger-autofix/dagger-autofix/main.go:186.16,188.3 1 0
/home/runner/work/dagger-autofix/dagger-autofix/main.go:190.2,195.22 2 0
/home/runner/work/dagger-autofix/dagger-autofix/main.go:199.91,200.46 1 0
/home/runner/work/dagger-autofix/dagger-autofix/main.go:200.46,202.3 1 0
/home/runner/work/dagger-autofix/dagger-autofix/main.go:204.2,208.16 3 0
/home/runner/work/dagger-autofix/dagger-autofix/main.go:208.16,210.3 1 0
/home/runner/work/dagger-autofix/dagger-autofix/main.go:213.2,214.16 2 0
/home/runner/work/dagger-autofix/dagger-autofix/main.go:214.16,216.3 1 0
/home/runner/work/dagger-autofix/dagger-autofix/main.go:219.2,220.28 2 0
/home/runner/work/dagger-autofix/dagger-autofix/main.go:220.28,222.17 2 0
/home/runner/work/dagger-autofix/dagger-autofix/main.go:222.17,224.12 2 0
/home/runner/work/dagger-autofix/dagger-autofix/main.go:226.3,226.60 1 0
/home/runner/work/dagger-autofix/dagger-autofix/main.go:229.2,229.33 1 0
/home/runner/work/dagger-autofix/dagger-autofix/main.go:229.33,231.3 1 0
/home/runner/work/dagger-autofix/dagger-autofix/main.go:234.2,238.16 3 0
/home/runner/work/dagger-autofix/dagger-autofix/main.go:238.16,240.3 1 0
/home/runner/work/dagger-autofix/dagger-autofix/main.go:242.2,254.20 3 0
/home/runner/work/dagger-autofix/dagger-autofix/main.go:258.106,259.25 1 0
/home/runner/work/dagger-autofix/dagger-autofix/main.go:259.25,261.3 1 0
/home/runner/work/dagger-autofix/dagger-autofix/main.go:263.2,268.16 4 0
/home/runner/work/dagger-autofix/dagger-autofix/main.go:268.16,270.3 1 0
/home/runner/work/dagger-autofix/dagger-autofix/main.go:271.2,275.16 3 0
/home/runner/work/dagger-autofix/dagger-autofix/main.go:275.16,277.3 1 0
/home/runner/work/dagger-autofix/dagger-autofix/main.go:279.2,292.24 3 0
/home/runner/work/dagger-autofix/dagger-autofix/main.go:296.86,297.34 1 0
/home/runner/work/dagger-autofix/dagger-autofix/main.go:297.34,299.3 1 0
/home/runner/work/dagger-autofix/dagger-autofix/main.go:300.2,300.27 1 0
/home/runner/work/dagger-autofix/dagger-autofix/main.go:300.27,302.3 1 0
/home/runner/work/dagger-autofix/dagger-autofix/main.go:303.2,309.8 1 0
/home/runner/work/dagger-autofix/dagger-autofix/main.go:313.61,315.15 1 0
/home/runner/work/dagger-autofix/dagger-autofix/main.go:315.15,316.31 1 0
/home/runner/work/dagger-autofix/dagger-autofix/main.go:316.31,320.4 1 0
/home/runner/work/dagger-autofix/dagger-autofix/main.go:325.2,333.18 2 0
/home/runner/work/dagger-autofix/dagger-autofix/main.go:338.55,339.26 1 0
/home/runner/work/dagger-autofix/dagger-autofix/main.go:339.26,341.3 1 0
/home/runner/work/dagger-autofix/dagger-autofix/main.go:342.2,342.43 1 0
/home/runner/work/dagger-autofix/dagger-autofix/main.go:342.43,344.3 1 0
/home/runner/work/dagger-autofix/dagger-autofix/main.go:345.2,345.24 1 0
/home/runner/work/dagger-autofix/dagger-autofix/main.go:345.24,347.3 1 0
/home/runner/work/dagger-autofix/dagger-autofix/main.go:348.2,348.12 1 0
/home/runner/work/dagger-autofix/dagger-autofix/main.go:351.51,352.75 1 0
/home/runner/work/dagger-autofix/dagger-autofix/main.go:352.75,354.3 1 0
/home/runner/work/dagger-autofix/dagger-autofix/main.go:355.2,355.12 1 0
/home/runner/work/dagger-autofix/dagger-autofix/main.go:358.69,360.16 2 0
/home/runner/work/dagger-autofix/dagger-autofix/main.go:360.16,362.3 1 0
/home/runner/work/dagger-autofix/dagger-autofix/main.go:364.2,364.33 1 0
/home/runner/work/dagger-autofix/dagger-autofix/main.go:364.33,365.31 1 0
/home/runner/work/dagger-autofix/dagger-autofix/main.go:365.31,366.12 1 0
/home/runner/work/dagger-autofix/dagger-autofix/main.go:369.3,369.24 1 0
/home/runner/work/dagger-autofix/dagger-autofix/main.go:369.24,370.51 1 0
/home/runner/work/dagger-autofix/dagger-autofix/main.go:370.51,372.5 1 0
/home/runner/work/dagger-autofix/dagger-autofix/main.go:376.2,376.12 1 0
/home/runner/work/dagger-autofix/dagger-autofix/main.go:379.65,384.2 1 0
/home/runner/work/dagger-autofix/dagger-autofix/main.go:386.96,388.41 2 0
/home/runner/work/dagger-autofix/dagger-autofix/main.go:388.41,389.24 1 0
/home/runner/work/dagger-autofix/dagger-autofix/main.go:389.24,390.12 1 0
/home/runner/work/dagger-autofix/dagger-autofix/main.go:392.3,392.69 1 0
/home/runner/work/dagger-autofix/dagger-autofix/main.go:392.69,394.4 1 0
/home/runner/work/dagger-autofix/dagger-autofix/main.go:396.2,396.13 1 0
/home/runner/work/dagger-autofix/dagger-autofix/pull_request_engine.go:46.102,52.2 1 0
/home/runner/work/dagger-autofix/dagger-autofix/pull_request_engine.go:55.143,56.16 1 0
/home/runner/work/dagger-autofix/dagger-autofix/pull_request_engine.go:56.16,58.3 1 0
/home/runner/work/dagger-autofix/dagger-autofix/pull_request_engine.go:60.2,69.73 3 0
/home/runner/work/dagger-autofix/dagger-autofix/pull_request_engine.go:69.73,71.3 1 0
/home/runner/work/dagger-autofix/dagger-autofix/pull_request_engine.go:74.2,79.16 4 0
/home/runner/work/dagger-autofix/dagger-autofix/pull_request_engine.go:79.16,81.3 1 0
/home/runner/work/dagger-autofix/dagger-autofix/pull_request_engine.go:84.2,84.64 1 0
/home/runner/work/dagger-autofix/dagger-autofix/pull_request_engine.go:84.64,86.3 1 0
/home/runner/work/dagger-autofix/dagger-autofix/pull_request_engine.go:88.2,94.16 2 0
/home/runner/work/dagger-autofix/dagger-autofix/pull_request_engine.go:98.148,103.16 3 0
/home/runner/work/dagger-autofix/dagger-autofix/pull_request_engine.go:103.16,105.3 1 0
/home/runner/work/dagger-autofix/dagger-autofix/pull_request_engine.go:107.2,112.16 2 0
/home/runner/work/dagger-autofix/dagger-autofix/pull_request_engine.go:116.123,121.16 3 0
/home/runner/work/dagger-autofix/dagger-autofix/pull_request_engine.go:121.16,123.3 1 0
/home/runner/work/dagger-autofix/dagger-autofix/pull_request_engine.go:126.2,132.16 3 0
/home/runner/work/dagger-autofix/dagger-autofix/pull_request_engine.go:132.16,134.3 1 0
/home/runner/work/dagger-autofix/dagger-autofix/pull_request_engine.go:137.2,137.29 1 0
/home/runner/work/dagger-autofix/dagger-autofix/pull_request_engine.go:137.29,138.164 1 0
/home/runner/work/dagger-autofix/dagger-autofix/pull_request_engine.go:138.164,140.4 1 0
/home/runner/work/dagger-autofix/dagger-autofix/pull_request_engine.go:143.2,154.8 1 0
/home/runner/work/dagger-autofix/dagger-autofix/pull_request_engine.go:158.93,171.16 5 0
/home/runner/work/dagger-autofix/dagger-autofix/pull_request_engine.go:171.16,173.3 1 0
/home/runner/work/dagger-autofix/dagger-autofix/pull_request_engine.go:176.2,180.148 2 0
/home/runner/work/dagger-autofix/dagger-autofix/pull_request_engine.go:180.148,182.3 1 0
/home/runner/work/dagger-autofix/dagger-autofix/pull_request_engine.go:184.2,184.12 1 0
/home/runner/work/dagger-autofix/dagger-autofix/pull_request_engine.go:188.98,190.16 2 0
/home/runner/work/dagger-autofix/dagger-autofix/pull_request_engine.go:190.16,192.3 1 0
/home/runner/work/dagger-autofix/dagger-autofix/pull_request_engine.go:195.2,196.16 2 0
/home/runner/work/dagger-autofix/dagger-autofix/pull_request_engine.go:196.16,198.3 1 0
/home/runner/work/dagger-autofix/dagger-autofix/pull_request_engine.go:200.2,201.31 2 0
/home/runner/work/dagger-autofix/dagger-autofix/pull_request_engine.go:201.31,203.3 1 0
/home/runner/work/dagger-autofix/dagger-autofix/pull_request_engine.go:205.2,216.8 1 0
/home/runner/work/dagger-autofix/dagger-autofix/pull_request_engine.go:221.106,225.2 3 0
/home/runner/work/dagger-autofix/dagger-autofix/pull_request_engine.go:227.110,232.16 3 0
/home/runner/work/dagger-autofix/dagger-autofix/pull_request_engine.go:232.16,234.3 1 0
/home/runner/work/dagger-autofix/dagger-autofix/pull_request_engine.go:237.2,245.16 3 0
/home/runner/work/dagger-autofix/dagger-autofix/pull_request_engine.go:245.16,247.3 1 0
/home/runner/work/dagger-autofix/dagger-autofix/pull_request_engine.go:250.2,250.33 1 0
/home/runner/work/dagger-autofix/dagger-autofix/pull_request_engine.go:250.33,251.64 1 0
/home/runner/work/dagger-autofix/dagger-autofix/pull_request_engine.go:251.64,254.4 1 0
/home/runner/work/dagger-autofix/dagger-autofix/pull_request_engine.go:257.2,257.12 1 0
/home/runner/work/dagger-autofix/dagger-autofix/pull_request_engine.go:260.102,267.26 2 0
/home/runner/work/dagger-autofix/dagger-autofix/pull_request_engine.go:268.13,269.43 1 0
/home/runner/work/dagger-autofix/dagger-autofix/pull_request_engine.go:270.16,271.43 1 0
/home/runner/work/dagger-autofix/dagger-autofix/pull_request_engine.go:272.16,273.43 1 0
/home/runner/work/dagger-autofix/dagger-autofix/pull_request_engine.go:274.10,275.63 1 0
/home/runner/work/dagger-autofix/dagger-autofix/pull_request_engine.go:279.101,288.2 3 0
/home/runner/work/dagger-autofix/dagger-autofix/pull_request_engine.go:290.101,295.16 2 0
/home/runner/work/dagger-autofix/dagger-autofix/pull_request_engine.go:295.16,297.3 1 0
/home/runner/work/dagger-autofix/dagger-autofix/pull_request_engine.go:299.2,307.12 3 0
/home/runner/work/dagger-autofix/dagger-autofix/pull_request_engine.go:310.101,315.16 2 0
/home/runner/work/dagger-autofix/dagger-autofix/pull_request_engine.go:315.16,317.3 1 0
/home/runner/work/dagger-autofix/dagger-autofix/pull_request_engine.go:319.2,326.12 3 0
/home/runner/work/dagger-autofix/dagger-autofix/pull_request_engine.go:329.125,348.2 4 0
/home/runner/work/dagger-autofix/dagger-autofix/pull_request_engine.go:350.103,356.2 4 0
/home/runner/work/dagger-autofix/dagger-autofix/pull_request_engine.go:358.110,372.32 10 0
/home/runner/work/dagger-autofix/dagger-autofix/pull_request_engine.go:372.32,374.3 1 0
/home/runner/work/dagger-autofix/dagger-autofix/pull_request_engine.go:377.2,382.29 5 0
/home/runner/work/dagger-autofix/dagger-autofix/pull_request_engine.go:382.29,384.3 1 0
/home/runner/work/dagger-autofix/dagger-autofix/pull_request_engine.go:387.2,387.30 1 0
/home/runner/work/dagger-autofix/dagger-autofix/pull_request_engine.go:387.30,389.42 2 0
/home/runner/work/dagger-autofix/dagger-autofix/pull_request_engine.go:389.42,392.4 2 0
/home/runner/work/dagger-autofix/dagger-autofix/pull_request_engine.go:393.3,393.25 1 0
/home/runner/work/dagger-autofix/dagger-autofix/pull_request_engine.go:397.2,403.28 5 0
/home/runner/work/dagger-autofix/dagger-autofix/pull_request_engine.go:403.28,405.38 2 0
/home/runner/work/dagger-autofix/dagger-autofix/pull_request_engine.go:405.38,407.4 1 0
/home/runner/work/dagger-autofix/dagger-autofix/pull_request_engine.go:408.3,408.25 1 0
/home/runner/work/dagger-autofix/dagger-autofix/pull_request_engine.go:411.2,411.31 1 0
/home/runner/work/dagger-autofix/dagger-autofix/pull_request_engine.go:411.31,413.44 2 0
/home/runner/work/dagger-autofix/dagger-autofix/pull_request_engine.go:413.44,415.4 1 0
/home/runner/work/dagger-autofix/dagger-autofix/pull_request_engine.go:416.3,416.25 1 0
/home/runner/work/dagger-autofix/dagger-autofix/pull_request_engine.go:420.2,429.22 8 0
/home/runner/work/dagger-autofix/dagger-autofix/pull_request_engine.go:432.106,441.42 2 0
/home/runner/work/dagger-autofix/dagger-autofix/pull_request_engine.go:442.16,443.47 1 0
/home/runner/work/dagger-autofix/dagger-autofix/pull_request_engine.go:444.12,445.43 1 0
/home/runner/work/dagger-autofix/dagger-autofix/pull_request_engine.go:446.14,447.45 1 0
/home/runner/work/dagger-autofix/dagger-autofix/pull_request_engine.go:448.11,449.42 1 0
/home/runner/work/dagger-autofix/dagger-autofix/pull_request_engine.go:453.2,453.26 1 0
/home/runner/work/dagger-autofix/dagger-autofix/pull_request_engine.go:453.26,455.3 1 0
/home/runner/work/dagger-autofix/dagger-autofix/pull_request_engine.go:455.8,455.33 1 0
/home/runner/work/dagger-autofix/dagger-autofix/pull_request_engine.go:455.33,457.3 1 0
/home/runner/work/dagger-autofix/dagger-autofix/pull_request_engine.go:457.8,459.3 1 0
/home/runner/work/dagger-autofix/dagger-autofix/pull_request_engine.go:461.2,461.15 1 0
/home/runner/work/dagger-autofix/dagger-autofix/pull_request_engine.go:464.118,474.16 3 0
/home/runner/work/dagger-autofix/dagger-autofix/pull_request_engine.go:474.16,476.3 1 0
/home/runner/work/dagger-autofix/dagger-autofix/pull_request_engine.go:479.2,479.29 1 0
/home/runner/work/dagger-autofix/dagger-autofix/pull_request_engine.go:479.29,480.165 1 0
/home/runner/work/dagger-autofix/dagger-autofix/pull_request_engine.go:480.165,482.4 1 0
/home/runner/work/dagger-autofix/dagger-autofix/pull_request_engine.go:486.2,486.32 1 0
/home/runner/work/dagger-autofix/dagger-autofix/pull_request_engine.go:486.32,490.173 2 0
/home/runner/work/dagger-autofix/dagger-autofix/pull_request_engine.go:490.173,492.4 1 0
/home/runner/work/dagger-autofix/dagger-autofix/pull_request_engine.go:496.2,496.32 1 0
/home/runner/work/dagger-autofix/dagger-autofix/pull_request_engine.go:496.32,497.164 1 0
/home/runner/work/dagger-autofix/dagger-autofix/pull_request_engine.go:497.164,499.4 1 0
/home/runner/work/dagger-autofix/dagger-autofix/pull_request_engine.go:502.2,513.8 1 0
/home/runner/work/dagger-autofix/dagger-autofix/pull_request_engine.go:516.146,550.2 4 0
/home/runner/work/dagger-autofix/dagger-autofix/pull_request_engine.go:554.33,555.7 1 0
/home/runner/work/dagger-autofix/dagger-autofix/pull_request_engine.go:555.7,557.3 1 0
/home/runner/work/dagger-autofix/dagger-autofix/pull_request_engine.go:558.2,558.14 1 0
/home/runner/work/dagger-autofix/dagger-autofix/pull_request_engine.go:561.50,562.22 1 0
/home/runner/work/dagger-autofix/dagger-autofix/pull_request_engine.go:562.22,564.3 1 0
/home/runner/work/dagger-autofix/dagger-autofix/pull_request_engine.go:565.2,565.27 1 0
/home/runner/work/dagger-autofix/dagger-autofix/pull_request_engine.go:568.37,587.2 1 0
/home/runner/work/dagger-autofix/dagger-autofix/test_engine.go:52.72,59.2 1 0
/home/runner/work/dagger-autofix/dagger-autofix/test_engine.go:62.101,72.16 4 0
/home/runner/work/dagger-autofix/dagger-autofix/test_engine.go:72.16,74.3 1 0
/home/runner/work/dagger-autofix/dagger-autofix/test_engine.go:77.2,78.16 2 0
/home/runner/work/dagger-autofix/dagger-autofix/test_engine.go:78.16,80.3 1 0
/home/runner/work/dagger-autofix/dagger-autofix/test_engine.go:82.2,86.16 3 0
/home/runner/work/dagger-autofix/dagger-autofix/test_engine.go:86.16,88.3 1 0
/home/runner/work/dagger-autofix/dagger-autofix/test_engine.go:91.2,92.16 2 0
/home/runner/work/dagger-autofix/dagger-autofix/test_engine.go:92.16,104.3 1 0
/home/runner/work/dagger-autofix/dagger-autofix/test_engine.go:107.2,108.16 2 0
/home/runner/work/dagger-autofix/dagger-autofix/test_engine.go:108.16,121.3 1 0
/home/runner/work/dagger-autofix/dagger-autofix/test_engine.go:124.2,125.16 2 0
/home/runner/work/dagger-autofix/dagger-autofix/test_engine.go:125.16,128.3 2 0
/home/runner/work/dagger-autofix/dagger-autofix/test_engine.go:131.2,151.26 3 0
/home/runner/work/dagger-autofix/dagger-autofix/test_engine.go:151.26,153.3 1 0
/home/runner/work/dagger-autofix/dagger-autofix/test_engine.go:155.2,155.54 1 0
/home/runner/work/dagger-autofix/dagger-autofix/test_engine.go:155.54,157.3 1 0
/home/runner/work/dagger-autofix/dagger-autofix/test_engine.go:159.2,167.20 2 0
/home/runner/work/dagger-autofix/dagger-autofix/test_engine.go:171.96,172.48 1 0
/home/runner/work/dagger-autofix/dagger-autofix/test_engine.go:172.48,174.3 1 0
/home/runner/work/dagger-autofix/dagger-autofix/test_engine.go:175.2,175.12 1 0
/home/runner/work/dagger-autofix/dagger-autofix/test_engine.go:179.132,185.18 3 0
/home/runner/work/dagger-autofix/dagger-autofix/test_engine.go:186.15,187.66 1 0
/home/runner/work/dagger-autofix/dagger-autofix/test_engine.go:188.21,189.69 1 0
/home/runner/work/dagger-autofix/dagger-autofix/test_engine.go:190.24,191.72 1 0
/home/runner/work/dagger-autofix/dagger-autofix/test_engine.go:192.15,193.66 1 0
/home/runner/work/dagger-autofix/dagger-autofix/test_engine.go:197.2,204.19 3 0
/home/runner/work/dagger-autofix/dagger-autofix/test_engine.go:209.118,221.2 3 0
/home/runner/work/dagger-autofix/dagger-autofix/test_engine.go:223.112,227.29 2 0
/home/runner/work/dagger-autofix/dagger-autofix/test_engine.go:227.29,229.17 2 0
/home/runner/work/dagger-autofix/dagger-autofix/test_engine.go:229.17,231.4 1 0
/home/runner/work/dagger-autofix/dagger-autofix/test_engine.go:235.2,235.41 1 0
/home/runner/work/dagger-autofix/dagger-autofix/test_engine.go:238.73,239.18 1 0
/home/runner/work/dagger-autofix/dagger-autofix/test_engine.go:240.22,241.36 1 0
/home/runner/work/dagger-autofix/dagger-autofix/test_engine.go:242.16,243.36 1 0
/home/runner/work/dagger-autofix/dagger-autofix/test_engine.go:244.17,245.35 1 0
/home/runner/work/dagger-autofix/dagger-autofix/test_engine.go:246.26,247.36 1 0
/home/runner/work/dagger-autofix/dagger-autofix/test_engine.go:248.20,249.34 1 0
/home/runner/work/dagger-autofix/dagger-autofix/test_engine.go:250.23,251.33 1 0
/home/runner/work/dagger-autofix/dagger-autofix/test_engine.go:252.10,253.37 1 0
/home/runner/work/dagger-autofix/dagger-autofix/test_engine.go:257.125,258.33 1 0
/home/runner/work/dagger-autofix/dagger-autofix/test_engine.go:258.33,260.3 1 0
/home/runner/work/dagger-autofix/dagger-autofix/test_engine.go:262.2,265.48 2 0
/home/runner/work/dagger-autofix/dagger-autofix/test_engine.go:265.48,267.3 1 0
/home/runner/work/dagger-autofix/dagger-autofix/test_engine.go:269.2,270.16 2 0
/home/runner/work/dagger-autofix/dagger-autofix/test_engine.go:270.16,272.3 1 0
/home/runner/work/dagger-autofix/dagger-autofix/test_engine.go:274.2,274.20 1 0
/home/runner/work/dagger-autofix/dagger-autofix/test_engine.go:277.123,278.34 1 0
/home/runner/work/dagger-autofix/dagger-autofix/test_engine.go:278.34,280.3 1 0
/home/runner/work/dagger-autofix/dagger-autofix/test_engine.go:282.2,285.48 2 0
/home/runner/work/dagger-autofix/dagger-autofix/test_engine.go:285.48,287.3 1 0
/home/runner/work/dagger-autofix/dagger-autofix/test_engine.go:289.2,290.16 2 0
/home/runner/work/dagger-autofix/dagger-autofix/test_engine.go:290.16,292.3 1 0
/home/runner/work/dagger-autofix/dagger-autofix/test_engine.go:294.2,294.20 1 0
/home/runner/work/dagger-autofix/dagger-autofix/test_engine.go:297.127,301.48 2 0
/home/runner/work/dagger-autofix/dagger-autofix/test_engine.go:301.48,303.3 1 0
/home/runner/work/dagger-autofix/dagger-autofix/test_engine.go:305.2,306.16 2 0
/home/runner/work/dagger-autofix/dagger-autofix/test_engine.go:306.16,308.3 1 0
/home/runner/work/dagger-autofix/dagger-autofix/test_engine.go:310.2,310.20 1 0
/home/runner/work/dagger-autofix/dagger-autofix/test_engine.go:319.143,320.37 1 0
/home/runner/work/dagger-autofix/dagger-autofix/test_engine.go:320.37,322.3 1 0
/home/runner/work/dagger-autofix/dagger-autofix/test_engine.go:324.2,327.48 2 0
/home/runner/work/dagger-autofix/dagger-autofix/test_engine.go:327.48,329.3 1 0
/home/runner/work/dagger-autofix/dagger-autofix/test_engine.go:331.2,332.16 2 0
/home/runner/work/dagger-autofix/dagger-autofix/test_engine.go:332.16,334.3 1 0
/home/runner/work/dagger-autofix/dagger-autofix/test_engine.go:337.2,346.8 2 0
/home/runner/work/dagger-autofix/dagger-autofix/test_engine.go:356.89,361.29 3 0
/home/runner/work/dagger-autofix/dagger-autofix/test_engine.go:361.29,362.37 1 0
/home/runner/work/dagger-autofix/dagger-autofix/test_engine.go:362.37,364.71 2 0
/home/runner/work/dagger-autofix/dagger-autofix/test_engine.go:364.71,366.5 1 0
/home/runner/work/dagger-autofix/dagger-autofix/test_engine.go:366.10,366.78 1 0
/home/runner/work/dagger-autofix/dagger-autofix/test_engine.go:366.78,368.5 1 0
/home/runner/work/dagger-autofix/dagger-autofix/test_engine.go:368.10,368.45 1 0
/home/runner/work/dagger-autofix/dagger-autofix/test_engine.go:368.45,370.5 1 0
/home/runner/work/dagger-autofix/dagger-autofix/test_engine.go:374.2,374.14 1 0
/home/runner/work/dagger-autofix/dagger-autofix/test_engine.go:377.91,380.29 2 0
/home/runner/work/dagger-autofix/dagger-autofix/test_engine.go:380.29,381.34 1 0
/home/runner/work/dagger-autofix/dagger-autofix/test_engine.go:381.34,383.42 1 0
/home/runner/work/dagger-autofix/dagger-autofix/test_engine.go:383.42,385.5 1 0
/home/runner/work/dagger-autofix/dagger-autofix/test_engine.go:388.2,388.12 1 0
/home/runner/work/dagger-autofix/dagger-autofix/test_engine.go:391.103,395.37 2 0
/home/runner/work/dagger-autofix/dagger-autofix/test_engine.go:395.37,396.64 1 0
/home/runner/work/dagger-autofix/dagger-autofix/test_engine.go:396.64,404.4 1 0
/home/runner/work/dagger-autofix/dagger-autofix/test_engine.go:407.2,407.14 1 0
/home/runner/work/dagger-autofix/dagger-autofix/test_engine.go:410.106,418.2 1 0
/home/runner/work/dagger-autofix/dagger-autofix/test_engine.go:420.109,428.2 1 0
/home/runner/work/dagger-autofix/dagger-autofix/test_engine.go:430.103,438.2 1 0
/home/runner/work/dagger-autofix/dagger-autofix/test_engine.go:440.106,448.2 1 0
/home/runner/work/dagger-autofix/dagger-autofix/test_engine.go:452.53,539.2 1 0
/home/runner/work/dagger-autofix/dagger-autofix/test_engine.go:541.51,580.2 1 0
/home/runner/work/dagger-autofix/dagger-autofix/test_helpers.go:8.58,9.16 1 0
/home/runner/work/dagger-autofix/dagger-autofix/test_helpers.go:9.16,11.3 1 0
/home/runner/work/dagger-autofix/dagger-autofix/test_helpers.go:14.2,14.25 1 0
/home/runner/work/dagger-autofix/dagger-autofix/test_helpers.go:19.46,20.16 1 0
/home/runner/work/dagger-autofix/dagger-autofix/test_helpers.go:20.16,22.3 1 0
/home/runner/work/dagger-autofix/dagger-autofix/test_helpers.go:23.2,23.12 1 0
/home/runner/work/dagger-autofix/dagger-autofix/types.go:256.118,261.15 3 0
/home/runner/work/dagger-autofix/dagger-autofix/types.go:261.15,262.31 1 0
/home/runner/work/dagger-autofix/dagger-autofix/types.go:262.31,266.4 2 0
/home/runner/work/dagger-autofix/dagger-autofix/types.go:269.2,270.16 2 0
/home/runner/work/dagger-autofix/dagger-autofix/types.go:270.16,272.3 1 0
/home/runner/work/dagger-autofix/dagger-autofix/types.go:275.2,275.129 1 0
/home/runner/work/dagger-autofix/dagger-autofix/types.go:275.129,277.3 1 0
/home/runner/work/dagger-autofix/dagger-autofix/types.go:279.2,290.8 4 0
/home/runner/work/dagger-autofix/dagger-autofix/types.go:294.100,296.16 2 0
/home/runner/work/dagger-autofix/dagger-autofix/types.go:296.16,298.3 1 0
/home/runner/work/dagger-autofix/dagger-autofix/types.go:300.2,311.8 1 0
/home/runner/work/dagger-autofix/dagger-autofix/types.go:315.102,318.16 2 0
/home/runner/work/dagger-autofix/dagger-autofix/types.go:318.16,320.3 1 0
/home/runner/work/dagger-autofix/dagger-autofix/types.go:322.2,330.32 4 0
/home/runner/work/dagger-autofix/dagger-autofix/types.go:330.32,333.17 2 0
/home/runner/work/dagger-autofix/dagger-autofix/types.go:333.17,335.12 2 0
/home/runner/work/dagger-autofix/dagger-autofix/types.go:339.3,344.34 4 0
/home/runner/work/dagger-autofix/dagger-autofix/types.go:344.34,345.41 1 0
/home/runner/work/dagger-autofix/dagger-autofix/types.go:345.41,347.5 1 0
/home/runner/work/dagger-autofix/dagger-autofix/types.go:351.2,354.18 3 0
/home/runner/work/dagger-autofix/dagger-autofix/types.go:358.96,367.16 3 0
/home/runner/work/dagger-autofix/dagger-autofix/types.go:367.16,369.3 1 0
/home/runner/work/dagger-autofix/dagger-autofix/types.go:371.2,372.40 2 0
/home/runner/work/dagger-autofix/dagger-autofix/types.go:372.40,384.3 1 0
/home/runner/work/dagger-autofix/dagger-autofix/types.go:386.2,386.24 1 0
/home/runner/work/dagger-autofix/dagger-autofix/types.go:390.124,393.16 2 0
/home/runner/work/dagger-autofix/dagger-autofix/types.go:393.16,395.3 1 0
/home/runner/work/dagger-autofix/dagger-autofix/types.go:398.2,406.16 3 0
/home/runner/work/dagger-autofix/dagger-autofix/types.go:406.16,408.3 1 0
/home/runner/work/dagger-autofix/dagger-autofix/types.go:411.2,411.33 1 0
/home/runner/work/dagger-autofix/dagger-autofix/types.go:411.33,412.68 1 0
/home/runner/work/dagger-autofix/dagger-autofix/types.go:412.68,414.4 1 0
/home/runner/work/dagger-autofix/dagger-autofix/types.go:418.2,418.20 1 0
/home/runner/work/dagger-autofix/dagger-autofix/types.go:418.20,419.102 1 0
/home/runner/work/dagger-autofix/dagger-autofix/types.go:419.102,421.4 1 0
/home/runner/work/dagger-autofix/dagger-autofix/types.go:424.2,424.21 1 0
/home/runner/work/dagger-autofix/dagger-autofix/types.go:427.106,433.2 2 0
